TN:
SF:silo-core/common/SiloCoreContracts.sol
DA:36,5566
FN:36,SiloCoreDeployments.get
FNDA:5566,SiloCoreDeployments.get
DA:37,5566
DA:40,4
FN:40,SiloCoreDeployments.parseAddress
FNDA:4,SiloCoreDeployments.parseAddress
DA:41,4
DA:43,1
DA:44,1
DA:46,1
DA:48,1
DA:49,1
DA:51,1
DA:58,1
FN:58,SiloCoreDeployments._tryParseHexUintUncheckedBounds
FNDA:1,SiloCoreDeployments._tryParseHexUintUncheckedBounds
DA:63,1
DA:66,1
DA:67,1
DA:69,1
DA:70,1
DA:71,40
DA:72,40
DA:73,40
DA:77,40
DA:80,1
DA:83,40
FN:83,SiloCoreDeployments._tryParseChr
FNDA:40,SiloCoreDeployments._tryParseChr
DA:84,40
DA:92,40
BRDA:92,4,0,32
BRDA:92,4,1,-
DA:93,8
BRDA:93,5,0,4
BRDA:93,5,1,-
DA:94,4
BRDA:94,6,0,4
BRDA:94,6,1,-
DA:95,0
DA:98,40
DA:107,41
FN:107,SiloCoreDeployments._unsafeReadBytesOffset
FNDA:41,SiloCoreDeployments._unsafeReadBytesOffset
DA:110,41
FNF:5
FNH:5
LF:30
LH:29
BRF:6
BRH:3
end_of_record
TN:
SF:silo-core/contracts/Silo.sol
DA:40,526
FN:40,Silo.constructor
FNDA:526,Silo.constructor
DA:41,526
DA:50,90
FN:50,Silo.silo
FNDA:90,Silo.silo
DA:51,90
DA:55,42
FN:55,Silo.callOnBehalfOfSilo
FNDA:42,Silo.callOnBehalfOfSilo
DA:61,42
DA:65,1090
FN:65,Silo.initialize
FNDA:1090,Silo.initialize
DA:67,1090
DA:69,1052
DA:73,1159
FN:73,Silo.updateHooks
FNDA:1159,Silo.updateHooks
DA:74,1159
DA:75,1125
DA:79,180740
FN:79,Silo.config
FNDA:180740,Silo.config
DA:80,180740
DA:84,902751
FN:84,Silo.utilizationData
FNDA:902751,Silo.utilizationData
DA:85,902751
DA:89,53279
FN:89,Silo.getLiquidity
FNDA:53279,Silo.getLiquidity
DA:90,53279
DA:94,112700
FN:94,Silo.isSolvent
FNDA:112700,Silo.isSolvent
DA:95,112700
DA:99,588838
FN:99,Silo.getTotalAssetsStorage
FNDA:588838,Silo.getTotalAssetsStorage
DA:105,588838
DA:109,70
FN:109,Silo.getSiloStorage
FNDA:70,Silo.getSiloStorage
DA:121,70
DA:125,6942
FN:125,Silo.getCollateralAssets
FNDA:6942,Silo.getCollateralAssets
DA:126,6942
DA:130,77
FN:130,Silo.getDebtAssets
FNDA:77,Silo.getDebtAssets
DA:131,77
DA:135,399242
FN:135,Silo.getCollateralAndProtectedTotalsStorage
FNDA:399242,Silo.getCollateralAndProtectedTotalsStorage
DA:141,399242
DA:145,426552
FN:145,Silo.getCollateralAndDebtTotalsStorage
FNDA:426552,Silo.getCollateralAndDebtTotalsStorage
DA:151,426552
DA:157,297
FN:157,Silo.asset
FNDA:297,Silo.asset
DA:158,297
DA:162,297
FN:162,Silo.totalAssets
FNDA:297,Silo.totalAssets
DA:163,297
DA:169,1355
FN:169,Silo.convertToShares
FNDA:1355,Silo.convertToShares
DA:170,1355
DA:176,1098
FN:176,Silo.convertToAssets
FNDA:1098,Silo.convertToAssets
DA:177,1098
DA:181,368
FN:181,Silo.maxDeposit
FNDA:368,Silo.maxDeposit
DA:182,368
DA:186,525
FN:186,Silo.previewDeposit
FNDA:525,Silo.previewDeposit
DA:187,525
DA:191,32719
FN:191,Silo.deposit
FNDA:32719,Silo.deposit
DA:196,32719
DA:200,368
FN:200,Silo.maxMint
FNDA:368,Silo.maxMint
DA:201,368
DA:205,928
FN:205,Silo.previewMint
FNDA:928,Silo.previewMint
DA:206,928
DA:210,2224
FN:210,Silo.mint
FNDA:2224,Silo.mint
DA:211,2224
DA:220,3488
FN:220,Silo.maxWithdraw
FNDA:3488,Silo.maxWithdraw
DA:221,3488
DA:225,295
FN:225,Silo.previewWithdraw
FNDA:295,Silo.previewWithdraw
DA:226,295
DA:230,5535
FN:230,Silo.withdraw
FNDA:5535,Silo.withdraw
DA:235,5535
DA:246,1605
FN:246,Silo.maxRedeem
FNDA:1605,Silo.maxRedeem
DA:247,1605
DA:251,295
FN:251,Silo.previewRedeem
FNDA:295,Silo.previewRedeem
DA:252,295
DA:256,4426
FN:256,Silo.redeem
FNDA:4426,Silo.redeem
DA:261,4426
DA:272,4314
FN:272,Silo.convertToShares
FNDA:4314,Silo.convertToShares
DA:273,4314
DA:277,5373
FN:277,Silo.convertToAssets
FNDA:5373,Silo.convertToAssets
DA:278,5373
DA:282,1672
FN:282,Silo.previewDeposit
FNDA:1672,Silo.previewDeposit
DA:288,1672
DA:292,99708
FN:292,Silo.deposit
FNDA:99708,Silo.deposit
DA:297,99707
DA:306,741
FN:306,Silo.previewMint
FNDA:741,Silo.previewMint
DA:312,741
DA:316,710
FN:316,Silo.mint
FNDA:710,Silo.mint
DA:321,710
DA:330,609
FN:330,Silo.maxWithdraw
FNDA:609,Silo.maxWithdraw
DA:336,609
DA:340,2743
FN:340,Silo.previewWithdraw
FNDA:2743,Silo.previewWithdraw
DA:346,2743
DA:350,4814
FN:350,Silo.withdraw
FNDA:4814,Silo.withdraw
DA:355,4814
DA:366,873
FN:366,Silo.maxRedeem
FNDA:873,Silo.maxRedeem
DA:372,873
DA:376,14080
FN:376,Silo.previewRedeem
FNDA:14080,Silo.previewRedeem
DA:382,14080
DA:386,12502
FN:386,Silo.redeem
FNDA:12502,Silo.redeem
DA:391,12502
DA:402,11742
FN:402,Silo.maxBorrow
FNDA:11742,Silo.maxBorrow
DA:403,11742
DA:407,3579
FN:407,Silo.previewBorrow
FNDA:3579,Silo.previewBorrow
DA:408,3579
DA:410,3579
DA:412,3579
DA:418,30148
FN:418,Silo.borrow
FNDA:30148,Silo.borrow
DA:423,30148
DA:425,30148
DA:434,26634
DA:438,5606
FN:438,Silo.maxBorrowShares
FNDA:5606,Silo.maxBorrowShares
DA:439,5606
DA:443,2559
FN:443,Silo.previewBorrowShares
FNDA:2559,Silo.previewBorrowShares
DA:444,2559
DA:446,2559
DA:448,2559
DA:454,7446
FN:454,Silo.borrowShares
FNDA:7446,Silo.borrowShares
DA:459,7446
DA:461,7446
DA:470,5552
DA:474,9108
FN:474,Silo.maxBorrowSameAsset
FNDA:9108,Silo.maxBorrowSameAsset
DA:475,9108
DA:479,21222
FN:479,Silo.borrowSameAsset
FNDA:21222,Silo.borrowSameAsset
DA:484,21222
DA:486,21222
DA:495,17972
DA:499,50
FN:499,Silo.transitionCollateral
FNDA:50,Silo.transitionCollateral
DA:508,50
DA:510,50
DA:518,11
BRDA:518,0,0,6
BRDA:518,0,1,5
DA:519,6
DA:520,6
DA:522,5
DA:523,5
DA:528,55
FN:528,Silo.switchCollateralToThisSilo
FNDA:55,Silo.switchCollateralToThisSilo
DA:529,55
DA:530,18
DA:534,17901
FN:534,Silo.maxRepay
FNDA:17901,Silo.maxRepay
DA:535,17901
DA:539,2381
FN:539,Silo.previewRepay
FNDA:2381,Silo.previewRepay
DA:540,2381
DA:542,2381
DA:544,2381
DA:550,18858
FN:550,Silo.repay
FNDA:18858,Silo.repay
DA:555,18858
DA:557,18858
DA:564,18820
DA:568,6062
FN:568,Silo.maxRepayShares
FNDA:6062,Silo.maxRepayShares
DA:569,6062
DA:570,6062
DA:574,16675
FN:574,Silo.previewRepayShares
FNDA:16675,Silo.previewRepayShares
DA:575,16675
DA:577,16675
DA:579,16675
DA:585,5617
FN:585,Silo.repayShares
FNDA:5617,Silo.repayShares
DA:590,5617
DA:592,5617
DA:599,5582
DA:603,77
FN:603,Silo.maxFlashLoan
FNDA:77,Silo.maxFlashLoan
DA:604,77
DA:608,557
FN:608,Silo.flashFee
FNDA:557,Silo.flashFee
DA:609,557
DA:613,536
FN:613,Silo.flashLoan
FNDA:536,Silo.flashLoan
DA:618,536
DA:619,534
BRDA:619,1,0,534
DA:623,64864
FN:623,Silo.accrueInterest
FNDA:64864,Silo.accrueInterest
DA:624,64864
DA:628,310414
FN:628,Silo.accrueInterestForConfig
FNDA:310414,Silo.accrueInterestForConfig
DA:632,310414
BRDA:632,2,0,-
BRDA:632,2,1,310414
DA:634,310414
DA:638,43
FN:638,Silo.withdrawFees
FNDA:43,Silo.withdrawFees
DA:639,43
DA:640,43
DA:641,9
DA:644,7239
FN:644,Silo._totalAssets
FNDA:7239,Silo._totalAssets
DA:645,7239
DA:651,6471
FN:651,Silo._convertToAssets
FNDA:6471,Silo._convertToAssets
DA:652,6471
DA:654,6471
DA:656,6471
DA:665,5669
FN:665,Silo._convertToShares
FNDA:5669,Silo._convertToShares
DA:666,5669
DA:668,5669
DA:670,5669
DA:679,135360
FN:679,Silo._deposit
FNDA:135360,Silo._deposit
DA:689,135360
DA:693,135221
BRDA:693,3,0,118317
BRDA:693,3,1,16904
DA:694,118317
DA:696,16904
DA:700,27277
FN:700,Silo._withdraw
FNDA:27277,Silo._withdraw
DA:712,27277
DA:723,24217
BRDA:723,4,0,19173
BRDA:723,4,1,5044
DA:724,19173
DA:726,5044
DA:730,1669
FN:730,Silo._previewMint
FNDA:1669,Silo._previewMint
DA:736,1669
DA:738,1669
DA:740,1669
DA:742,1669
DA:747,2197
FN:747,Silo._previewDeposit
FNDA:2197,Silo._previewDeposit
DA:753,2197
DA:755,2197
DA:760,2197
DA:765,14375
FN:765,Silo._previewRedeem
FNDA:14375,Silo._previewRedeem
DA:769,14375
DA:771,14375
DA:776,14375
DA:781,3038
FN:781,Silo._previewWithdraw
FNDA:3038,Silo._previewWithdraw
DA:785,3038
DA:787,3038
DA:792,3038
DA:797,6575
FN:797,Silo._maxWithdraw
FNDA:6575,Silo._maxWithdraw
DA:803,6575
DA:806,64907
FN:806,Silo._accrueInterest
FNDA:64907,Silo._accrueInterest
DA:807,64907
DA:808,64907
DA:811,375321
FN:811,Silo._accrueInterestForAsset
FNDA:375321,Silo._accrueInterestForAsset
DA:816,375321
DA:817,375321
BRDA:817,5,0,54807
FNF:77
FNH:77
LF:207
LH:207
BRF:10
BRH:9
end_of_record
TN:
SF:silo-core/contracts/SiloConfig.sol
DA:83,2898
FN:83,SiloConfig.constructor
FNDA:2898,SiloConfig.constructor
DA:88,2898
DA:91,2898
BRDA:91,0,0,1
BRDA:91,0,1,2897
DA:93,2897
DA:94,2897
DA:95,2897
DA:99,2897
DA:100,2897
DA:102,2897
DA:103,2897
DA:104,2897
DA:106,2897
DA:107,2897
DA:109,2897
DA:111,2897
DA:112,2897
DA:113,2897
DA:114,2897
DA:115,2897
DA:117,2897
DA:121,2897
DA:122,2897
DA:124,2897
DA:125,2897
DA:126,2897
DA:128,2897
DA:129,2897
DA:131,2897
DA:133,2897
DA:134,2897
DA:135,2897
DA:136,2897
DA:137,2897
DA:139,2897
DA:143,132
FN:143,SiloConfig.setThisSiloAsCollateralSilo
FNDA:132,SiloConfig.setThisSiloAsCollateralSilo
DA:144,132
DA:145,131
DA:149,174
FN:149,SiloConfig.setOtherSiloAsCollateralSilo
FNDA:174,SiloConfig.setOtherSiloAsCollateralSilo
DA:150,174
DA:151,173
DA:155,277
FN:155,SiloConfig.onDebtTransfer
FNDA:277,SiloConfig.onDebtTransfer
DA:156,277
BRDA:156,1,0,5
BRDA:156,1,1,272
DA:158,272
DA:160,272
BRDA:160,2,0,1
BRDA:160,2,1,271
DA:162,271
BRDA:162,3,0,270
DA:163,270
DA:168,3
FN:168,SiloConfig.accrueInterestForSilo
FNDA:3,SiloConfig.accrueInterestForSilo
DA:169,3
DA:171,3
BRDA:171,4,0,1
BRDA:171,4,1,1
DA:172,1
DA:173,2
BRDA:173,5,0,1
BRDA:173,5,1,1
DA:174,1
DA:176,1
DA:179,2
DA:187,1
FN:187,SiloConfig.accrueInterestForBothSilos
FNDA:1,SiloConfig.accrueInterestForBothSilos
DA:188,1
DA:194,1
DA:202,546
FN:202,SiloConfig.getConfigsForSolvency
FNDA:546,SiloConfig.getConfigsForSolvency
DA:206,556
DA:208,556
DA:210,551
DA:212,551
DA:213,551
DA:218,11
FN:218,SiloConfig.getConfigsForWithdraw
FNDA:11,SiloConfig.getConfigsForWithdraw
DA:223,11
DA:224,10
DA:228,3
FN:228,SiloConfig.getConfigsForBorrow
FNDA:3,SiloConfig.getConfigsForBorrow
DA:234,3
DA:236,3
BRDA:236,7,0,1
BRDA:236,7,1,1
DA:237,1
DA:238,2
BRDA:238,8,0,1
BRDA:238,8,1,1
DA:239,1
DA:241,1
DA:244,2
DA:245,2
DA:249,456
FN:249,SiloConfig.getSilos
FNDA:456,SiloConfig.getSilos
DA:250,456
DA:254,684
FN:254,SiloConfig.getShareTokens
FNDA:684,SiloConfig.getShareTokens
DA:260,684
BRDA:260,9,0,228
BRDA:260,9,1,228
DA:261,228
DA:262,456
BRDA:262,10,0,228
BRDA:262,10,1,228
DA:263,228
DA:265,228
DA:270,684
FN:270,SiloConfig.getAssetForSilo
FNDA:684,SiloConfig.getAssetForSilo
DA:271,684
BRDA:271,11,0,228
BRDA:271,11,1,228
DA:272,228
DA:273,456
BRDA:273,12,0,228
BRDA:273,12,1,228
DA:274,228
DA:276,228
DA:281,684
FN:281,SiloConfig.getFeesWithAsset
FNDA:684,SiloConfig.getFeesWithAsset
DA:287,684
DA:288,684
DA:290,684
BRDA:290,13,0,228
BRDA:290,13,1,228
DA:291,228
DA:292,228
DA:293,456
BRDA:293,14,0,228
BRDA:293,14,1,228
DA:294,228
DA:295,228
DA:297,228
DA:302,914
FN:302,SiloConfig.getCollateralShareTokenAndAsset
FNDA:914,SiloConfig.getCollateralShareTokenAndAsset
DA:308,914
BRDA:308,15,0,456
BRDA:308,15,1,228
DA:309,456
DA:312,458
BRDA:312,16,0,456
BRDA:312,16,1,228
DA:313,456
DA:317,2
DA:322,457
FN:322,SiloConfig.getDebtShareTokenAndAsset
FNDA:457,SiloConfig.getDebtShareTokenAndAsset
DA:328,457
BRDA:328,17,0,228
BRDA:328,17,1,1
DA:329,228
DA:330,229
BRDA:330,18,0,228
BRDA:330,18,1,1
DA:331,228
DA:333,1
DA:338,1140
FN:338,SiloConfig.getConfig
FNDA:1140,SiloConfig.getConfig
DA:339,2246
BRDA:339,19,0,1038
BRDA:339,19,1,228
DA:340,1038
DA:341,1208
BRDA:341,20,0,980
BRDA:341,20,1,228
DA:342,980
DA:344,228
DA:349,7
FN:349,SiloConfig.hasDebtInOtherSilo
FNDA:7,SiloConfig.hasDebtInOtherSilo
DA:350,279
BRDA:350,21,0,143
BRDA:350,21,1,1
DA:351,143
DA:352,136
BRDA:352,22,0,135
BRDA:352,22,1,1
DA:353,135
DA:355,1
DA:360,4
FN:360,SiloConfig.getDebtSilo
FNDA:4,SiloConfig.getDebtSilo
DA:361,560
DA:362,560
DA:364,560
BRDA:364,23,0,1
BRDA:364,23,1,559
DA:365,559
DA:367,553
DA:370,1038
FN:370,SiloConfig._silo0ConfigData
FNDA:1038,SiloConfig._silo0ConfigData
DA:371,1038
DA:392,980
FN:392,SiloConfig._silo1ConfigData
FNDA:980,SiloConfig._silo1ConfigData
DA:393,980
DA:414,11
FN:414,SiloConfig._getDepositConfig
FNDA:11,SiloConfig._getDepositConfig
DA:415,11
BRDA:415,25,0,5
BRDA:415,25,1,1
DA:416,5
DA:425,6
BRDA:425,26,0,5
BRDA:425,26,1,1
DA:426,5
DA:436,1
DA:440,578
FN:440,SiloConfig._onlySiloOrTokenOrHookReceiver
FNDA:578,SiloConfig._onlySiloOrTokenOrHookReceiver
DA:441,578
DA:442,558
DA:443,552
DA:444,549
DA:445,549
DA:446,549
DA:447,546
DA:448,543
DA:449,540
DA:450,537
BRDA:450,27,0,537
DA:451,537
DA:455,306
FN:455,SiloConfig._onlySilo
FNDA:306,SiloConfig._onlySilo
DA:456,306
BRDA:456,28,0,2
BRDA:456,28,1,304
DA:459,1398
FN:459,SiloConfig._balanceOf
FNDA:1398,SiloConfig._balanceOf
DA:460,1398
FNF:24
FNH:24
LF:155
LH:155
BRF:52
BRH:52
end_of_record
TN:
SF:silo-core/contracts/SiloDeployer.sol
DA:26,526
FN:26,SiloDeployer.constructor
FNDA:526,SiloDeployer.constructor
DA:33,526
DA:34,526
DA:35,526
DA:36,526
DA:37,526
DA:41,527
FN:41,SiloDeployer.deploy
FNDA:527,SiloDeployer.deploy
DA:52,527
DA:54,527
DA:56,527
DA:58,526
DA:60,526
DA:68,526
DA:70,526
DA:76,526
FN:76,SiloDeployer._deploySiloConfig
FNDA:526,SiloDeployer._deploySiloConfig
DA:77,526
DA:79,526
DA:80,526
DA:82,526
DA:90,526
DA:91,526
DA:93,526
DA:94,526
DA:96,526
DA:102,526
DA:108,526
DA:114,526
DA:120,526
DA:127,527
FN:127,SiloDeployer._setUpIRMs
FNDA:527,SiloDeployer._setUpIRMs
DA:132,527
DA:133,527
DA:135,527
DA:136,527
DA:142,527
FN:142,SiloDeployer._createOracles
FNDA:527,SiloDeployer._createOracles
DA:143,527
DA:147,527
DA:151,527
DA:155,527
DA:162,2082
FN:162,SiloDeployer._createOracle
FNDA:2082,SiloDeployer._createOracle
DA:163,2082
DA:165,2082
DA:167,2082
DA:170,2
DA:172,2
BRDA:172,2,0,-
BRDA:172,2,1,2
DA:174,2
DA:180,527
FN:180,SiloDeployer._cloneHookReceiver
FNDA:527,SiloDeployer._cloneHookReceiver
DA:184,527
BRDA:184,3,0,1
BRDA:184,3,1,526
DA:189,526
BRDA:189,4,0,502
DA:190,502
DA:199,526
FN:199,SiloDeployer._initializeHookReceiver
FNDA:526,SiloDeployer._initializeHookReceiver
DA:204,526
BRDA:204,5,0,502
DA:205,502
FNF:8
FNH:8
LF:52
LH:52
BRF:6
BRH:5
end_of_record
TN:
SF:silo-core/contracts/SiloFactory.sol
DA:37,535
FN:37,SiloFactory.constructor
FNDA:535,SiloFactory.constructor
DA:42,535
DA:44,535
DA:46,535
DA:47,535
DA:49,535
DA:50,535
DA:51,535
DA:54,1325
FN:54,SiloFactory.daoFeeRange
FNDA:1325,SiloFactory.daoFeeRange
DA:55,1325
DA:59,531
FN:59,SiloFactory.createSilo
FNDA:531,SiloFactory.createSilo
DA:69,531
BRDA:69,0,0,4
BRDA:69,0,1,527
DA:77,527
DA:78,527
DA:80,527
DA:84,527
DA:86,527
DA:88,527
DA:89,527
DA:91,527
DA:99,527
DA:100,527
DA:102,527
DA:104,527
DA:105,527
DA:107,527
DA:109,527
DA:110,527
DA:112,527
BRDA:112,1,0,527
DA:113,527
DA:116,527
DA:127,1
FN:127,SiloFactory.burn
FNDA:1,SiloFactory.burn
DA:128,1
DA:132,263
FN:132,SiloFactory.setDaoFee
FNDA:263,SiloFactory.setDaoFee
DA:133,262
DA:137,777
FN:137,SiloFactory.setMaxDeployerFee
FNDA:777,SiloFactory.setMaxDeployerFee
DA:138,518
DA:142,777
FN:142,SiloFactory.setMaxFlashloanFee
FNDA:777,SiloFactory.setMaxFlashloanFee
DA:143,518
DA:147,777
FN:147,SiloFactory.setMaxLiquidationFee
FNDA:777,SiloFactory.setMaxLiquidationFee
DA:148,518
DA:152,804
FN:152,SiloFactory.setDaoFeeReceiver
FNDA:804,SiloFactory.setDaoFeeReceiver
DA:153,536
DA:157,804
FN:157,SiloFactory.setBaseURI
FNDA:804,SiloFactory.setBaseURI
DA:158,536
DA:159,536
DA:163,795
FN:163,SiloFactory.getNextSiloId
FNDA:795,SiloFactory.getNextSiloId
DA:164,795
DA:168,1356
FN:168,SiloFactory.getFeeReceivers
FNDA:1356,SiloFactory.getFeeReceivers
DA:169,1356
DA:170,1356
DA:174,35
FN:174,SiloFactory.validateSiloInitData
FNDA:35,SiloFactory.validateSiloInitData
DA:175,35
DA:179,271
FN:179,SiloFactory.tokenURI
FNDA:271,SiloFactory.tokenURI
DA:180,271
DA:182,270
DA:190,797
FN:190,SiloFactory._setDaoFee
FNDA:797,SiloFactory._setDaoFee
DA:191,797
BRDA:191,2,0,1
BRDA:191,2,1,796
DA:192,796
BRDA:192,3,0,1
BRDA:192,3,1,795
DA:193,795
BRDA:193,4,0,1
BRDA:193,4,1,794
DA:195,794
DA:196,794
DA:198,794
DA:201,1053
FN:201,SiloFactory._setMaxDeployerFee
FNDA:1053,SiloFactory._setMaxDeployerFee
DA:202,1053
BRDA:202,5,0,259
BRDA:202,5,1,794
DA:204,794
DA:206,794
DA:209,1053
FN:209,SiloFactory._setMaxFlashloanFee
FNDA:1053,SiloFactory._setMaxFlashloanFee
DA:210,1053
BRDA:210,6,0,259
BRDA:210,6,1,794
DA:212,794
DA:214,794
DA:217,1053
FN:217,SiloFactory._setMaxLiquidationFee
FNDA:1053,SiloFactory._setMaxLiquidationFee
DA:218,1053
BRDA:218,7,0,259
BRDA:218,7,1,794
DA:220,794
DA:222,794
DA:225,1071
FN:225,SiloFactory._setDaoFeeReceiver
FNDA:1071,SiloFactory._setDaoFeeReceiver
DA:226,1071
BRDA:226,8,0,268
BRDA:226,8,1,803
DA:228,803
DA:230,803
DA:233,527
FN:233,SiloFactory._cloneShareTokens
FNDA:527,SiloFactory._cloneShareTokens
DA:240,527
DA:241,527
DA:243,527
DA:247,527
DA:251,527
DA:252,527
DA:255,527
FN:255,SiloFactory._initializeShareTokens
FNDA:527,SiloFactory._initializeShareTokens
DA:259,527
DA:260,527
DA:263,527
DA:264,527
DA:266,527
DA:267,527
DA:270,527
DA:271,527
DA:273,527
DA:274,527
FNF:21
FNH:21
LF:97
LH:97
BRF:17
BRH:17
end_of_record
TN:
SF:silo-core/contracts/SiloLens.sol
DA:14,2
FN:14,SiloLens.getRawLiquidity
FNDA:2,SiloLens.getRawLiquidity
DA:15,2
DA:19,3
FN:19,SiloLens.getInterestRateModel
FNDA:3,SiloLens.getInterestRateModel
DA:20,3
DA:24,4
FN:24,SiloLens.getBorrowAPR
FNDA:4,SiloLens.getBorrowAPR
DA:25,4
DA:29,3
FN:29,SiloLens.getDepositAPR
FNDA:3,SiloLens.getDepositAPR
DA:30,3
DA:34,2
FN:34,SiloLens.getMaxLtv
FNDA:2,SiloLens.getMaxLtv
DA:35,2
DA:39,2
FN:39,SiloLens.getLt
FNDA:2,SiloLens.getLt
DA:40,2
DA:44,10057
FN:44,SiloLens.getLtv
FNDA:10057,SiloLens.getLtv
DA:45,10057
DA:49,5
FN:49,SiloLens.getFeesAndFeeReceivers
FNDA:5,SiloLens.getFeesAndFeeReceivers
DA:55,5
DA:59,9
FN:59,SiloLens.collateralBalanceOfUnderlying
FNDA:9,SiloLens.collateralBalanceOfUnderlying
DA:65,9
DA:69,5243
FN:69,SiloLens.collateralBalanceOfUnderlying
FNDA:5243,SiloLens.collateralBalanceOfUnderlying
DA:75,5243
DA:79,2
FN:79,SiloLens.debtBalanceOfUnderlying
FNDA:2,SiloLens.debtBalanceOfUnderlying
DA:80,2
DA:83,5243
FN:83,SiloLens.debtBalanceOfUnderlying
FNDA:5243,SiloLens.debtBalanceOfUnderlying
DA:89,5243
DA:93,8888
FN:93,SiloLens.maxLiquidation
FNDA:8888,SiloLens.maxLiquidation
DA:99,8888
DA:101,8888
DA:102,8888
FNF:13
FNH:13
LF:28
LH:28
BRF:0
BRH:0
end_of_record
TN:
SF:silo-core/contracts/incentives/SiloIncentivesController.sol
DA:30,28
FN:30,SiloIncentivesController.afterTokenTransfer
FNDA:28,SiloIncentivesController.afterTokenTransfer
DA:38,27
DA:40,27
BRDA:40,0,0,1
DA:41,1
DA:46,26
BRDA:46,1,0,24
BRDA:46,1,1,2
DA:49,24
DA:50,2
BRDA:50,2,0,1
DA:53,1
DA:59,26
BRDA:59,3,0,2
DA:61,2
DA:65,26
BRDA:65,4,0,25
DA:67,25
DA:71,26
DA:72,27
DA:74,27
BRDA:74,5,0,2
DA:75,2
DA:78,27
BRDA:78,6,0,26
DA:79,26
DA:85,18
FN:85,SiloIncentivesController.immediateDistribution
FNDA:18,SiloIncentivesController.immediateDistribution
DA:86,17
DA:88,16
DA:90,16
DA:92,16
DA:95,16
DA:97,16
DA:98,16
DA:102,16
DA:103,16
DA:104,16
DA:106,16
DA:109,16
DA:110,16
DA:111,16
DA:115,2
FN:115,SiloIncentivesController.rescueRewards
FNDA:2,SiloIncentivesController.rescueRewards
DA:116,1
DA:122,16
FN:122,SiloIncentivesController._getOrCreateImmediateDistributionProgram
FNDA:16,SiloIncentivesController._getOrCreateImmediateDistributionProgram
DA:127,16
DA:128,16
DA:130,16
BRDA:130,8,0,11
DA:131,11
DA:133,11
DA:134,11
DA:135,11
DA:136,11
DA:138,11
FNF:4
FNH:4
LF:45
LH:45
BRF:9
BRH:9
end_of_record
TN:
SF:silo-core/contracts/incentives/SiloIncentivesControllerFactory.sol
DA:13,32
FN:13,SiloIncentivesControllerFactory.create
FNDA:32,SiloIncentivesControllerFactory.create
DA:14,32
DA:16,32
DA:18,32
FNF:1
FNH:1
LF:4
LH:4
BRF:0
BRH:0
end_of_record
TN:
SF:silo-core/contracts/incentives/SiloIncentivesControllerGaugeLike.sol
DA:23,9
FN:23,SiloIncentivesControllerGaugeLike.constructor
FNDA:9,SiloIncentivesControllerGaugeLike.constructor
DA:28,9
BRDA:28,0,0,1
BRDA:28,0,1,8
DA:30,8
DA:34,2
FN:34,SiloIncentivesControllerGaugeLike.afterTokenTransfer
FNDA:2,SiloIncentivesControllerGaugeLike.afterTokenTransfer
DA:47,2
DA:53,4
FN:53,SiloIncentivesControllerGaugeLike.killGauge
FNDA:4,SiloIncentivesControllerGaugeLike.killGauge
DA:54,3
DA:55,3
DA:59,2
FN:59,SiloIncentivesControllerGaugeLike.unkillGauge
FNDA:2,SiloIncentivesControllerGaugeLike.unkillGauge
DA:60,1
DA:61,1
DA:66,2
FN:66,SiloIncentivesControllerGaugeLike.share_token
FNDA:2,SiloIncentivesControllerGaugeLike.share_token
DA:67,2
DA:72,6
FN:72,SiloIncentivesControllerGaugeLike.is_killed
FNDA:6,SiloIncentivesControllerGaugeLike.is_killed
DA:73,6
DA:76,38
FN:76,SiloIncentivesControllerGaugeLike._shareToken
FNDA:38,SiloIncentivesControllerGaugeLike._shareToken
DA:77,38
FNF:7
FNH:7
LF:17
LH:17
BRF:2
BRH:2
end_of_record
TN:
SF:silo-core/contracts/incentives/SiloIncentivesControllerGaugeLikeFactory.sol
DA:12,8
FN:12,SiloIncentivesControllerGaugeLikeFactory.createGaugeLike
FNDA:8,SiloIncentivesControllerGaugeLikeFactory.createGaugeLike
DA:17,8
DA:19,7
DA:21,7
FNF:1
FNH:1
LF:4
LH:4
BRF:0
BRH:0
end_of_record
TN:
SF:silo-core/contracts/incentives/base/BaseIncentivesController.sol
DA:26,4
FN:26,BaseIncentivesController.onlyAuthorizedClaimers
FNDA:4,BaseIncentivesController.onlyAuthorizedClaimers
DA:27,4
BRDA:27,0,0,1
DA:32,3
FN:32,BaseIncentivesController.inputsValidation
FNDA:3,BaseIncentivesController.inputsValidation
DA:33,3
BRDA:33,1,0,1
DA:34,2
BRDA:34,2,0,1
DA:42,25
FN:42,BaseIncentivesController.createIncentivesProgram
FNDA:25,BaseIncentivesController.createIncentivesProgram
DA:47,24
BRDA:47,3,0,1
BRDA:47,3,1,23
DA:48,23
BRDA:48,4,0,1
BRDA:48,4,1,22
DA:50,22
DA:54,4
FN:54,BaseIncentivesController.updateIncentivesProgram
FNDA:4,BaseIncentivesController.updateIncentivesProgram
DA:59,4
BRDA:59,5,0,1
BRDA:59,5,1,3
DA:61,3
DA:63,3
BRDA:63,6,0,1
BRDA:63,6,1,2
DA:65,2
DA:67,2
DA:69,2
DA:70,2
DA:72,2
DA:76,64
FN:76,BaseIncentivesController.getRewardsBalance
FNDA:64,BaseIncentivesController.getRewardsBalance
DA:82,64
DA:84,64
DA:86,64
DA:90,7
FN:90,BaseIncentivesController.getRewardsBalance
FNDA:7,BaseIncentivesController.getRewardsBalance
DA:96,7
DA:98,7
DA:100,7
DA:101,13
DA:103,13
DA:105,13
BRDA:105,7,0,7
BRDA:105,7,1,5
DA:106,7
DA:107,6
BRDA:107,8,0,1
DA:108,1
DA:111,12
DA:116,76
FN:116,BaseIncentivesController._getRewardsBalance
FNDA:76,BaseIncentivesController._getRewardsBalance
DA:122,76
DA:123,76
DA:127,36
FN:127,BaseIncentivesController.claimRewards
FNDA:36,BaseIncentivesController.claimRewards
DA:128,36
BRDA:128,9,0,-
DA:130,36
DA:131,36
DA:135,7
FN:135,BaseIncentivesController.claimRewards
FNDA:7,BaseIncentivesController.claimRewards
DA:140,7
BRDA:140,10,0,-
DA:142,7
DA:143,7
DA:144,7
DA:148,4
FN:148,BaseIncentivesController.claimRewardsOnBehalf
FNDA:4,BaseIncentivesController.claimRewardsOnBehalf
DA:155,1
DA:156,1
DA:157,1
DA:161,5
FN:161,BaseIncentivesController.setClaimer
FNDA:5,BaseIncentivesController.setClaimer
DA:162,4
DA:163,4
DA:167,1
FN:167,BaseIncentivesController.getClaimer
FNDA:1,BaseIncentivesController.getClaimer
DA:168,1
DA:172,3
FN:172,BaseIncentivesController.getUserUnclaimedRewards
FNDA:3,BaseIncentivesController.getUserUnclaimedRewards
DA:178,3
DA:179,3
DA:189,28
FN:189,BaseIncentivesController._handleAction
FNDA:28,BaseIncentivesController._handleAction
DA:195,28
DA:197,28
BRDA:197,11,0,3
DA:198,3
DA:199,3
DA:201,3
DA:216,44
FN:216,BaseIncentivesController._claimRewards
FNDA:44,BaseIncentivesController._claimRewards
DA:222,44
DA:223,57
DA:225,57
DA:227,57
BRDA:227,12,0,44
DA:228,44
BRDA:228,13,0,39
DA:229,39
DA:237,44
DA:239,44
DA:241,44
DA:251,44
DA:260,33
FN:260,BaseIncentivesController._createIncentiveProgram
FNDA:33,BaseIncentivesController._createIncentiveProgram
DA:263,33
DA:265,32
BRDA:265,14,0,1
BRDA:265,14,1,31
DA:266,31
BRDA:266,15,0,1
BRDA:266,15,1,30
DA:268,30
DA:269,30
DA:270,30
DA:271,30
DA:273,30
DA:281,8
FN:281,BaseIncentivesController._getProgramsIds
FNDA:8,BaseIncentivesController._getProgramsIds
DA:287,8
DA:289,8
DA:290,8
DA:300,44
FN:300,BaseIncentivesController._transferRewards
FNDA:44,BaseIncentivesController._transferRewards
DA:301,44
FNF:18
FNH:18
LF:89
LH:89
BRF:23
BRH:21
end_of_record
TN:
SF:silo-core/contracts/incentives/base/DistributionManager.sol
DA:32,28
FN:32,DistributionManager.onlyNotifier
FNDA:28,DistributionManager.onlyNotifier
DA:33,28
BRDA:33,0,0,1
DA:37,18
FN:37,DistributionManager.onlyNotifierOrOwner
FNDA:18,DistributionManager.onlyNotifierOrOwner
DA:38,18
BRDA:38,1,0,1
DA:44,48
FN:44,DistributionManager.constructor
FNDA:48,DistributionManager.constructor
DA:45,48
DA:49,5
FN:49,DistributionManager.setDistributionEnd
FNDA:5,DistributionManager.setDistributionEnd
DA:53,5
BRDA:53,2,0,1
BRDA:53,2,1,4
DA:55,4
DA:57,4
BRDA:57,3,0,-
BRDA:57,3,1,4
DA:59,4
DA:61,4
DA:63,4
DA:65,4
DA:69,1
FN:69,DistributionManager.getDistributionEnd
FNDA:1,DistributionManager.getDistributionEnd
DA:70,1
DA:71,1
DA:75,5
FN:75,DistributionManager.getUserData
FNDA:5,DistributionManager.getUserData
DA:82,5
DA:83,5
DA:87,13
FN:87,DistributionManager.incentivesProgram
FNDA:13,DistributionManager.incentivesProgram
DA:93,13
DA:95,13
DA:105,1
FN:105,DistributionManager.getAllProgramsNames
FNDA:1,DistributionManager.getAllProgramsNames
DA:106,1
DA:107,1
DA:109,1
DA:110,1
DA:115,0
FN:115,DistributionManager.getProgramId
FNDA:0,DistributionManager.getProgramId
DA:116,163
BRDA:116,4,0,1
BRDA:116,4,1,162
DA:118,162
DA:126,0
FN:126,DistributionManager.getProgramName
FNDA:0,DistributionManager.getProgramName
DA:127,138
DA:136,123
FN:136,DistributionManager._updateAssetStateInternal
FNDA:123,DistributionManager._updateAssetStateInternal
DA:140,123
DA:141,123
DA:142,123
DA:143,123
DA:145,123
BRDA:145,5,0,68
DA:146,68
DA:149,55
DA:153,55
BRDA:153,6,0,36
BRDA:153,6,1,19
DA:154,36
DA:155,36
DA:157,36
DA:159,19
DA:162,55
DA:173,85
FN:173,DistributionManager._updateUserAssetInternal
FNDA:85,DistributionManager._updateUserAssetInternal
DA:179,85
DA:180,85
DA:182,85
DA:184,85
BRDA:184,7,0,59
DA:185,59
BRDA:185,8,0,42
DA:186,42
DA:189,59
DA:191,59
DA:194,85
DA:202,36
FN:202,DistributionManager._accrueRewards
FNDA:36,DistributionManager._accrueRewards
DA:207,36
DA:216,44
FN:216,DistributionManager._accrueRewardsForPrograms
FNDA:44,DistributionManager._accrueRewardsForPrograms
DA:221,44
DA:222,44
DA:224,44
DA:226,44
DA:227,57
DA:231,57
FN:231,DistributionManager._accrueRewards
FNDA:57,DistributionManager._accrueRewards
DA:236,57
DA:243,57
DA:258,76
FN:258,DistributionManager._getUnclaimedRewards
FNDA:76,DistributionManager._getUnclaimedRewards
DA:264,76
DA:266,76
DA:274,76
DA:284,118
FN:284,DistributionManager._getRewards
FNDA:118,DistributionManager._getRewards
DA:289,118
DA:290,118
DA:303,131
FN:303,DistributionManager._getIncentivesProgramIndex
FNDA:131,DistributionManager._getIncentivesProgramIndex
DA:311,131
DA:312,97
DA:313,81
DA:314,62
DA:315,70
BRDA:315,9,0,70
DA:316,70
DA:319,61
DA:320,61
DA:322,61
DA:323,61
DA:324,61
DA:327,214
FN:327,DistributionManager._shareToken
FNDA:214,DistributionManager._shareToken
DA:328,214
DA:331,115
FN:331,DistributionManager._getScaledUserBalanceAndSupply
FNDA:115,DistributionManager._getScaledUserBalanceAndSupply
DA:337,115
DA:338,115
FNF:20
FNH:18
LF:92
LH:90
BRF:14
BRH:13
end_of_record
TN:
SF:silo-core/contracts/interestRateModel/InterestRateModelV2.sol
DA:81,3455
FN:81,InterestRateModelV2.initialize
FNDA:3455,InterestRateModelV2.initialize
DA:82,3455
BRDA:82,0,0,1
BRDA:82,0,1,3454
DA:83,3454
BRDA:83,1,0,1
BRDA:83,1,1,3453
DA:85,3453
DA:87,3453
DA:91,74150
FN:91,InterestRateModelV2.getCompoundInterestRateAndUpdate
FNDA:74150,InterestRateModelV2.getCompoundInterestRateAndUpdate
DA:102,74150
DA:104,74150
DA:106,74150
DA:107,74150
DA:109,74150
DA:117,74150
DA:119,74150
DA:123,74150
DA:129,1
FN:129,InterestRateModelV2.decimals
FNDA:1,InterestRateModelV2.decimals
DA:130,1
DA:134,903500
FN:134,InterestRateModelV2.getCompoundInterestRate
FNDA:903500,InterestRateModelV2.getCompoundInterestRate
DA:141,903500
DA:143,903500
DA:153,800
FN:153,InterestRateModelV2.overflowDetected
FNDA:800,InterestRateModelV2.overflowDetected
DA:160,800
DA:162,800
DA:172,806
FN:172,InterestRateModelV2.getCurrentInterestRate
FNDA:806,InterestRateModelV2.getCurrentInterestRate
DA:179,806
DA:181,806
DA:190,3
FN:190,InterestRateModelV2.getConfig
FNDA:3,InterestRateModelV2.getConfig
DA:191,979259
DA:192,979259
DA:195,285361
BRDA:195,2,0,285361
DA:196,285361
DA:197,285361
DA:202,803
FN:202,InterestRateModelV2.calculateCurrentInterestRate
FNDA:803,InterestRateModelV2.calculateCurrentInterestRate
DA:209,1609
BRDA:209,3,0,2
BRDA:209,3,1,1607
DA:211,1607
DA:213,1607
DA:221,1054
BRDA:221,4,0,1054
DA:222,1054
DA:228,553
DA:231,553
DA:232,553
DA:234,553
BRDA:234,5,0,383
BRDA:234,5,1,170
DA:236,383
DA:239,170
DA:243,553
DA:245,553
DA:247,553
DA:249,553
DA:250,553
DA:252,553
DA:256,1
FN:256,InterestRateModelV2.calculateCompoundInterestRate
FNDA:1,InterestRateModelV2.calculateCompoundInterestRate
DA:267,977651
DA:277,1861
FN:277,InterestRateModelV2.calculateCompoundInterestRateWithOverflowDetection
FNDA:1861,InterestRateModelV2.calculateCompoundInterestRateWithOverflowDetection
DA:289,981919
DA:290,981919
DA:293,981919
DA:295,981919
BRDA:295,6,0,1
BRDA:295,6,1,981918
DA:300,981918
DA:303,981918
DA:305,981918
DA:308,981918
DA:310,981918
BRDA:310,7,0,18660
BRDA:310,7,1,963258
DA:312,18660
DA:314,18660
DA:316,18660
DA:319,963258
DA:321,963258
DA:323,963258
DA:327,981918
DA:329,981918
DA:331,981918
DA:333,981918
DA:337,981918
BRDA:337,8,0,238774
BRDA:337,8,1,1
DA:340,238774
DA:341,743144
BRDA:341,9,0,533285
BRDA:341,9,1,1
DA:344,533285
DA:345,209859
BRDA:345,10,0,209858
BRDA:345,10,1,1
DA:348,209858
DA:352,1
DA:356,981918
DA:360,981918
DA:366,981918
DA:368,981918
DA:370,981918
BRDA:370,11,0,7276
DA:371,7276
DA:372,7276
DA:377,1310
FN:377,InterestRateModelV2.configOverflowCheck
FNDA:1310,InterestRateModelV2.configOverflowCheck
DA:378,1310
DA:379,1310
DA:380,1310
DA:382,1310
DA:385,1310
DA:386,1310
DA:387,1050
DA:388,1050
DA:389,1050
DA:390,1050
DA:391,1050
DA:392,1050
DA:393,1050
DA:397,1050
DA:398,1050
DA:399,1050
DA:400,1050
DA:402,1050
DA:408,982186
FN:408,InterestRateModelV2._calculateRComp
FNDA:982186,InterestRateModelV2._calculateRComp
DA:413,982186
DA:415,982186
BRDA:415,12,0,2225
BRDA:415,12,1,379994
DA:416,2225
DA:419,2225
DA:421,979961
DA:422,979961
DA:428,982186
DA:430,982186
BRDA:430,13,0,4483
DA:431,4483
DA:434,977703
DA:436,977703
BRDA:436,14,0,599017
DA:437,599017
DA:441,378686
DA:442,378686
DA:443,12
BRDA:443,15,0,12
DA:444,12
DA:446,12
DA:452,2930853
FN:452,InterestRateModelV2._max
FNDA:2930853,InterestRateModelV2._max
DA:453,2930853
DA:457,963428
FN:457,InterestRateModelV2._min
FNDA:963428,InterestRateModelV2._min
DA:458,963428
DA:470,981918
FN:470,InterestRateModelV2._compoundInterestRateCAP
FNDA:981918,InterestRateModelV2._compoundInterestRateCAP
DA:477,981918
DA:478,981918
DA:489,553
FN:489,InterestRateModelV2._currentInterestRateCAP
FNDA:553,InterestRateModelV2._currentInterestRateCAP
DA:490,553
DA:491,553
FNF:16
FNH:16
LF:132
LH:132
BRF:26
BRH:26
end_of_record
TN:
SF:silo-core/contracts/interestRateModel/InterestRateModelV2Config.sol
DA:32,0
FN:32,InterestRateModelV2Config.constructor
FNDA:0,InterestRateModelV2Config.constructor
DA:33,0
DA:34,0
DA:35,0
DA:36,0
DA:37,0
DA:38,0
DA:39,0
DA:40,0
DA:42,0
DA:43,0
DA:47,979259
FN:47,InterestRateModelV2Config.getConfig
FNDA:979259,InterestRateModelV2Config.getConfig
DA:48,979259
DA:49,979259
DA:50,979259
DA:51,979259
DA:52,979259
DA:53,979259
DA:54,979259
DA:55,979259
DA:57,979259
DA:58,979259
FNF:2
FNH:1
LF:22
LH:11
BRF:0
BRH:0
end_of_record
TN:
SF:silo-core/contracts/interestRateModel/InterestRateModelV2Factory.sol
DA:26,530
FN:26,InterestRateModelV2Factory.constructor
FNDA:530,InterestRateModelV2Factory.constructor
DA:27,530
DA:31,1057
FN:31,InterestRateModelV2Factory.create
FNDA:1057,InterestRateModelV2Factory.create
DA:36,1057
DA:38,1057
DA:40,1057
BRDA:40,0,0,1057
DA:41,1057
DA:44,528
DA:46,528
DA:48,528
DA:49,528
DA:51,528
DA:53,528
DA:58,16
FN:58,InterestRateModelV2Factory.verifyConfig
FNDA:16,InterestRateModelV2Factory.verifyConfig
DA:59,544
DA:61,544
BRDA:61,1,0,3
BRDA:61,1,1,541
DA:62,541
BRDA:62,2,0,2
BRDA:62,2,1,539
DA:63,539
BRDA:63,3,0,2
BRDA:63,3,1,537
DA:64,537
BRDA:64,4,0,1
BRDA:64,4,1,536
DA:65,536
BRDA:65,5,0,1
BRDA:65,5,1,535
DA:66,535
BRDA:66,6,0,1
BRDA:66,6,1,534
DA:67,534
BRDA:67,7,0,1
BRDA:67,7,1,533
DA:68,533
BRDA:68,8,0,1
BRDA:68,8,1,532
DA:70,532
BRDA:70,9,0,1
BRDA:70,9,1,531
DA:71,531
BRDA:71,10,0,1
BRDA:71,10,1,530
DA:74,530
DA:78,2
FN:78,InterestRateModelV2Factory.hashConfig
FNDA:2,InterestRateModelV2Factory.hashConfig
DA:84,1059
FNF:4
FNH:4
LF:28
LH:28
BRF:21
BRH:21
end_of_record
TN:
SF:silo-core/contracts/lib/Actions.sol
DA:36,1094
FN:36,Actions.initialize
FNDA:1094,Actions.initialize
DA:37,1094
DA:39,1094
BRDA:39,0,0,39
BRDA:39,0,1,1055
DA:41,1055
DA:43,1054
DA:45,1054
DA:48,135360
FN:48,Actions.deposit
FNDA:135360,Actions.deposit
DA:57,135360
DA:59,135360
DA:61,135360
DA:62,135224
DA:64,135224
DA:66,135224
DA:68,135224
DA:78,135221
DA:80,135221
DA:83,27277
FN:83,Actions.withdraw
FNDA:27277,Actions.withdraw
DA:87,27277
DA:89,27277
DA:91,27277
DA:92,27141
DA:94,27141
DA:95,27141
DA:96,27141
DA:98,27141
DA:100,27141
DA:108,25110
BRDA:108,1,0,2643
DA:110,2643
DA:113,24217
DA:115,24217
DA:118,37594
FN:118,Actions.borrow
FNDA:37594,Actions.borrow
DA:122,37594
DA:124,37594
DA:126,37594
BRDA:126,2,0,2
BRDA:126,2,1,37592
DA:128,37592
DA:129,37524
DA:130,37524
DA:132,37524
DA:133,37524
DA:135,37524
DA:137,37524
DA:144,36135
DA:146,32186
DA:148,32186
DA:151,21222
FN:151,Actions.borrowSameAsset
FNDA:21222,Actions.borrowSameAsset
DA:155,21222
DA:157,21222
DA:159,21222
BRDA:159,3,0,3
BRDA:159,3,1,21219
DA:161,21219
DA:162,21185
DA:163,21185
DA:165,21185
DA:166,21185
DA:168,21185
DA:175,19792
DA:177,17972
DA:179,17972
DA:182,24475
FN:182,Actions.repay
FNDA:24475,Actions.repay
DA:191,24475
DA:193,24475
BRDA:193,4,0,4
DA:194,4
DA:195,4
DA:198,24475
DA:200,24475
DA:201,24407
DA:203,24407
DA:205,24407
DA:209,24402
DA:211,24402
BRDA:211,5,0,3
DA:212,3
DA:213,3
DA:218,50
FN:218,Actions.transitionCollateral
FNDA:50,Actions.transitionCollateral
DA:222,50
DA:224,50
DA:226,50
DA:227,16
DA:229,16
DA:233,16
DA:235,16
DA:238,16
DA:242,16
DA:256,12
DA:257,12
DA:261,12
DA:272,12
BRDA:272,6,0,5
DA:273,5
DA:276,11
DA:278,11
DA:281,55
FN:281,Actions.switchCollateralToThisSilo
FNDA:55,Actions.switchCollateralToThisSilo
DA:282,55
DA:284,55
DA:286,55
BRDA:286,7,0,6
DA:287,6
DA:292,55
DA:294,55
BRDA:294,8,0,1
BRDA:294,8,1,54
DA:296,54
DA:297,20
DA:299,20
DA:300,20
DA:302,20
DA:304,20
BRDA:304,9,0,19
DA:305,19
DA:306,19
DA:309,18
DA:311,18
BRDA:311,10,0,5
DA:312,5
DA:324,536
FN:324,Actions.flashLoan
FNDA:536,Actions.flashLoan
DA:333,536
BRDA:333,11,0,1
BRDA:333,11,1,535
DA:335,535
DA:337,535
BRDA:337,12,0,2
DA:338,2
DA:339,2
DA:343,535
DA:345,535
BRDA:345,13,0,-
BRDA:345,13,1,535
DA:347,535
BRDA:347,14,0,-
BRDA:347,14,1,535
DA:350,535
DA:352,535
DA:354,535
BRDA:354,15,0,1
BRDA:354,15,1,534
DA:359,534
DA:361,534
BRDA:361,16,0,2
DA:362,2
DA:363,2
DA:366,534
DA:373,51
FN:373,Actions.withdrawFees
FNDA:51,Actions.withdrawFees
DA:374,51
DA:375,51
DA:377,17
DA:379,17
DA:380,17
BRDA:380,17,0,2
BRDA:380,17,1,15
DA:382,15
DA:388,15
DA:390,15
DA:391,15
DA:393,15
DA:396,15
DA:398,15
BRDA:398,18,0,1
BRDA:398,18,1,14
DA:400,14
BRDA:400,19,0,2
DA:403,14
DA:405,14
BRDA:405,20,0,2
BRDA:405,20,1,12
DA:407,2
DA:410,12
DA:414,12
DA:416,12
DA:419,12
DA:420,12
DA:423,14
DA:426,1159
FN:426,Actions.updateHooks
FNDA:1159,Actions.updateHooks
DA:427,1159
DA:429,1159
DA:431,1125
DA:433,1125
DA:435,1125
DA:437,1125
DA:438,1125
DA:439,1125
DA:442,42
FN:442,Actions.callOnBehalfOfSilo
FNDA:42,Actions.callOnBehalfOfSilo
DA:446,42
BRDA:446,22,0,1
BRDA:446,22,1,41
DA:453,41
BRDA:453,23,0,1
BRDA:453,23,1,4
DA:454,1
DA:456,40
DA:461,2667
FN:461,Actions._checkSolvencyWithoutAccruingInterest
FNDA:2667,Actions._checkSolvencyWithoutAccruingInterest
DA:466,2667
BRDA:466,24,0,2640
DA:467,2640
DA:468,2640
DA:471,2667
DA:475,2667
BRDA:475,25,0,896
BRDA:475,25,1,1771
DA:479,55927
FN:479,Actions._checkLTVWithoutAccruingInterest
FNDA:55927,Actions._checkLTVWithoutAccruingInterest
DA:484,55927
BRDA:484,26,0,36135
DA:485,36135
DA:486,36135
DA:489,55927
DA:493,55927
BRDA:493,27,0,5769
BRDA:493,27,1,50158
DA:496,27277
FN:496,Actions._hookCallBeforeWithdraw
FNDA:27277,Actions._hookCallBeforeWithdraw
DA:499,27277
DA:501,27277
DA:503,27277
DA:505,9
DA:506,9
DA:508,9
DA:511,24217
FN:511,Actions._hookCallAfterWithdraw
FNDA:24217,Actions._hookCallAfterWithdraw
DA:516,24217
DA:518,24217
DA:520,24217
DA:522,9
DA:523,9
DA:525,9
DA:528,58816
FN:528,Actions._hookCallBeforeBorrow
FNDA:58816,Actions._hookCallBeforeBorrow
DA:529,58816
DA:531,58816
DA:533,5
DA:541,5
DA:544,50158
FN:544,Actions._hookCallAfterBorrow
FNDA:50158,Actions._hookCallAfterBorrow
DA:550,50158
DA:552,50158
DA:554,3
DA:564,3
DA:567,50
FN:567,Actions._hookCallBeforeTransitionCollateral
FNDA:50,Actions._hookCallBeforeTransitionCollateral
DA:568,50
DA:570,50
DA:572,50
DA:574,3
DA:576,3
DA:579,11
FN:579,Actions._hookCallAfterTransitionCollateral
FNDA:11,Actions._hookCallAfterTransitionCollateral
DA:584,11
DA:585,11
DA:587,11
DA:589,3
DA:591,3
DA:594,135360
FN:594,Actions._hookCallBeforeDeposit
FNDA:135360,Actions._hookCallBeforeDeposit
DA:600,135360
DA:601,135360
DA:603,135360
DA:605,10
DA:607,10
DA:610,135221
FN:610,Actions._hookCallAfterDeposit
FNDA:135221,Actions._hookCallAfterDeposit
DA:618,135221
DA:619,135221
DA:621,135221
DA:623,10
DA:625,10
FNF:22
FNH:22
LF:220
LH:220
BRF:42
BRH:40
end_of_record
TN:
SF:silo-core/contracts/lib/CallBeforeQuoteLib.sol
DA:10,26710
FN:10,CallBeforeQuoteLib.callSolvencyOracleBeforeQuote
FNDA:26710,CallBeforeQuoteLib.callSolvencyOracleBeforeQuote
DA:11,26710
BRDA:11,0,0,5
DA:12,5
DA:18,72270
FN:18,CallBeforeQuoteLib.callMaxLtvOracleBeforeQuote
FNDA:72270,CallBeforeQuoteLib.callMaxLtvOracleBeforeQuote
DA:19,72270
BRDA:19,1,0,8
DA:20,8
FNF:2
FNH:2
LF:6
LH:6
BRF:2
BRH:2
end_of_record
TN:
SF:silo-core/contracts/lib/CloneDeterministic.sol
DA:32,527
FN:32,CloneDeterministic.silo0
FNDA:527,CloneDeterministic.silo0
DA:33,527
DA:39,527
FN:39,CloneDeterministic.silo1
FNDA:527,CloneDeterministic.silo1
DA:40,527
DA:46,527
FN:46,CloneDeterministic.shareProtectedCollateralToken0
FNDA:527,CloneDeterministic.shareProtectedCollateralToken0
DA:53,527
DA:59,527
FN:59,CloneDeterministic.shareDebtToken0
FNDA:527,CloneDeterministic.shareDebtToken0
DA:60,527
DA:66,527
FN:66,CloneDeterministic.shareProtectedCollateralToken1
FNDA:527,CloneDeterministic.shareProtectedCollateralToken1
DA:73,527
DA:79,527
FN:79,CloneDeterministic.shareDebtToken1
FNDA:527,CloneDeterministic.shareDebtToken1
DA:80,527
DA:87,526
FN:87,CloneDeterministic.predictSilo0Addr
FNDA:526,CloneDeterministic.predictSilo0Addr
DA:96,526
DA:103,526
FN:103,CloneDeterministic.predictSilo1Addr
FNDA:526,CloneDeterministic.predictSilo1Addr
DA:112,526
DA:119,526
FN:119,CloneDeterministic.predictShareProtectedCollateralToken0Addr
FNDA:526,CloneDeterministic.predictShareProtectedCollateralToken0Addr
DA:128,526
DA:137,526
FN:137,CloneDeterministic.predictShareDebtToken0Addr
FNDA:526,CloneDeterministic.predictShareDebtToken0Addr
DA:146,526
DA:155,526
FN:155,CloneDeterministic.predictShareProtectedCollateralToken1Addr
FNDA:526,CloneDeterministic.predictShareProtectedCollateralToken1Addr
DA:164,526
DA:173,526
FN:173,CloneDeterministic.predictShareDebtToken1Addr
FNDA:526,CloneDeterministic.predictShareDebtToken1Addr
DA:182,526
DA:189,1053
FN:189,CloneDeterministic._silo0Salt
FNDA:1053,CloneDeterministic._silo0Salt
DA:190,1053
DA:195,1053
FN:195,CloneDeterministic._silo1Salt
FNDA:1053,CloneDeterministic._silo1Salt
DA:196,1053
DA:201,1053
FN:201,CloneDeterministic._shareProtectedCollateralToken0Salt
FNDA:1053,CloneDeterministic._shareProtectedCollateralToken0Salt
DA:202,1053
DA:207,1053
FN:207,CloneDeterministic._shareDebtToken0Salt
FNDA:1053,CloneDeterministic._shareDebtToken0Salt
DA:208,1053
DA:213,1053
FN:213,CloneDeterministic._shareProtectedCollateralToken1Salt
FNDA:1053,CloneDeterministic._shareProtectedCollateralToken1Salt
DA:214,1053
DA:219,1053
FN:219,CloneDeterministic._shareDebtToken1Salt
FNDA:1053,CloneDeterministic._shareDebtToken1Salt
DA:220,1053
FNF:18
FNH:18
LF:36
LH:36
BRF:0
BRH:0
end_of_record
TN:
SF:silo-core/contracts/lib/ERC20RStorageLib.sol
DA:10,145
FN:10,ERC20RStorageLib.getIERC20RStorage
FNDA:145,ERC20RStorageLib.getIERC20RStorage
DA:13,145
FNF:1
FNH:1
LF:2
LH:2
BRF:0
BRH:0
end_of_record
TN:
SF:silo-core/contracts/lib/Hook.sol
DA:219,739122
FN:219,Hook.matchAction
FNDA:739122,Hook.matchAction
DA:220,739122
DA:226,29
FN:226,Hook.addAction
FNDA:29,Hook.addAction
DA:227,29
DA:236,3
FN:236,Hook.removeAction
FNDA:3,Hook.removeAction
DA:237,3
DA:242,270597
FN:242,Hook.depositAction
FNDA:270597,Hook.depositAction
DA:243,270597
DA:248,51510
FN:248,Hook.withdrawAction
FNDA:51510,Hook.withdrawAction
DA:249,51510
DA:254,65
FN:254,Hook.transitionCollateralAction
FNDA:65,Hook.transitionCollateralAction
DA:255,65
DA:260,257039
FN:260,Hook.shareTokenTransfer
FNDA:257039,Hook.shareTokenTransfer
DA:261,257039
DA:267,59
FN:267,Hook.afterTokenTransferDecode
FNDA:59,Hook.afterTokenTransferDecode
DA:272,59
DA:273,59
DA:274,59
DA:275,59
DA:276,59
DA:277,59
DA:280,59
DA:281,59
DA:282,59
DA:283,59
DA:284,59
DA:285,59
DA:286,59
DA:287,59
DA:288,59
DA:289,59
DA:290,59
DA:291,59
DA:294,59
DA:300,5
FN:300,Hook.beforeDepositDecode
FNDA:5,Hook.beforeDepositDecode
DA:305,5
DA:306,5
DA:307,5
DA:310,5
DA:311,5
DA:312,5
DA:313,5
DA:314,5
DA:315,5
DA:318,5
DA:324,5
FN:324,Hook.afterDepositDecode
FNDA:5,Hook.afterDepositDecode
DA:329,5
DA:330,5
DA:331,5
DA:332,5
DA:333,5
DA:336,5
DA:337,5
DA:338,5
DA:339,5
DA:340,5
DA:341,5
DA:342,5
DA:343,5
DA:344,5
DA:345,5
DA:348,5
DA:354,5
FN:354,Hook.beforeWithdrawDecode
FNDA:5,Hook.beforeWithdrawDecode
DA:359,5
DA:360,5
DA:361,5
DA:362,5
DA:363,5
DA:366,5
DA:367,5
DA:368,5
DA:369,5
DA:370,5
DA:371,5
DA:372,5
DA:373,5
DA:374,5
DA:375,5
DA:378,5
DA:384,5
FN:384,Hook.afterWithdrawDecode
FNDA:5,Hook.afterWithdrawDecode
DA:389,5
DA:390,5
DA:391,5
DA:392,5
DA:393,5
DA:394,5
DA:395,5
DA:398,5
DA:399,5
DA:400,5
DA:401,5
DA:402,5
DA:403,5
DA:404,5
DA:405,5
DA:406,5
DA:407,5
DA:408,5
DA:409,5
DA:410,5
DA:411,5
DA:414,5
DA:420,3
FN:420,Hook.beforeBorrowDecode
FNDA:3,Hook.beforeBorrowDecode
DA:425,3
DA:426,3
DA:427,3
DA:428,3
DA:429,3
DA:431,3
DA:432,3
DA:433,3
DA:434,3
DA:435,3
DA:436,3
DA:437,3
DA:438,3
DA:439,3
DA:440,3
DA:443,3
DA:449,1
FN:449,Hook.afterBorrowDecode
FNDA:1,Hook.afterBorrowDecode
DA:454,1
DA:455,1
DA:456,1
DA:457,1
DA:458,1
DA:459,1
DA:460,1
DA:463,1
DA:464,1
DA:465,1
DA:466,1
DA:467,1
DA:468,1
DA:469,1
DA:470,1
DA:471,1
DA:472,1
DA:473,1
DA:474,1
DA:475,1
DA:476,1
DA:479,1
DA:485,2
FN:485,Hook.beforeRepayDecode
FNDA:2,Hook.beforeRepayDecode
DA:490,2
DA:491,2
DA:492,2
DA:493,2
DA:496,2
DA:497,2
DA:498,2
DA:499,2
DA:500,2
DA:501,2
DA:502,2
DA:503,2
DA:506,2
DA:512,1
FN:512,Hook.afterRepayDecode
FNDA:1,Hook.afterRepayDecode
DA:517,1
DA:518,1
DA:519,1
DA:520,1
DA:521,1
DA:522,1
DA:525,1
DA:526,1
DA:527,1
DA:528,1
DA:529,1
DA:530,1
DA:531,1
DA:532,1
DA:533,1
DA:534,1
DA:535,1
DA:536,1
DA:539,1
DA:545,1
FN:545,Hook.beforeFlashLoanDecode
FNDA:1,Hook.beforeFlashLoanDecode
DA:550,1
DA:551,1
DA:552,1
DA:555,1
DA:556,1
DA:557,1
DA:558,1
DA:559,1
DA:560,1
DA:563,1
DA:569,1
FN:569,Hook.afterFlashLoanDecode
FNDA:1,Hook.afterFlashLoanDecode
DA:574,1
DA:575,1
DA:576,1
DA:577,1
DA:580,1
DA:581,1
DA:582,1
DA:583,1
DA:584,1
DA:585,1
DA:586,1
DA:587,1
DA:590,1
DA:596,2
FN:596,Hook.beforeTransitionCollateralDecode
FNDA:2,Hook.beforeTransitionCollateralDecode
DA:601,2
DA:602,2
DA:605,2
DA:606,2
DA:607,2
DA:608,2
DA:611,2
DA:617,2
FN:617,Hook.afterTransitionCollateralDecode
FNDA:2,Hook.afterTransitionCollateralDecode
DA:622,2
DA:623,2
DA:624,2
DA:627,2
DA:628,2
DA:629,2
DA:630,2
DA:631,2
DA:632,2
DA:635,2
DA:641,9
FN:641,Hook.switchCollateralDecode
FNDA:9,Hook.switchCollateralDecode
DA:646,9
DA:649,9
DA:650,9
DA:653,9
DA:657,268
FN:657,Hook._toBoolean
FNDA:268,Hook._toBoolean
DA:658,268
BRDA:658,0,0,1
BRDA:658,0,1,266
DA:659,1
DA:660,267
BRDA:660,1,0,1
BRDA:660,1,1,266
DA:661,1
DA:663,266
FNF:22
FNH:22
LF:231
LH:231
BRF:4
BRH:4
end_of_record
TN:
SF:silo-core/contracts/lib/IsContract.sol
DA:35,593
FN:35,IsContract.isContract
FNDA:593,IsContract.isContract
DA:40,593
FNF:1
FNH:1
LF:2
LH:2
BRF:0
BRH:0
end_of_record
TN:
SF:silo-core/contracts/lib/NonReentrantLib.sol
DA:8,4802
FN:8,NonReentrantLib.nonReentrant
FNDA:4802,NonReentrantLib.nonReentrant
DA:9,4802
BRDA:9,0,0,476
BRDA:9,0,1,4326
FNF:1
FNH:1
LF:2
LH:2
BRF:2
BRH:2
end_of_record
TN:
SF:silo-core/contracts/lib/PRBMathCommon.sol
DA:17,981381
FN:17,PRBMathCommon.exp2
FNDA:981381,PRBMathCommon.exp2
DA:21,981381
DA:25,981381
BRDA:25,0,0,29896
DA:26,981381
BRDA:26,1,0,174455
DA:27,981381
BRDA:27,2,0,103316
DA:28,981381
BRDA:28,3,0,147393
DA:29,981381
BRDA:29,4,0,157362
DA:30,981381
BRDA:30,5,0,191447
DA:31,981381
BRDA:31,6,0,168004
DA:32,981381
BRDA:32,7,0,159727
DA:33,981381
BRDA:33,8,0,145007
DA:34,981381
BRDA:34,9,0,157391
DA:35,981381
BRDA:35,10,0,176172
DA:36,981381
BRDA:36,11,0,161477
DA:37,981381
BRDA:37,12,0,169548
DA:38,981381
BRDA:38,13,0,204837
DA:39,981381
BRDA:39,14,0,153749
DA:40,981381
BRDA:40,15,0,167088
DA:41,981381
BRDA:41,16,0,156976
DA:42,981381
BRDA:42,17,0,188117
DA:43,981381
BRDA:43,18,0,209981
DA:44,981381
BRDA:44,19,0,187836
DA:45,981381
BRDA:45,20,0,170588
DA:46,981381
BRDA:46,21,0,205539
DA:47,981381
BRDA:47,22,0,170763
DA:48,981381
BRDA:48,23,0,164892
DA:49,981381
BRDA:49,24,0,176332
DA:50,981381
BRDA:50,25,0,190674
DA:51,981381
BRDA:51,26,0,190453
DA:52,981381
BRDA:52,27,0,210387
DA:53,981381
BRDA:53,28,0,201759
DA:54,981381
BRDA:54,29,0,185885
DA:55,981381
BRDA:55,30,0,182542
DA:56,981381
BRDA:56,31,0,193842
DA:57,981381
BRDA:57,32,0,200114
DA:58,981381
BRDA:58,33,0,190191
DA:59,981381
BRDA:59,34,0,203735
DA:60,981381
BRDA:60,35,0,166136
DA:61,981381
BRDA:61,36,0,181563
DA:62,981381
BRDA:62,37,0,206378
DA:63,981381
BRDA:63,38,0,204590
DA:64,981381
BRDA:64,39,0,198200
DA:65,981381
BRDA:65,40,0,193875
DA:66,981381
BRDA:66,41,0,171377
DA:67,981381
BRDA:67,42,0,186773
DA:68,981381
BRDA:68,43,0,190660
DA:69,981381
BRDA:69,44,0,176161
DA:70,981381
BRDA:70,45,0,184775
DA:71,981381
BRDA:71,46,0,216419
DA:72,981381
BRDA:72,47,0,216459
DA:73,981381
BRDA:73,48,0,204965
DA:74,981381
BRDA:74,49,0,205061
DA:75,981381
BRDA:75,50,0,179490
DA:76,981381
BRDA:76,51,0,183530
DA:77,981381
BRDA:77,52,0,192029
DA:78,981381
BRDA:78,53,0,193224
DA:79,981381
BRDA:79,54,0,179536
DA:80,981381
BRDA:80,55,0,210421
DA:81,981381
BRDA:81,56,0,196447
DA:82,981381
BRDA:82,57,0,199449
DA:83,981381
BRDA:83,58,0,174044
DA:84,981381
BRDA:84,59,0,198281
DA:85,981381
BRDA:85,60,0,183870
DA:86,981381
BRDA:86,61,0,189618
DA:87,981381
BRDA:87,62,0,191025
DA:88,981381
BRDA:88,63,0,206091
DA:92,981381
DA:95,981381
DA:114,981381
FN:114,PRBMathCommon.mulDiv
FNDA:981381,PRBMathCommon.mulDiv
DA:122,981381
DA:123,981381
DA:125,981381
DA:126,981381
DA:127,981381
DA:131,981381
BRDA:131,64,0,981231
DA:132,981231
BRDA:132,65,0,-
BRDA:132,65,1,981231
DA:134,981231
DA:136,981231
DA:140,150
BRDA:140,66,0,-
BRDA:140,66,1,150
DA:147,150
DA:150,150
DA:153,150
DA:154,150
DA:161,150
DA:164,150
DA:167,150
DA:170,150
DA:174,150
DA:179,150
DA:183,150
DA:184,150
DA:185,150
DA:186,150
DA:187,150
DA:188,150
DA:194,150
DA:195,150
FNF:2
FNH:2
LF:97
LH:97
BRF:69
BRH:67
end_of_record
TN:
SF:silo-core/contracts/lib/PRBMathSD59x18.sol
DA:39,981229
FN:39,PRBMathSD59x18.exp
FNDA:981229,PRBMathSD59x18.exp
DA:41,981229
BRDA:41,0,0,116
DA:42,116
DA:46,981113
BRDA:46,1,0,-
BRDA:46,1,1,981113
DA:50,981113
DA:51,981113
DA:68,981422
FN:68,PRBMathSD59x18.exp2
FNDA:981422,PRBMathSD59x18.exp2
DA:70,981422
BRDA:70,2,0,41
BRDA:70,2,1,981381
DA:72,41
BRDA:72,3,0,1
DA:73,1
DA:77,40
DA:78,40
DA:81,981381
BRDA:81,4,0,-
BRDA:81,4,1,981381
DA:85,981381
DA:88,981381
FNF:2
FNH:2
LF:15
LH:15
BRF:8
BRH:6
end_of_record
TN:
SF:silo-core/contracts/lib/RevertLib.sol
DA:5,2
FN:5,RevertLib.revertBytes
FNDA:2,RevertLib.revertBytes
DA:6,2
BRDA:6,0,0,1
DA:8,1
DA:12,1
DA:15,21039
FN:15,RevertLib.revertIfError
FNDA:21039,RevertLib.revertIfError
DA:16,21039
DA:18,4
DA:21,4
FNF:2
FNH:2
LF:8
LH:8
BRF:1
BRH:1
end_of_record
TN:
SF:silo-core/contracts/lib/ShareCollateralTokenLib.sol
DA:15,313
FN:15,ShareCollateralTokenLib.isSolventAfterCollateralTransfer
FNDA:313,ShareCollateralTokenLib.isSolventAfterCollateralTransfer
DA:16,313
DA:17,313
DA:19,313
DA:23,313
DA:26,313
DA:28,20
DA:30,20
DA:32,20
FNF:1
FNH:1
LF:9
LH:9
BRF:0
BRH:0
end_of_record
TN:
SF:silo-core/contracts/lib/ShareTokenLib.sol
DA:23,2410854
FN:23,ShareTokenLib.getShareTokenStorage
FNDA:2410854,ShareTokenLib.getShareTokenStorage
DA:26,2410854
DA:31,3162
FN:31,ShareTokenLib.__ShareToken_init
FNDA:3162,ShareTokenLib.__ShareToken_init
DA:32,3162
DA:34,3162
DA:35,3162
DA:37,3162
DA:38,3162
DA:39,3162
DA:43,194
FN:43,ShareTokenLib.decimals
FNDA:194,ShareTokenLib.decimals
DA:44,194
DA:46,194
DA:47,194
DA:57,186
FN:57,ShareTokenLib.name
FNDA:186,ShareTokenLib.name
DA:58,186
DA:60,186
DA:61,186
DA:63,186
DA:64,186
DA:66,186
BRDA:66,0,0,74
BRDA:66,0,1,74
DA:67,74
DA:68,112
BRDA:68,1,0,38
BRDA:68,1,1,74
DA:69,38
DA:70,74
BRDA:70,2,0,74
DA:71,74
DA:74,186
DA:75,186
DA:85,186
FN:85,ShareTokenLib.symbol
FNDA:186,ShareTokenLib.symbol
DA:86,186
DA:88,186
DA:89,186
DA:91,186
DA:93,186
BRDA:93,3,0,74
BRDA:93,3,1,74
DA:94,74
DA:95,112
BRDA:95,4,0,38
BRDA:95,4,1,74
DA:96,38
DA:97,74
BRDA:97,5,0,74
DA:98,74
DA:101,186
DA:102,186
DA:107,45
FN:107,ShareTokenLib.callOracleBeforeQuote
FNDA:45,ShareTokenLib.callOracleBeforeQuote
DA:108,45
DA:111,45
DA:113,45
DA:114,45
DA:124,2
FN:124,ShareTokenLib.callOnBehalfOfShareToken
FNDA:2,ShareTokenLib.callOnBehalfOfShareToken
DA:130,2
BRDA:130,6,0,2
BRDA:130,6,1,-
DA:131,2
DA:133,0
DA:141,337357
FN:141,ShareTokenLib.isTransfer
FNDA:337357,ShareTokenLib.isTransfer
DA:146,337357
DA:149,914349
FN:149,ShareTokenLib.siloConfig
FNDA:914349,ShareTokenLib.siloConfig
DA:150,914349
DA:153,148737
FN:153,ShareTokenLib.getConfig
FNDA:148737,ShareTokenLib.getConfig
DA:154,148737
FNF:10
FNH:10
LF:55
LH:54
BRF:12
BRH:11
end_of_record
TN:
SF:silo-core/contracts/lib/SiloERC4626Lib.sol
DA:45,135237
FN:45,SiloERC4626Lib.deposit
FNDA:135237,SiloERC4626Lib.deposit
DA:54,135237
DA:56,135237
DA:58,135237
DA:68,135235
DA:72,135235
DA:74,135235
BRDA:74,0,0,135223
DA:78,135223
DA:90,27157
FN:90,SiloERC4626Lib.withdraw
FNDA:27157,SiloERC4626Lib.withdraw
DA:95,27157
DA:96,27157
BRDA:96,1,0,11
BRDA:96,1,1,27146
DA:98,27146
DA:101,27146
DA:103,27146
DA:113,26023
DA:118,26023
BRDA:118,2,0,201
BRDA:118,2,1,25822
DA:120,25822
DA:126,25822
DA:128,25122
BRDA:128,3,0,25110
DA:130,25110
DA:144,6575
FN:144,SiloERC4626Lib.maxWithdraw
FNDA:6575,SiloERC4626Lib.maxWithdraw
DA:149,6575
DA:153,6575
DA:155,6575
DA:156,6575
DA:158,6575
BRDA:158,4,0,5699
BRDA:158,4,1,876
DA:159,5699
DA:160,5699
DA:166,876
DA:167,876
DA:170,6575
BRDA:170,5,0,3719
BRDA:170,5,1,539
DA:171,3719
DA:175,3719
DA:183,3719
DA:185,539
DA:187,539
DA:198,539
DA:200,2856
DA:206,2856
FN:206,SiloERC4626Lib.maxWithdrawWhenDebt
FNDA:2856,SiloERC4626Lib.maxWithdrawWhenDebt
DA:215,2856
DA:225,2856
DA:226,2856
DA:228,2856
DA:237,2856
DA:247,2856
BRDA:247,7,0,1881
DA:249,1881
FNF:4
FNH:4
LF:46
LH:46
BRF:11
BRH:11
end_of_record
TN:
SF:silo-core/contracts/lib/SiloLendingLib.sol
DA:35,24408
FN:35,SiloLendingLib.repay
FNDA:24408,SiloLendingLib.repay
DA:43,24408
DA:45,24408
DA:46,24408
DA:48,24408
DA:58,24406
BRDA:58,0,0,4
DA:59,4
DA:61,4
DA:72,24404
BRDA:72,1,0,-
BRDA:72,1,1,24404
DA:75,24404
DA:78,24404
DA:83,24404
DA:93,375325
FN:93,SiloLendingLib.accrueInterestForAsset
FNDA:375325,SiloLendingLib.accrueInterestForAsset
DA:97,375325
DA:99,375325
DA:102,375325
BRDA:102,2,0,216516
DA:103,216516
DA:107,158809
BRDA:107,3,0,85978
DA:108,85978
DA:109,85978
DA:112,72831
DA:113,72831
DA:114,72831
DA:116,72831
DA:119,72831
DA:124,72831
DA:125,72831
DA:126,72831
DA:127,0
DA:129,0
DA:132,72831
DA:143,72831
DA:147,72831
DA:158,58722
FN:158,SiloLendingLib.borrow
FNDA:58722,SiloLendingLib.borrow
DA:167,58722
DA:169,58722
DA:171,58722
DA:181,58715
DA:183,58715
BRDA:183,4,0,2777
BRDA:183,4,1,55938
DA:189,55938
DA:192,55938
DA:194,55933
BRDA:194,5,0,55933
DA:196,55933
DA:209,26454
FN:209,SiloLendingLib.calculateMaxBorrow
FNDA:26454,SiloLendingLib.calculateMaxBorrow
DA:221,26454
DA:230,26454
DA:232,26454
DA:234,26454
DA:240,26454
DA:248,26454
DA:250,20826
DA:252,20826
BRDA:252,7,0,7693
DA:253,7693
DA:256,7693
DA:266,26456
FN:266,SiloLendingLib.maxBorrow
FNDA:26456,SiloLendingLib.maxBorrow
DA:271,26456
DA:272,26456
DA:274,26454
DA:275,26454
DA:277,9107
BRDA:277,9,0,9107
BRDA:277,9,1,17347
DA:278,9107
DA:279,9107
DA:281,17347
DA:284,26454
DA:285,26454
DA:287,26454
DA:297,74105
FN:297,SiloLendingLib.getLiquidity
FNDA:74105,SiloLendingLib.getLiquidity
DA:298,74105
DA:299,74105
DA:302,79804
FN:302,SiloLendingLib.getLiquidityAndAssetsWithInterest
FNDA:79804,SiloLendingLib.getLiquidityAndAssetsWithInterest
DA:307,79804
DA:314,79804
DA:319,79804
DA:330,26464
FN:330,SiloLendingLib.maxBorrowValueToAssetsAndShares
FNDA:26464,SiloLendingLib.maxBorrowValueToAssetsAndShares
DA:341,26464
BRDA:341,10,0,4437
DA:342,4437
DA:345,22027
DA:347,22027
DA:351,22027
DA:356,22027
DA:363,22027
FNF:8
FNH:8
LF:81
LH:79
BRF:12
BRH:11
end_of_record
TN:
SF:silo-core/contracts/lib/SiloLensLib.sol
DA:16,7
FN:16,SiloLensLib.getRawLiquidity
FNDA:7,SiloLensLib.getRawLiquidity
DA:17,7
DA:23,4
FN:23,SiloLensLib.getMaxLtv
FNDA:4,SiloLensLib.getMaxLtv
DA:24,4
DA:27,4
FN:27,SiloLensLib.getLt
FNDA:4,SiloLensLib.getLt
DA:28,4
DA:31,3
FN:31,SiloLensLib.getInterestRateModel
FNDA:3,SiloLensLib.getInterestRateModel
DA:32,3
DA:35,7
FN:35,SiloLensLib.getBorrowAPR
FNDA:7,SiloLensLib.getBorrowAPR
DA:36,7
DA:37,7
DA:40,3
FN:40,SiloLensLib.getDepositAPR
FNDA:3,SiloLensLib.getDepositAPR
DA:41,3
DA:43,3
BRDA:43,0,0,-
DA:44,0
DA:47,3
DA:48,3
DA:49,3
DA:52,148096
FN:52,SiloLensLib.getLtv
FNDA:148096,SiloLensLib.getLtv
DA:53,148096
DA:56,148096
DA:58,148096
BRDA:58,1,0,141583
DA:59,141583
DA:70,5252
FN:70,SiloLensLib.collateralBalanceOfUnderlying
FNDA:5252,SiloLensLib.collateralBalanceOfUnderlying
DA:75,5252
DA:77,5252
DA:79,5252
DA:80,5252
DA:82,5252
BRDA:82,2,0,3
DA:83,3
DA:86,5252
BRDA:86,3,0,2596
DA:87,2596
FNF:8
FNH:8
LF:32
LH:31
BRF:4
BRH:3
end_of_record
TN:
SF:silo-core/contracts/lib/SiloMathLib.sol
DA:22,159503
FN:22,SiloMathLib.liquidity
FNDA:159503,SiloMathLib.liquidity
DA:25,159503
DA:39,501776
FN:39,SiloMathLib.getCollateralAmountsWithInterest
FNDA:501776,SiloMathLib.getCollateralAmountsWithInterest
DA:55,501776
DA:57,501776
DA:60,501776
DA:62,501776
DA:65,501776
DA:68,501776
DA:70,501776
BRDA:70,0,0,6
DA:72,6
DA:76,501776
DA:84,980109
FN:84,SiloMathLib.getDebtAmountsWithInterest
FNDA:980109,SiloMathLib.getDebtAmountsWithInterest
DA:89,980109
BRDA:89,1,0,601249
DA:90,601249
DA:93,378860
DA:97,378860
DA:100,378860
BRDA:100,2,0,1
DA:101,1
DA:102,1
DA:115,985400
FN:115,SiloMathLib.calculateUtilization
FNDA:985400,SiloMathLib.calculateUtilization
DA:120,985400
DA:127,668022
BRDA:127,4,0,667765
BRDA:127,4,1,667765
DA:128,667765
DA:130,667765
BRDA:130,5,0,1765
DA:133,257
DA:137,245521
FN:137,SiloMathLib.convertToAssetsOrToShares
FNDA:245521,SiloMathLib.convertToAssetsOrToShares
DA:146,245521
BRDA:146,6,0,32751
BRDA:146,6,1,212749
DA:147,32751
BRDA:147,7,0,12
BRDA:147,7,1,32739
DA:148,32739
DA:149,32739
DA:150,32739
BRDA:150,8,0,1103
BRDA:150,8,1,31636
DA:151,212770
BRDA:151,9,0,212769
BRDA:151,9,1,212749
DA:152,212769
DA:153,212750
DA:154,212750
BRDA:154,10,0,1
BRDA:154,10,1,212749
DA:156,1
DA:162,278086
FN:162,SiloMathLib.convertToShares
FNDA:278086,SiloMathLib.convertToShares
DA:169,278086
DA:173,278086
DA:175,224246
DA:180,1318713
FN:180,SiloMathLib.convertToAssets
FNDA:1318713,SiloMathLib.convertToAssets
DA:187,1318713
DA:191,1318713
DA:193,1290052
DA:200,26459
FN:200,SiloMathLib.calculateMaxBorrowValue
FNDA:26459,SiloMathLib.calculateMaxBorrowValue
DA:205,26459
BRDA:205,13,0,119
DA:206,119
DA:209,26340
DA:215,26340
DA:226,2877
FN:226,SiloMathLib.calculateMaxAssetsToWithdraw
FNDA:2877,SiloMathLib.calculateMaxAssetsToWithdraw
DA:233,2877
DA:234,2876
DA:235,2873
DA:238,2872
DA:241,2872
BRDA:241,17,0,881
DA:242,881
DA:245,1991
DA:247,1991
DA:249,1991
DA:264,2871
FN:264,SiloMathLib.maxWithdrawToAssetsAndShares
FNDA:2871,SiloMathLib.maxWithdrawToAssetsAndShares
DA:273,2871
DA:274,1995
DA:276,1991
BRDA:276,20,0,1985
BRDA:276,20,1,2
DA:277,1985
DA:279,1985
BRDA:279,21,0,200
DA:280,200
DA:283,6
DA:286,1991
DA:297,880904
FN:297,SiloMathLib.mulDivOverflow
FNDA:880904,SiloMathLib.mulDivOverflow
DA:302,880904
DA:306,543360
DA:307,543360
DA:309,543108
DA:315,1596799
FN:315,SiloMathLib._commonConvertTo
FNDA:1596799,SiloMathLib._commonConvertTo
DA:320,1596799
BRDA:320,24,0,558289
DA:324,558289
DA:327,1596799
FNF:12
FNH:12
LF:78
LH:78
BRF:22
BRH:22
end_of_record
TN:
SF:silo-core/contracts/lib/SiloSolvencyLib.sol
DA:31,115387
FN:31,SiloSolvencyLib.isSolvent
FNDA:115387,SiloSolvencyLib.isSolvent
DA:37,115387
DA:39,110461
DA:48,110461
DA:57,55939
FN:57,SiloSolvencyLib.isBelowMaxLtv
FNDA:55939,SiloSolvencyLib.isBelowMaxLtv
DA:63,55939
DA:64,55937
DA:66,55937
DA:75,55937
DA:87,399472
FN:87,SiloSolvencyLib.getAssetsDataForLtvCalculations
FNDA:399472,SiloSolvencyLib.getAssetsDataForLtvCalculations
DA:95,399472
BRDA:95,2,0,230234
DA:97,230234
DA:102,399472
DA:103,399472
DA:105,399472
DA:109,399472
DA:111,399472
DA:113,399472
DA:117,399472
DA:121,399472
DA:130,399472
DA:134,399472
DA:138,399472
DA:143,399472
DA:155,307981
FN:155,SiloSolvencyLib.getLtv
FNDA:307981,SiloSolvencyLib.getLtv
DA:163,307981
DA:165,307981
DA:169,307981
DA:171,307981
DA:182,329820
FN:182,SiloSolvencyLib.calculateLtv
FNDA:329820,SiloSolvencyLib.calculateLtv
DA:188,329820
DA:192,329820
BRDA:192,5,0,2
BRDA:192,5,1,320037
DA:193,2
DA:194,329818
BRDA:194,6,0,9781
BRDA:194,6,1,320037
DA:195,9781
DA:197,320037
DA:208,400005
FN:208,SiloSolvencyLib.getPositionValues
FNDA:400005,SiloSolvencyLib.getPositionValues
DA:213,400005
DA:215,400005
DA:217,400005
BRDA:217,7,0,389121
DA:219,389121
DA:224,400005
BRDA:224,8,0,387052
DA:226,387052
DA:232,359936
FN:232,SiloSolvencyLib.ltvMath
FNDA:359936,SiloSolvencyLib.ltvMath
DA:237,359936
FNF:7
FNH:7
LF:45
LH:45
BRF:7
BRH:7
end_of_record
TN:
SF:silo-core/contracts/lib/SiloStdLib.sol
DA:23,2432
FN:23,SiloStdLib.flashFee
FNDA:2432,SiloStdLib.flashFee
DA:24,2432
DA:27,2430
DA:28,2430
BRDA:28,1,0,2
BRDA:28,1,1,2428
DA:29,2428
DA:31,2160
BRDA:31,3,0,-
BRDA:31,3,1,2160
DA:32,2160
DA:35,2160
DA:45,114766
FN:45,SiloStdLib.getTotalAssetsAndTotalSharesWithInterest
FNDA:114766,SiloStdLib.getTotalAssetsAndTotalSharesWithInterest
DA:53,114766
BRDA:53,5,0,6824
BRDA:53,5,1,78628
DA:54,6824
DA:55,6824
DA:56,107942
BRDA:56,6,0,29314
BRDA:56,6,1,78628
DA:57,29314
DA:64,29314
DA:66,78628
DA:67,78628
DA:78,288
FN:78,SiloStdLib.getFeesAndFeeReceiversWithAsset
FNDA:288,SiloStdLib.getFeesAndFeeReceiversWithAsset
DA:89,288
DA:90,288
DA:100,428672
FN:100,SiloStdLib.getTotalCollateralAssetsWithInterest
FNDA:428672,SiloStdLib.getTotalCollateralAssetsWithInterest
DA:106,428672
DA:108,428672
DA:109,428672
DA:110,0
DA:114,428672
DA:116,428672
DA:122,1198419
FN:122,SiloStdLib.getSharesAndTotalSupply
FNDA:1198419,SiloStdLib.getSharesAndTotalSupply
DA:127,1198419
BRDA:127,7,0,887579
BRDA:127,7,1,310840
DA:128,887579
DA:130,310840
DA:131,310840
DA:139,478060
FN:139,SiloStdLib.getTotalDebtAssetsWithInterest
FNDA:478060,SiloStdLib.getTotalDebtAssetsWithInterest
DA:144,478060
DA:146,478060
DA:147,478060
DA:148,0
DA:152,478060
FNF:6
FNH:6
LF:38
LH:36
BRF:10
BRH:9
end_of_record
TN:
SF:silo-core/contracts/lib/SiloStorageLib.sol
DA:10,2940352
FN:10,SiloStorageLib.getSiloStorage
FNDA:2940352,SiloStorageLib.getSiloStorage
DA:13,2940352
FNF:1
FNH:1
LF:2
LH:2
BRF:0
BRH:0
end_of_record
TN:
SF:silo-core/contracts/lib/TokenHelper.sol
DA:13,201
FN:13,TokenHelper.assertAndGetDecimals
FNDA:201,TokenHelper.assertAndGetDecimals
DA:14,201
DA:15,201
DA:19,200
BRDA:19,0,0,1
DA:20,1
DA:23,199
DA:30,380
FN:30,TokenHelper.symbol
FNDA:380,TokenHelper.symbol
DA:31,380
DA:32,380
DA:34,380
BRDA:34,1,0,1
BRDA:34,1,1,377
DA:35,1
DA:36,379
BRDA:36,2,0,2
BRDA:36,2,1,377
DA:37,2
DA:39,377
DA:46,144
FN:46,TokenHelper.removeZeros
FNDA:144,TokenHelper.removeZeros
DA:47,144
DA:49,144
DA:50,4545
DA:52,2362
DA:57,581
FN:57,TokenHelper._tokenMetadataCall
FNDA:581,TokenHelper._tokenMetadataCall
DA:59,581
BRDA:59,4,0,1
BRDA:59,4,1,580
DA:61,580
DA:64,580
BRDA:64,5,0,2
DA:65,2
DA:68,578
FNF:4
FNH:4
LF:25
LH:25
BRF:8
BRH:8
end_of_record
TN:
SF:silo-core/contracts/lib/Views.sol
DA:28,112700
FN:28,Views.isSolvent
FNDA:112700,Views.isSolvent
DA:29,112700
DA:32,112700
DA:34,112700
DA:41,557
FN:41,Views.flashFee
FNDA:557,Views.flashFee
DA:42,557
DA:45,612
FN:45,Views.maxFlashLoan
FNDA:612,Views.maxFlashLoan
DA:46,612
DA:48,574
DA:49,574
DA:50,574
DA:54,574
DA:58,26456
FN:58,Views.maxBorrow
FNDA:26456,Views.maxBorrow
DA:63,26456
DA:66,6575
FN:66,Views.maxWithdraw
FNDA:6575,Views.maxWithdraw
DA:71,6575
DA:81,17901
FN:81,Views.maxRepay
FNDA:17901,Views.maxRepay
DA:82,17901
DA:83,17901
DA:85,17901
DA:86,17901
DA:88,17901
DA:93,70
FN:93,Views.getSiloStorage
FNDA:70,Views.getSiloStorage
DA:104,70
DA:106,70
DA:107,70
DA:108,70
DA:109,70
DA:110,70
DA:113,902753
FN:113,Views.utilizationData
FNDA:902753,Views.utilizationData
DA:114,902753
DA:116,902753
DA:123,77
FN:123,Views.getDebtAssets
FNDA:77,Views.getDebtAssets
DA:124,77
DA:126,77
DA:131,399242
FN:131,Views.getCollateralAndProtectedAssets
FNDA:399242,Views.getCollateralAndProtectedAssets
DA:136,399242
DA:138,399242
DA:139,399242
DA:142,426552
FN:142,Views.getCollateralAndDebtAssets
FNDA:426552,Views.getCollateralAndDebtAssets
DA:147,426552
DA:149,426552
DA:150,426552
DA:153,1057
FN:153,Views.copySiloConfig
FNDA:1057,Views.copySiloConfig
DA:164,1057
DA:166,1057
DA:167,1057
DA:168,1057
DA:170,1057
DA:173,1057
DA:174,1057
DA:175,1057
DA:176,1057
DA:177,1057
DA:178,1057
DA:179,1057
DA:180,1057
DA:181,1057
DA:183,1057
DA:184,1057
DA:185,1057
DA:187,1057
DA:190,1057
DA:191,1057
DA:192,1057
DA:193,1057
DA:194,1057
DA:195,1057
DA:196,1057
DA:197,1057
DA:198,1057
DA:202,1092
FN:202,Views.validateSiloInitData
FNDA:1092,Views.validateSiloInitData
DA:209,1092
BRDA:209,1,0,1
BRDA:209,1,1,1091
DA:211,1091
BRDA:211,2,0,1
BRDA:211,2,1,1090
DA:212,1090
BRDA:212,3,0,1
BRDA:212,3,1,1089
DA:214,1089
BRDA:214,4,0,1
BRDA:214,4,1,1088
DA:215,1088
BRDA:215,5,0,1
BRDA:215,5,1,1087
DA:216,1087
BRDA:216,6,0,1
BRDA:216,6,1,1086
DA:217,1086
BRDA:217,7,0,-
BRDA:217,7,1,1086
DA:218,1086
BRDA:218,8,0,1
BRDA:218,8,1,1085
DA:219,1085
BRDA:219,9,0,1
BRDA:219,9,1,1084
DA:220,1084
BRDA:220,10,0,2
BRDA:220,10,1,1082
DA:221,1082
BRDA:221,11,0,1
BRDA:221,11,1,1081
DA:223,1081
BRDA:223,12,0,1
BRDA:223,12,1,1080
DA:228,1080
BRDA:228,13,0,1
BRDA:228,13,1,1079
DA:233,1079
BRDA:233,14,0,1
BRDA:233,14,1,1078
DA:238,1078
BRDA:238,15,0,1
BRDA:238,15,1,1077
DA:243,1077
DA:245,1074
BRDA:245,16,0,1
BRDA:245,16,1,1073
DA:246,1073
BRDA:246,17,0,1
BRDA:246,17,1,1072
DA:247,1072
BRDA:247,18,0,1
BRDA:247,18,1,1071
DA:248,1071
BRDA:248,19,0,1
BRDA:248,19,1,1070
DA:249,1070
BRDA:249,20,0,1
BRDA:249,20,1,1069
DA:250,1069
BRDA:250,21,0,1
BRDA:250,21,1,1068
DA:251,1068
BRDA:251,22,0,-
BRDA:251,22,1,1068
DA:252,1068
BRDA:252,23,0,-
BRDA:252,23,1,1068
DA:254,1068
BRDA:254,24,0,7
BRDA:254,24,1,1061
DA:259,1061
DA:262,1077
FN:262,Views.verifyQuoteTokens
FNDA:1077,Views.verifyQuoteTokens
DA:263,1077
DA:265,1077
DA:266,1077
DA:267,1076
DA:268,1075
DA:271,4305
FN:271,Views.verifyQuoteToken
FNDA:4305,Views.verifyQuoteToken
DA:276,4305
DA:278,81
DA:280,81
DA:281,42
BRDA:281,27,0,3
BRDA:281,27,1,39
FNF:15
FNH:15
LF:109
LH:109
BRF:50
BRH:47
end_of_record
TN:
SF:silo-core/contracts/silo-router/SiloRouter.sol
DA:24,22
FN:24,SiloRouter.constructor
FNDA:22,SiloRouter.constructor
DA:26,22
DA:36,24
FN:36,SiloRouter.multicall
FNDA:24,SiloRouter.multicall
DA:44,20
DA:46,20
DA:48,39
DA:51,0
DA:55,3
FN:55,SiloRouter.pause
FNDA:3,SiloRouter.pause
DA:56,2
DA:60,2
FN:60,SiloRouter.unpause
FNDA:2,SiloRouter.unpause
DA:61,1
FNF:4
FNH:4
LF:11
LH:10
BRF:0
BRH:0
end_of_record
TN:
SF:silo-core/contracts/silo-router/SiloRouterImplementation.sol
DA:72,3
FN:72,SiloRouterImplementation.wrap
FNDA:3,SiloRouterImplementation.wrap
DA:73,4
DA:77,3
FN:77,SiloRouterImplementation.unwrap
FNDA:3,SiloRouterImplementation.unwrap
DA:78,5
DA:82,2
FN:82,SiloRouterImplementation.unwrapAll
FNDA:2,SiloRouterImplementation.unwrapAll
DA:83,2
DA:84,2
DA:88,3
FN:88,SiloRouterImplementation.sendValue
FNDA:3,SiloRouterImplementation.sendValue
DA:89,6
DA:93,3
FN:93,SiloRouterImplementation.sendValueAll
FNDA:3,SiloRouterImplementation.sendValueAll
DA:94,3
DA:96,3
BRDA:96,0,0,3
DA:97,3
DA:102,3
FN:102,SiloRouterImplementation.transfer
FNDA:3,SiloRouterImplementation.transfer
DA:103,3
DA:107,0
FN:107,SiloRouterImplementation.transferAll
FNDA:0,SiloRouterImplementation.transferAll
DA:108,0
DA:110,0
BRDA:110,1,0,-
DA:111,0
DA:116,4
FN:116,SiloRouterImplementation.transferFrom
FNDA:4,SiloRouterImplementation.transferFrom
DA:117,5
DA:121,5
FN:121,SiloRouterImplementation.approve
FNDA:5,SiloRouterImplementation.approve
DA:122,7
DA:126,2
FN:126,SiloRouterImplementation.deposit
FNDA:2,SiloRouterImplementation.deposit
DA:131,2
DA:135,2
FN:135,SiloRouterImplementation.withdraw
FNDA:2,SiloRouterImplementation.withdraw
DA:141,2
DA:145,2
FN:145,SiloRouterImplementation.withdrawAll
FNDA:2,SiloRouterImplementation.withdrawAll
DA:150,2
DA:151,2
DA:155,2
FN:155,SiloRouterImplementation.borrow
FNDA:2,SiloRouterImplementation.borrow
DA:160,2
DA:164,1
FN:164,SiloRouterImplementation.borrowSameAsset
FNDA:1,SiloRouterImplementation.borrowSameAsset
DA:169,1
DA:173,2
FN:173,SiloRouterImplementation.repay
FNDA:2,SiloRouterImplementation.repay
DA:174,4
DA:178,1
FN:178,SiloRouterImplementation.repayAll
FNDA:1,SiloRouterImplementation.repayAll
DA:179,1
DA:180,1
DA:182,1
DA:183,1
DA:185,1
DA:189,1
FN:189,SiloRouterImplementation.repayAllNative
FNDA:1,SiloRouterImplementation.repayAllNative
DA:193,1
DA:195,1
DA:196,1
DA:198,1
FNF:17
FNH:16
LF:47
LH:43
BRF:2
BRH:1
end_of_record
TN:
SF:silo-core/contracts/utils/CrossReentrancyGuard.sol
DA:13,290
FN:13,CrossReentrancyGuard.turnOnReentrancyProtection
FNDA:290,CrossReentrancyGuard.turnOnReentrancyProtection
DA:14,290
DA:16,21
BRDA:16,0,0,1
BRDA:16,0,1,20
DA:18,20
DA:22,288
FN:22,CrossReentrancyGuard.turnOffReentrancyProtection
FNDA:288,CrossReentrancyGuard.turnOffReentrancyProtection
DA:23,288
DA:29,20
BRDA:29,1,0,1
BRDA:29,1,1,19
DA:31,19
DA:35,3
FN:35,CrossReentrancyGuard.reentrancyGuardEntered
FNDA:3,CrossReentrancyGuard.reentrancyGuardEntered
DA:36,3
DA:39,1
FN:39,CrossReentrancyGuard._onlySiloOrTokenOrHookReceiver
FNDA:1,CrossReentrancyGuard._onlySiloOrTokenOrHookReceiver
FNF:4
FNH:4
LF:11
LH:11
BRF:4
BRH:4
end_of_record
TN:
SF:silo-core/contracts/utils/ShareCollateralToken.sol
DA:14,135367
FN:14,ShareCollateralToken.mint
FNDA:135367,ShareCollateralToken.mint
DA:15,135255
DA:19,25942
FN:19,ShareCollateralToken.burn
FNDA:25942,ShareCollateralToken.burn
DA:20,25830
BRDA:20,0,0,1452
DA:21,25414
DA:25,176614
FN:25,ShareCollateralToken._afterTokenTransfer
FNDA:176614,ShareCollateralToken._afterTokenTransfer
DA:26,176614
DA:30,176614
BRDA:30,1,0,313
DA:31,313
DA:32,313
BRDA:32,2,0,9
BRDA:32,2,1,304
DA:35,176605
FNF:3
FNH:3
LF:11
LH:11
BRF:4
BRH:4
end_of_record
TN:
SF:silo-core/contracts/utils/ShareDebtToken.sol
DA:22,74
FN:22,ShareDebtToken.callOnBehalfOfShareToken
FNDA:74,ShareDebtToken.callOnBehalfOfShareToken
DA:29,1
DA:33,1129
FN:33,ShareDebtToken.initialize
FNDA:1129,ShareDebtToken.initialize
DA:34,1129
DA:38,56020
FN:38,ShareDebtToken.mint
FNDA:56020,ShareDebtToken.mint
DA:39,55944
BRDA:39,0,0,6
DA:40,55939
DA:44,24481
FN:44,ShareDebtToken.burn
FNDA:24481,ShareDebtToken.burn
DA:45,24406
DA:49,66
FN:49,ShareDebtToken.setReceiveApproval
FNDA:66,ShareDebtToken.setReceiveApproval
DA:50,66
DA:52,32
DA:56,38
FN:56,ShareDebtToken.decreaseReceiveAllowance
FNDA:38,ShareDebtToken.decreaseReceiveAllowance
DA:57,38
DA:59,4
DA:61,4
DA:65,4
DA:68,4
DA:72,38
FN:72,ShareDebtToken.increaseReceiveAllowance
FNDA:38,ShareDebtToken.increaseReceiveAllowance
DA:73,38
DA:75,4
DA:77,4
DA:81,43
FN:81,ShareDebtToken.receiveAllowance
FNDA:43,ShareDebtToken.receiveAllowance
DA:82,43
DA:89,65
FN:89,ShareDebtToken._setReceiveApproval
FNDA:65,ShareDebtToken._setReceiveApproval
DA:90,65
BRDA:90,1,0,-
BRDA:90,1,1,65
DA:91,65
BRDA:91,2,0,-
BRDA:91,2,1,65
DA:93,65
DA:95,65
DA:97,65
DA:101,80373
FN:101,ShareDebtToken._beforeTokenTransfer
FNDA:80373,ShareDebtToken._beforeTokenTransfer
DA:106,80373
DA:109,80373
BRDA:109,3,0,30
DA:112,30
DA:115,30
DA:118,28
DA:119,28
BRDA:119,5,0,3
BRDA:119,5,1,25
DA:121,25
DA:126,25
DA:129,25
DA:134,80370
FN:134,ShareDebtToken._afterTokenTransfer
FNDA:80370,ShareDebtToken._afterTokenTransfer
DA:135,80370
DA:140,80370
BRDA:140,6,0,25
DA:141,25
DA:142,25
DA:143,25
BRDA:143,7,0,9
BRDA:143,7,1,16
DA:146,80361
DA:149,79
FN:149,ShareDebtToken._receiveAllowance
FNDA:79,ShareDebtToken._receiveAllowance
DA:150,79
FNF:12
FNH:12
LF:49
LH:49
BRF:11
BRH:9
end_of_record
TN:
SF:silo-core/contracts/utils/ShareProtectedCollateralToken.sol
DA:11,74
FN:11,ShareProtectedCollateralToken.callOnBehalfOfShareToken
FNDA:74,ShareProtectedCollateralToken.callOnBehalfOfShareToken
DA:18,1
DA:22,1125
FN:22,ShareProtectedCollateralToken.initialize
FNDA:1125,ShareProtectedCollateralToken.initialize
DA:23,1125
FNF:2
FNH:2
LF:4
LH:4
BRF:0
BRH:0
end_of_record
TN:
SF:silo-core/contracts/utils/ShareToken.sol
DA:66,3604
FN:66,ShareToken.onlySilo
FNDA:3604,ShareToken.onlySilo
DA:67,3604
BRDA:67,0,0,187
BRDA:67,0,1,50236
DA:72,16097
FN:72,ShareToken.onlyHookReceiver
FNDA:16097,ShareToken.onlyHookReceiver
DA:73,16097
BRDA:73,1,0,186
BRDA:73,1,1,15918
DA:82,1589
FN:82,ShareToken.constructor
FNDA:1589,ShareToken.constructor
DA:83,1589
DA:87,3604
FN:87,ShareToken.synchronizeHooks
FNDA:3604,ShareToken.synchronizeHooks
DA:88,3382
DA:90,3382
DA:91,3382
DA:95,16104
FN:95,ShareToken.forwardTransferFromNoChecks
FNDA:16104,ShareToken.forwardTransferFromNoChecks
DA:100,15918
DA:102,15918
DA:103,15918
DA:104,15918
DA:107,172
FN:107,ShareToken.silo
FNDA:172,ShareToken.silo
DA:108,172
DA:111,186
FN:111,ShareToken.siloConfig
FNDA:186,ShareToken.siloConfig
DA:112,186
DA:115,243
FN:115,ShareToken.hookSetup
FNDA:243,ShareToken.hookSetup
DA:116,243
DA:119,186
FN:119,ShareToken.hookReceiver
FNDA:186,ShareToken.hookReceiver
DA:120,186
DA:124,161
FN:124,ShareToken.transferFrom
FNDA:161,ShareToken.transferFrom
DA:130,161
DA:132,25
DA:134,18
DA:138,465
FN:138,ShareToken.transfer
FNDA:465,ShareToken.transfer
DA:144,465
DA:146,329
DA:148,302
DA:151,3315
FN:151,ShareToken.approve
FNDA:3315,ShareToken.approve
DA:157,3315
DA:159,3145
DA:163,186
FN:163,ShareToken.permit
FNDA:186,ShareToken.permit
DA:172,186
DA:174,16
DA:178,194
FN:178,ShareToken.decimals
FNDA:194,ShareToken.decimals
DA:179,194
DA:189,186
FN:189,ShareToken.name
FNDA:186,ShareToken.name
DA:196,186
DA:206,186
FN:206,ShareToken.symbol
FNDA:186,ShareToken.symbol
DA:213,186
DA:216,911397
FN:216,ShareToken.balanceOfAndTotalSupply
FNDA:911397,ShareToken.balanceOfAndTotalSupply
DA:217,911397
DA:221,3306
FN:221,ShareToken._shareTokenInitialize
FNDA:3306,ShareToken._shareTokenInitialize
DA:230,3162
DA:232,3162
DA:236,257284
FN:236,ShareToken._update
FNDA:257284,ShareToken._update
DA:237,257284
BRDA:237,2,0,13
BRDA:237,2,1,257271
DA:239,257271
DA:241,257268
DA:243,256984
DA:248,176898
FN:248,ShareToken._beforeTokenTransfer
FNDA:176898,ShareToken._beforeTokenTransfer
DA:251,256966
FN:251,ShareToken._afterTokenTransfer
FNDA:256966,ShareToken._afterTokenTransfer
DA:252,256966
DA:253,256966
DA:255,256966
DA:257,256966
DA:263,59
DA:270,626
FN:270,ShareToken._crossNonReentrantBefore
FNDA:626,ShareToken._crossNonReentrantBefore
DA:275,626
DA:276,626
DA:279,10375
FN:279,ShareToken._getSiloConfig
FNDA:10375,ShareToken._getSiloConfig
DA:280,10375
DA:283,245586
FN:283,ShareToken._getSilo
FNDA:245586,ShareToken._getSilo
DA:284,245586
FNF:24
FNH:24
LF:67
LH:67
BRF:6
BRH:6
end_of_record
TN:
SF:silo-core/contracts/utils/TokenRescuer.sol
DA:13,0
FN:13,TokenRescuer._rescueTokens
FNDA:0,TokenRescuer._rescueTokens
DA:14,0
BRDA:14,0,0,-
DA:16,0
DA:17,0
DA:19,0
FNF:1
FNH:0
LF:5
LH:0
BRF:1
BRH:0
end_of_record
TN:
SF:silo-core/contracts/utils/Tower.sol
DA:24,1578
FN:24,Tower.register
FNDA:1578,Tower.register
DA:25,1578
DA:26,1578
BRDA:26,0,0,-
DA:27,1578
BRDA:27,1,0,-
DA:29,1578
DA:30,1578
DA:35,0
FN:35,Tower.unregister
FNDA:0,Tower.unregister
DA:36,0
DA:37,0
BRDA:37,2,0,-
DA:39,0
DA:40,0
DA:46,0
FN:46,Tower.update
FNDA:0,Tower.update
DA:47,0
DA:48,0
BRDA:48,3,0,-
DA:49,0
BRDA:49,4,0,-
DA:51,0
DA:52,0
DA:57,0
FN:57,Tower.coordinates
FNDA:0,Tower.coordinates
DA:58,0
DA:63,0
FN:63,Tower.rawCoordinates
FNDA:0,Tower.rawCoordinates
DA:64,0
DA:70,0
FN:70,Tower.makeKey
FNDA:0,Tower.makeKey
DA:71,1578
FNF:6
FNH:1
LF:23
LH:7
BRF:5
BRH:0
end_of_record
TN:
SF:silo-core/contracts/utils/hook-receivers/SiloHookV1.sol
DA:13,503
FN:13,SiloHookV1.initialize
FNDA:503,SiloHookV1.initialize
DA:18,482
DA:20,482
DA:21,482
DA:25,18
FN:25,SiloHookV1.beforeAction
FNDA:18,SiloHookV1.beforeAction
DA:31,18
DA:35,22
FN:35,SiloHookV1.afterAction
FNDA:22,SiloHookV1.afterAction
DA:40,22
FNF:3
FNH:3
LF:8
LH:8
BRF:0
BRH:0
end_of_record
TN:
SF:silo-core/contracts/utils/hook-receivers/_common/BaseHookReceiver.sol
DA:15,569
FN:15,BaseHookReceiver.constructor
FNDA:569,BaseHookReceiver.constructor
DA:16,569
DA:20,1083
FN:20,BaseHookReceiver.hookReceiverConfig
FNDA:1083,BaseHookReceiver.hookReceiverConfig
DA:26,1083
DA:31,482
FN:31,BaseHookReceiver.__BaseHookReceiver_init
FNDA:482,BaseHookReceiver.__BaseHookReceiver_init
DA:36,482
BRDA:36,0,0,-
BRDA:36,0,1,482
DA:37,482
BRDA:37,1,0,-
BRDA:37,1,1,482
DA:39,482
DA:46,47
FN:46,BaseHookReceiver._setHookConfig
FNDA:47,BaseHookReceiver._setHookConfig
DA:47,47
DA:48,47
DA:50,47
DA:57,1084
FN:57,BaseHookReceiver._hookReceiverConfig
FNDA:1084,BaseHookReceiver._hookReceiverConfig
DA:58,1084
DA:60,1084
DA:61,1084
DA:67,1
FN:67,BaseHookReceiver._getHooksBefore
FNDA:1,BaseHookReceiver._getHooksBefore
DA:68,1
DA:74,8
FN:74,BaseHookReceiver._getHooksAfter
FNDA:8,BaseHookReceiver._getHooksAfter
DA:75,8
FNF:7
FNH:7
LF:20
LH:20
BRF:4
BRH:2
end_of_record
TN:
SF:silo-core/contracts/utils/hook-receivers/gauge/GaugeHookReceiver.sol
DA:24,527
FN:24,GaugeHookReceiver.constructor
FNDA:527,GaugeHookReceiver.constructor
DA:26,527
DA:30,28
FN:30,GaugeHookReceiver.setGauge
FNDA:28,GaugeHookReceiver.setGauge
DA:31,9
BRDA:31,0,0,-
BRDA:31,0,1,9
DA:32,9
BRDA:32,1,0,1
BRDA:32,1,1,7
DA:34,7
DA:36,7
BRDA:36,2,0,1
BRDA:36,2,1,6
DA:38,6
DA:40,5
DA:41,4
DA:43,4
DA:44,4
DA:46,4
DA:48,4
DA:50,4
DA:54,22
FN:54,GaugeHookReceiver.removeGauge
FNDA:22,GaugeHookReceiver.removeGauge
DA:55,3
DA:57,3
BRDA:57,3,0,1
BRDA:57,3,1,2
DA:58,2
BRDA:58,4,0,1
BRDA:58,4,1,1
DA:60,1
DA:62,1
DA:63,1
DA:65,1
DA:67,1
DA:69,1
DA:71,1
DA:75,22
FN:75,GaugeHookReceiver.afterAction
FNDA:22,GaugeHookReceiver.afterAction
DA:80,22
DA:82,22
BRDA:82,5,0,19
BRDA:82,5,1,3
DA:84,3
DA:85,2
DA:87,1
DA:89,1
DA:104,6
FN:104,GaugeHookReceiver._getTokenType
FNDA:6,GaugeHookReceiver._getTokenType
DA:105,6
DA:109,6
DA:111,6
DA:112,2
DA:113,2
DA:115,1
DA:120,482
FN:120,GaugeHookReceiver.__GaugeHookReceiver_init
FNDA:482,GaugeHookReceiver.__GaugeHookReceiver_init
DA:125,482
BRDA:125,11,0,-
BRDA:125,11,1,482
DA:127,482
FNF:6
FNH:6
LF:43
LH:43
BRF:14
BRH:12
end_of_record
TN:
SF:silo-core/contracts/utils/hook-receivers/liquidation/PartialLiquidation.sol
DA:38,21064
FN:38,PartialLiquidation.liquidationCall
FNDA:21064,PartialLiquidation.liquidationCall
DA:49,21064
DA:51,21064
BRDA:51,0,0,-
BRDA:51,0,1,21064
DA:52,21064
BRDA:52,1,0,1
BRDA:52,1,1,21063
DA:54,21063
DA:56,21045
DA:59,21045
DA:61,21039
DA:63,21039
DA:73,21039
DA:76,21035
BRDA:76,2,0,5122
BRDA:76,2,1,15913
DA:78,15913
DA:79,15913
DA:81,15913
DA:83,15913
DA:92,15913
DA:101,15913
DA:103,15913
DA:105,7429
BRDA:105,3,0,7429
BRDA:105,3,1,2
DA:106,7429
BRDA:106,4,0,7427
DA:107,7427
DA:113,7429
BRDA:113,5,0,1
DA:117,1
DA:130,8484
BRDA:130,6,0,8482
DA:131,8482
DA:139,8432
BRDA:139,7,0,2
DA:143,2
DA:153,15861
DA:164,47132
FN:164,PartialLiquidation.maxLiquidation
FNDA:47132,PartialLiquidation.maxLiquidation
DA:170,47132
DA:173,21045
FN:173,PartialLiquidation._fetchConfigs
FNDA:21045,PartialLiquidation._fetchConfigs
DA:186,21045
DA:188,21045
BRDA:188,8,0,2
BRDA:188,8,1,21043
DA:189,21043
BRDA:189,9,0,2
BRDA:189,9,1,21041
DA:190,21041
BRDA:190,10,0,2
BRDA:190,10,1,21039
DA:192,21039
DA:194,21039
BRDA:194,11,0,10670
DA:195,10670
DA:196,10670
DA:197,10670
DA:201,31826
FN:201,PartialLiquidation._callShareTokenForwardTransferNoChecks
FNDA:31826,PartialLiquidation._callShareTokenForwardTransferNoChecks
DA:209,31826
DA:211,15912
DA:219,15912
DA:221,15912
FNF:4
FNH:4
LF:45
LH:45
BRF:19
BRH:18
end_of_record
TN:
SF:silo-core/contracts/utils/hook-receivers/liquidation/lib/PartialLiquidationExecLib.sol
DA:12,21304
FN:12,PartialLiquidationExecLib.getExactLiquidationAmounts
FNDA:21304,PartialLiquidationExecLib.getExactLiquidationAmounts
DA:28,21304
DA:37,21304
DA:39,21304
DA:53,21304
DA:63,47132
FN:63,PartialLiquidationExecLib.maxLiquidation
FNDA:47132,PartialLiquidationExecLib.maxLiquidation
DA:68,47132
DA:71,47132
DA:73,47132
BRDA:73,0,0,6259
DA:74,6259
DA:77,40873
DA:86,40873
DA:88,40873
DA:90,40873
DA:92,40873
DA:94,40873
DA:96,39889
DA:97,39889
DA:99,34080
DA:114,34080
DA:115,34080
DA:122,21312
FN:122,PartialLiquidationExecLib.liquidationPreview
FNDA:21312,PartialLiquidationExecLib.liquidationPreview
DA:130,21312
DA:132,21312
BRDA:132,4,0,8
DA:133,8
DA:136,21304
BRDA:136,5,0,3
DA:137,3
DA:146,21301
DA:148,21301
DA:150,21301
DA:152,21292
DA:154,21292
DA:163,21292
BRDA:163,7,0,-
DA:164,0
FNF:3
FNH:3
LF:34
LH:33
BRF:4
BRH:3
end_of_record
TN:
SF:silo-core/contracts/utils/hook-receivers/liquidation/lib/PartialLiquidationLib.sol
DA:40,34347
FN:40,PartialLiquidationLib.maxLiquidation
FNDA:34347,PartialLiquidationLib.maxLiquidation
DA:52,34347
DA:54,34347
DA:61,34347
DA:67,34347
BRDA:67,0,0,24641
BRDA:67,0,1,9706
DA:73,24641
DA:75,9706
DA:78,34347
DA:84,21836
FN:84,PartialLiquidationLib.liquidationPreview
FNDA:21836,PartialLiquidationLib.liquidationPreview
DA:96,21836
DA:97,21836
DA:99,21836
BRDA:99,1,0,8455
BRDA:99,1,1,1076
DA:101,8455
DA:102,8455
DA:104,13381
DA:111,13381
BRDA:111,2,0,8320
BRDA:111,2,1,1076
DA:113,8320
DA:114,8320
DA:117,5061
DA:118,5061
DA:119,5061
DA:123,21836
DA:127,21836
DA:133,21836
DA:141,109119
FN:141,PartialLiquidationLib.valueToAssetsByRatio
FNDA:109119,PartialLiquidationLib.valueToAssetsByRatio
DA:146,109119
BRDA:146,3,0,-
BRDA:146,3,1,109119
DA:148,109119
DA:154,8
FN:154,PartialLiquidationLib.calculateCollateralsToLiquidate
FNDA:8,PartialLiquidationLib.calculateCollateralsToLiquidate
DA:160,8
DA:165,8
BRDA:165,4,0,4
DA:166,4
DA:170,4
DA:182,34621
FN:182,PartialLiquidationLib.maxLiquidationPreview
FNDA:34621,PartialLiquidationLib.maxLiquidationPreview
DA:188,34621
DA:192,34621
DA:200,56472
FN:200,PartialLiquidationLib.calculateCollateralToLiquidate
FNDA:56472,PartialLiquidationLib.calculateCollateralToLiquidate
DA:205,56472
DA:207,56472
DA:209,56472
BRDA:209,5,0,12604
DA:210,12604
DA:229,48013
FN:229,PartialLiquidationLib.estimateMaxRepayValue
FNDA:48013,PartialLiquidationLib.estimateMaxRepayValue
DA:235,48013
DA:236,48005
DA:239,48005
DA:240,24478
DA:243,24238
DA:245,24238
DA:248,24238
DA:250,24181
DA:254,24181
DA:257,24181
DA:261,24181
DA:264,24181
BRDA:264,11,0,3
DA:265,3
DA:268,24178
DA:271,24178
DA:276,23400
DA:283,21309
FN:283,PartialLiquidationLib.splitReceiveCollateralToLiquidate
FNDA:21309,PartialLiquidationLib.splitReceiveCollateralToLiquidate
DA:288,21309
DA:291,21292
DA:301,21836
FN:301,PartialLiquidationLib._calculateLtvAfter
FNDA:21836,PartialLiquidationLib._calculateLtvAfter
DA:311,21836
BRDA:311,14,0,12209
DA:312,12209
DA:316,9627
DA:324,9627
FN:324,PartialLiquidationLib._ltvAfter
FNDA:9627,PartialLiquidationLib._ltvAfter
DA:326,9627
DA:327,9627
FNF:10
FNH:10
LF:67
LH:67
BRF:12
BRH:11
end_of_record
TN:
SF:silo-core/contracts/utils/liquidationHelper/DexSwap.sol
DA:24,529
FN:24,DexSwap.constructor
FNDA:529,DexSwap.constructor
DA:25,529
BRDA:25,0,0,-
DA:27,529
DA:35,0
FN:35,DexSwap.fillQuote
FNDA:0,DexSwap.fillQuote
DA:36,0
DA:40,0
DA:41,0
BRDA:41,1,0,-
DA:43,0
FNF:2
FNH:1
LF:8
LH:3
BRF:2
BRH:0
end_of_record
TN:
SF:silo-core/contracts/utils/liquidationHelper/LiquidationHelper.sol
DA:42,529
FN:42,LiquidationHelper.constructor
FNDA:529,LiquidationHelper.constructor
DA:47,529
DA:48,529
DA:49,529
DA:55,0
FN:55,LiquidationHelper.rescueTokens
FNDA:0,LiquidationHelper.rescueTokens
DA:56,0
DA:64,515
FN:64,LiquidationHelper.executeLiquidation
[...]
FNDA:0,Gas._gasTestsInit
DA:24,0
DA:25,0
DA:27,0
DA:28,0
DA:29,0
DA:30,0
DA:32,0
DA:33,0
DA:34,0
DA:36,0
DA:38,0
DA:40,0
DA:41,0
DA:43,0
DA:44,0
DA:45,0
DA:46,0
DA:48,0
DA:49,0
DA:50,0
DA:51,0
DA:54,0
FN:54,Gas._action
FNDA:0,Gas._action
DA:61,0
DA:64,0
FN:64,Gas._action
FNDA:0,Gas._action
DA:72,0
DA:74,0
DA:75,0
DA:76,0
DA:77,0
DA:79,0
DA:81,0
BRDA:81,0,0,-
DA:82,0
DA:85,0
BRDA:85,1,0,-
BRDA:85,1,1,-
DA:86,0
DA:87,0
DA:89,0
BRDA:89,2,0,-
BRDA:89,2,1,-
DA:90,0
DA:92,0
DA:106,0
FNF:3
FNH:0
LF:40
LH:0
BRF:5
BRH:0
end_of_record
TN:
SF:silo-core/test/foundry/incentives/SiloIncentivesController.i.sol
DA:27,7
FN:27,HookContract.setup
FNDA:7,HookContract.setup
DA:31,7
DA:32,7
DA:36,72
FN:36,HookContract.totalSupply
FNDA:72,HookContract.totalSupply
DA:37,72
DA:41,65
FN:41,HookContract.balanceOf
FNDA:65,HookContract.balanceOf
DA:42,65
DA:45,21
FN:45,HookContract.hookReceiverConfig
FNDA:21,HookContract.hookReceiverConfig
DA:46,21
DA:47,21
DA:50,10
FN:50,HookContract.afterAction
FNDA:10,HookContract.afterAction
DA:51,10
DA:53,10
FNF:5
FNH:5
LF:13
LH:13
BRF:0
BRH:0
end_of_record
TN:
SF:silo-core/test/foundry/interestRateModel/InterestRateModelV2Checked.sol
DA:74,0
FN:74,InterestRateModelV2Checked.initialize
FNDA:0,InterestRateModelV2Checked.initialize
DA:75,0
BRDA:75,0,0,-
DA:76,0
BRDA:76,1,0,-
DA:78,0
DA:80,0
DA:84,0
FN:84,InterestRateModelV2Checked.getCompoundInterestRateAndUpdate
FNDA:0,InterestRateModelV2Checked.getCompoundInterestRateAndUpdate
DA:95,0
DA:97,0
DA:99,0
DA:100,0
DA:102,0
DA:110,0
DA:112,0
DA:116,0
DA:122,0
FN:122,InterestRateModelV2Checked.decimals
FNDA:0,InterestRateModelV2Checked.decimals
DA:123,0
DA:127,0
FN:127,InterestRateModelV2Checked.getCompoundInterestRate
FNDA:0,InterestRateModelV2Checked.getCompoundInterestRate
DA:134,0
DA:136,0
DA:146,0
FN:146,InterestRateModelV2Checked.overflowDetected
FNDA:0,InterestRateModelV2Checked.overflowDetected
DA:153,0
DA:155,0
DA:165,0
FN:165,InterestRateModelV2Checked.getCurrentInterestRate
FNDA:0,InterestRateModelV2Checked.getCurrentInterestRate
DA:172,0
DA:174,0
DA:183,0
FN:183,InterestRateModelV2Checked.getConfig
FNDA:0,InterestRateModelV2Checked.getConfig
DA:184,0
DA:185,0
DA:187,0
BRDA:187,2,0,-
DA:188,0
DA:189,0
DA:194,0
FN:194,InterestRateModelV2Checked.calculateCurrentInterestRate
FNDA:0,InterestRateModelV2Checked.calculateCurrentInterestRate
DA:201,0
BRDA:201,3,0,-
DA:203,0
DA:205,0
DA:213,0
BRDA:213,4,0,-
DA:214,0
DA:220,0
DA:223,0
DA:224,0
DA:226,0
BRDA:226,5,0,-
BRDA:226,5,1,-
DA:228,0
DA:231,0
DA:235,0
DA:237,0
DA:239,0
DA:241,0
DA:242,0
DA:244,0
DA:248,0
FN:248,InterestRateModelV2Checked.calculateCompoundInterestRate
FNDA:0,InterestRateModelV2Checked.calculateCompoundInterestRate
DA:259,0
DA:269,0
FN:269,InterestRateModelV2Checked.calculateCompoundInterestRateWithOverflowDetection
FNDA:0,InterestRateModelV2Checked.calculateCompoundInterestRateWithOverflowDetection
DA:281,0
DA:282,0
DA:285,0
DA:287,0
BRDA:287,6,0,-
DA:292,0
DA:295,0
DA:297,0
DA:300,0
DA:302,0
BRDA:302,7,0,-
BRDA:302,7,1,-
DA:304,0
DA:306,0
DA:308,0
DA:311,0
DA:313,0
DA:315,0
DA:319,0
DA:321,0
DA:323,0
DA:325,0
DA:329,0
BRDA:329,8,0,-
BRDA:329,8,1,-
DA:332,0
DA:333,0
BRDA:333,9,0,-
BRDA:333,9,1,-
DA:336,0
DA:337,0
BRDA:337,10,0,-
BRDA:337,10,1,-
DA:340,0
DA:344,0
DA:348,0
DA:352,0
DA:358,0
DA:360,0
DA:362,0
BRDA:362,11,0,-
DA:363,0
DA:364,0
DA:370,268
FN:370,InterestRateModelV2Checked._calculateRComp
FNDA:268,InterestRateModelV2Checked._calculateRComp
DA:375,268
DA:377,268
BRDA:377,12,0,67
BRDA:377,12,1,115
DA:378,67
DA:381,67
DA:383,201
DA:384,201
DA:390,268
DA:392,268
BRDA:392,13,0,90
DA:393,90
DA:396,178
DA:398,178
BRDA:398,14,0,44
DA:399,44
DA:403,134
DA:404,134
DA:405,3
BRDA:405,15,0,3
DA:406,3
DA:408,3
DA:414,0
FN:414,InterestRateModelV2Checked._max
FNDA:0,InterestRateModelV2Checked._max
DA:415,0
DA:419,0
FN:419,InterestRateModelV2Checked._min
FNDA:0,InterestRateModelV2Checked._min
DA:420,0
DA:432,0
FN:432,InterestRateModelV2Checked._compoundInterestRateCAP
FNDA:0,InterestRateModelV2Checked._compoundInterestRateCAP
DA:439,0
DA:440,0
DA:451,0
FN:451,InterestRateModelV2Checked._currentInterestRateCAP
FNDA:0,InterestRateModelV2Checked._currentInterestRateCAP
DA:452,0
DA:453,0
FNF:15
FNH:1
LF:113
LH:18
BRF:22
BRH:5
end_of_record
TN:
SF:silo-core/test/foundry/interestRateModel/InterestRateModelV2Impl.sol
DA:7,2400
FN:7,InterestRateModelV2Impl.mockSetup
FNDA:2400,InterestRateModelV2Impl.mockSetup
DA:8,2400
BRDA:8,0,0,-
DA:9,2400
BRDA:9,1,0,-
DA:11,2400
BRDA:11,2,0,-
DA:12,2400
BRDA:12,3,0,-
DA:14,2400
DA:15,2400
DA:18,268
FN:18,InterestRateModelV2Impl.calculateRComp
FNDA:268,InterestRateModelV2Impl.calculateRComp
DA:23,268
FNF:2
FNH:2
LF:9
LH:9
BRF:4
BRH:0
end_of_record
TN:
SF:silo-core/test/foundry/lib/FuncAsParam.t.sol
DA:7,2
FN:7,TestLib.add
FNDA:2,TestLib.add
DA:8,2
DA:11,0
FN:11,TestLib.sub
FNDA:0,TestLib.sub
DA:12,0
FNF:2
FNH:1
LF:4
LH:2
BRF:0
BRH:0
end_of_record
TN:
SF:silo-core/test/foundry/lib/SiloMathLib/MulDivOverflow.t.sol
DA:8,268
FN:8,MulDivOverflow.mulDiv
FNDA:268,MulDivOverflow.mulDiv
DA:9,268
FNF:1
FNH:1
LF:2
LH:2
BRF:0
BRH:0
end_of_record
TN:
SF:silo-core/test/foundry/lib/SiloSolvencyLib/IsBelowMaxLtv.t.sol
DA:13,12
FN:13,IsBelowMaxLtv.isBelowMaxLtv
FNDA:12,IsBelowMaxLtv.isBelowMaxLtv
DA:19,12
FNF:1
FNH:1
LF:2
LH:2
BRF:0
BRH:0
end_of_record
TN:
SF:silo-core/test/foundry/lib/SiloStdLib/GetTotalAssetsAndTotalSharesWithInterest.t.sol
DA:14,1
FN:14,SiloStdLibImpl.getTotalAssetsAndTotalSharesWithInterest
FNDA:1,SiloStdLibImpl.getTotalAssetsAndTotalSharesWithInterest
DA:15,0
DA:16,0
FNF:1
FNH:1
LF:3
LH:1
BRF:0
BRH:0
end_of_record
TN:
SF:silo-core/test/foundry/lib/TokenHelper.t.sol
DA:15,1
FN:15,MockTokenWithMetadata.constructor
FNDA:1,MockTokenWithMetadata.constructor
DA:16,1
DA:17,1
FNF:1
FNH:1
LF:3
LH:3
BRF:0
BRH:0
end_of_record
TN:
SF:silo-core/test/foundry/storage/StorageUpdateTest.t.sol
DA:18,0
FN:18,ConfigContract.callContract
FNDA:0,ConfigContract.callContract
DA:19,0
FNF:1
FNH:0
LF:2
LH:0
BRF:0
BRH:0
end_of_record
TN:
SF:silo-core/test/foundry/utils/CrossReentrancyGuard.t.sol
DA:9,1
FN:9,CrossReentrancyGuardImpl.onlySiloOrTokenOrHookReceiver
FNDA:1,CrossReentrancyGuardImpl.onlySiloOrTokenOrHookReceiver
DA:10,1
FNF:1
FNH:1
LF:2
LH:2
BRF:0
BRH:0
end_of_record
TN:
SF:silo-core/test/foundry/utils/hook-receivers/liquidation/lib/PartialLiquidationExecLib/GetExactLiquidationAmounts.t.sol
DA:39,3
FN:39,GetExactLiquidationAmountsHelper.constructor
FNDA:3,GetExactLiquidationAmountsHelper.constructor
DA:40,3
DA:41,3
DA:43,3
DA:44,3
DA:45,3
DA:46,3
DA:48,3
DA:49,3
DA:50,3
DA:51,3
DA:53,3
DA:56,256
FN:56,GetExactLiquidationAmountsHelper.getExactLiquidationAmounts
FNDA:256,GetExactLiquidationAmountsHelper.getExactLiquidationAmounts
DA:62,256
DA:63,256
DA:65,256
DA:66,256
DA:68,256
DA:74,256
DA:80,256
DA:82,256
DA:91,258
FN:91,GetExactLiquidationAmountsHelper._configs
FNDA:258,GetExactLiquidationAmountsHelper._configs
DA:96,258
DA:97,258
DA:98,258
DA:99,258
DA:100,258
DA:101,258
DA:103,258
DA:105,258
DA:106,258
DA:107,258
DA:108,258
DA:109,258
DA:110,258
FNF:3
FNH:3
LF:35
LH:35
BRF:0
BRH:0
end_of_record
TN:
SF:silo-core/test/foundry/utils/hook-receivers/liquidation/lib/PartialLiquidationLib/MaxRepayRawMath.sol
DA:11,269
FN:11,MaxRepayRawMath._estimateMaxRepayValueRaw
FNDA:269,MaxRepayRawMath._estimateMaxRepayValueRaw
DA:19,269
DA:20,269
DA:22,269
DA:23,269
DA:25,269
DA:27,269
DA:31,269
FNF:1
FNH:1
LF:8
LH:8
BRF:0
BRH:0
end_of_record
TN:
SF:silo-core/test/foundry/utils/hook-receivers/liquidation/lib/PartialLiquidationLib/PartialLiquidationLibChecked.sol
DA:32,0
FN:32,PartialLiquidationLibChecked.maxLiquidation
FNDA:0,PartialLiquidationLibChecked.maxLiquidation
DA:44,0
DA:46,0
DA:53,0
DA:59,0
BRDA:59,0,0,-
BRDA:59,0,1,-
DA:65,0
DA:67,0
DA:70,0
DA:76,257
FN:76,PartialLiquidationLibChecked.liquidationPreview
FNDA:257,PartialLiquidationLibChecked.liquidationPreview
DA:88,257
DA:89,257
DA:91,257
BRDA:91,1,0,-
BRDA:91,1,1,13
DA:93,0
DA:94,0
DA:96,257
DA:103,257
BRDA:103,2,0,239
BRDA:103,2,1,13
DA:105,239
DA:106,239
DA:109,18
DA:110,18
DA:111,18
DA:115,257
DA:119,257
DA:125,257
DA:133,293
FN:133,PartialLiquidationLibChecked.valueToAssetsByRatio
FNDA:293,PartialLiquidationLibChecked.valueToAssetsByRatio
DA:138,293
BRDA:138,3,0,-
BRDA:138,3,1,293
DA:140,293
DA:146,0
FN:146,PartialLiquidationLibChecked.calculateCollateralsToLiquidate
FNDA:0,PartialLiquidationLibChecked.calculateCollateralsToLiquidate
DA:152,0
DA:157,0
BRDA:157,4,0,-
DA:158,0
DA:162,0
DA:174,268
FN:174,PartialLiquidationLibChecked.maxLiquidationPreview
FNDA:268,PartialLiquidationLibChecked.maxLiquidationPreview
DA:180,268
DA:184,268
DA:192,525
FN:192,PartialLiquidationLibChecked.calculateCollateralToLiquidate
FNDA:525,PartialLiquidationLibChecked.calculateCollateralToLiquidate
DA:197,525
DA:199,525
DA:201,525
BRDA:201,5,0,109
DA:202,109
DA:216,525
FN:216,PartialLiquidationLibChecked.estimateMaxRepayValue
FNDA:525,PartialLiquidationLibChecked.estimateMaxRepayValue
DA:222,525
DA:223,520
DA:226,520
DA:227,411
DA:230,404
DA:232,404
DA:235,404
DA:237,349
DA:241,349
DA:244,349
DA:248,349
DA:251,349
BRDA:251,11,0,-
DA:252,0
DA:255,349
DA:258,349
DA:263,349
DA:270,0
FN:270,PartialLiquidationLibChecked.splitReceiveCollateralToLiquidate
FNDA:0,PartialLiquidationLibChecked.splitReceiveCollateralToLiquidate
DA:275,0
DA:278,0
DA:288,257
FN:288,PartialLiquidationLibChecked._calculateLtvAfter
FNDA:257,PartialLiquidationLibChecked._calculateLtvAfter
DA:298,257
BRDA:298,14,0,239
DA:299,239
DA:303,18
DA:311,18
FN:311,PartialLiquidationLibChecked._ltvAfter
FNDA:18,PartialLiquidationLibChecked._ltvAfter
DA:313,18
DA:314,18
FNF:10
FNH:7
LF:67
LH:48
BRF:12
BRH:6
end_of_record
TN:
SF:silo-core/test/foundry/utils/liquidationHelper/LiquidationHelperCommon.sol
DA:33,2
FN:33,LiquidationHelperCommon.constructor
FNDA:2,LiquidationHelperCommon.constructor
DA:34,2
DA:39,514
FN:39,LiquidationHelperCommon._executeLiquidation
FNDA:514,LiquidationHelperCommon._executeLiquidation
DA:42,514
DA:47,257
FN:47,LiquidationHelperCommon._assertAddressDoesNotHaveTokens
FNDA:257,LiquidationHelperCommon._assertAddressDoesNotHaveTokens
DA:48,257
DA:49,257
DA:51,257
DA:52,257
DA:55,0
FN:55,LiquidationHelperCommon._assertAddressHasSTokens
FNDA:0,LiquidationHelperCommon._assertAddressHasSTokens
DA:56,0
DA:58,0
DA:59,0
DA:61,0
DA:64,1542
FN:64,LiquidationHelperCommon._assertAddressHasNoSTokens
FNDA:1542,LiquidationHelperCommon._assertAddressHasNoSTokens
DA:65,1542
DA:67,1542
DA:69,1542
DA:70,1542
DA:71,1542
DA:73,1542
DA:74,1542
DA:75,1542
FNF:5
FNH:4
LF:23
LH:18
BRF:0
BRH:0
end_of_record
TN:
SF:silo-core/test/foundry/utils/liquidationHelper/ManualLiquidationHelperCommon.sol
DA:28,5
FN:28,ManualLiquidationHelperCommon.constructor
FNDA:5,ManualLiquidationHelperCommon.constructor
DA:29,5
DA:32,776
FN:32,ManualLiquidationHelperCommon._executeLiquidation
FNDA:776,ManualLiquidationHelperCommon._executeLiquidation
DA:33,776
DA:36,5738
FN:36,ManualLiquidationHelperCommon._tokenReceiver
FNDA:5738,ManualLiquidationHelperCommon._tokenReceiver
DA:37,5738
DA:40,1026
FN:40,ManualLiquidationHelperCommon._assertAddressDoesNotHaveTokens
FNDA:1026,ManualLiquidationHelperCommon._assertAddressDoesNotHaveTokens
DA:41,1026
DA:42,1026
DA:44,1026
DA:45,1026
DA:48,263
FN:48,ManualLiquidationHelperCommon._assertAddressHasSTokens
FNDA:263,ManualLiquidationHelperCommon._assertAddressHasSTokens
DA:49,263
DA:51,263
DA:52,263
DA:54,263
DA:57,4656
FN:57,ManualLiquidationHelperCommon._assertAddressHasNoSTokens
FNDA:4656,ManualLiquidationHelperCommon._assertAddressHasNoSTokens
DA:58,4656
DA:60,4656
DA:62,4656
DA:63,4656
DA:64,4656
DA:66,4656
DA:67,4656
DA:68,4656
FNF:6
FNH:6
LF:25
LH:25
BRF:0
BRH:0
end_of_record
TN:
SF:silo-core/test/foundry/utils/liquidationHelper/ManualLiquidationHelper_2tokens_receiver.i.sol
DA:14,263
FN:14,ManualLiquidationHelper2TokensReceiverTest._executeLiquidation
FNDA:263,ManualLiquidationHelper2TokensReceiverTest._executeLiquidation
DA:15,263
DA:18,1842
FN:18,ManualLiquidationHelper2TokensReceiverTest._tokenReceiver
FNDA:1842,ManualLiquidationHelper2TokensReceiverTest._tokenReceiver
DA:19,1842
FNF:2
FNH:2
LF:4
LH:4
BRF:0
BRH:0
end_of_record
TN:
SF:silo-oracles/contracts/_common/Layer1OracleConfig.sol
DA:23,0
FN:23,Layer1OracleConfig.constructor
FNDA:0,Layer1OracleConfig.constructor
DA:30,0
DA:31,0
DA:33,0
DA:34,0
DA:36,0
FNF:1
FNH:0
LF:6
LH:0
BRF:0
BRH:0
end_of_record
TN:
SF:silo-oracles/contracts/_common/OracleFactory.sol
DA:21,0
FN:21,OracleFactory.constructor
FNDA:0,OracleFactory.constructor
DA:22,0
BRDA:22,0,0,-
DA:24,0
DA:31,0
FN:31,OracleFactory._saveOracle
FNDA:0,OracleFactory._saveOracle
DA:32,0
BRDA:32,1,0,-
DA:34,0
DA:36,0
DA:38,0
FNF:2
FNH:0
LF:8
LH:0
BRF:2
BRH:0
end_of_record
TN:
SF:silo-oracles/contracts/chainlinkV3/ChainlinkV3Oracle.sol
DA:17,0
FN:17,ChainlinkV3Oracle.constructor
FNDA:0,ChainlinkV3Oracle.constructor
DA:18,0
DA:23,0
FN:23,ChainlinkV3Oracle.initialize
FNDA:0,ChainlinkV3Oracle.initialize
DA:24,0
DA:25,0
DA:29,0
FN:29,ChainlinkV3Oracle.quote
FNDA:0,ChainlinkV3Oracle.quote
DA:30,0
DA:32,0
BRDA:32,0,0,-
DA:33,0
BRDA:33,1,0,-
DA:35,0
DA:36,0
BRDA:36,2,0,-
DA:38,0
BRDA:38,3,0,-
DA:39,0
DA:43,0
BRDA:43,4,0,-
DA:44,0
DA:47,0
DA:50,0
DA:52,0
BRDA:52,5,0,-
DA:54,0
DA:63,0
BRDA:63,6,0,-
DA:64,0
DA:68,0
FN:68,ChainlinkV3Oracle.getAggregatorPrice
FNDA:0,ChainlinkV3Oracle.getAggregatorPrice
DA:69,0
DA:71,0
DA:77,0
FN:77,ChainlinkV3Oracle.quoteToken
FNDA:0,ChainlinkV3Oracle.quoteToken
DA:78,0
DA:79,0
DA:82,0
FN:82,ChainlinkV3Oracle.beforeQuote
FNDA:0,ChainlinkV3Oracle.beforeQuote
DA:86,0
FN:86,ChainlinkV3Oracle._getAggregatorPrice
FNDA:0,ChainlinkV3Oracle._getAggregatorPrice
DA:92,0
DA:98,0
DA:101,0
DA:103,0
DA:105,0
BRDA:105,7,0,-
DA:106,0
DA:109,0
FNF:7
FNH:0
LF:36
LH:0
BRF:8
BRH:0
end_of_record
TN:
SF:silo-oracles/contracts/chainlinkV3/ChainlinkV3OracleConfig.sol
DA:28,0
FN:28,ChainlinkV3OracleConfig.constructor
FNDA:0,ChainlinkV3OracleConfig.constructor
DA:37,0
DA:38,0
DA:39,0
DA:40,0
DA:41,0
DA:44,0
FN:44,ChainlinkV3OracleConfig.getConfig
FNDA:0,ChainlinkV3OracleConfig.getConfig
DA:45,0
DA:46,0
DA:47,0
DA:48,0
DA:49,0
DA:50,0
DA:51,0
DA:52,0
DA:53,0
DA:54,0
FNF:2
FNH:0
LF:17
LH:0
BRF:0
BRH:0
end_of_record
TN:
SF:silo-oracles/contracts/chainlinkV3/ChainlinkV3OracleFactory.sol
DA:19,0
FN:19,ChainlinkV3OracleFactory.create
FNDA:0,ChainlinkV3OracleFactory.create
DA:24,0
DA:25,0
DA:27,0
BRDA:27,0,0,-
DA:29,0
DA:32,0
DA:33,0
DA:35,0
DA:36,0
DA:38,0
DA:40,0
DA:43,0
FN:43,ChainlinkV3OracleFactory.hashConfig
FNDA:0,ChainlinkV3OracleFactory.hashConfig
DA:49,0
DA:52,0
FN:52,ChainlinkV3OracleFactory.verifyConfig
FNDA:0,ChainlinkV3OracleFactory.verifyConfig
DA:58,0
BRDA:58,1,0,-
DA:59,0
BRDA:59,2,0,-
DA:60,0
BRDA:60,3,0,-
DA:62,0
BRDA:62,4,0,-
DA:64,0
BRDA:64,5,0,-
DA:65,0
DA:68,0
BRDA:68,6,0,-
DA:69,0
DA:72,0
BRDA:72,7,0,-
DA:73,0
BRDA:73,8,0,-
DA:75,0
BRDA:75,9,0,-
DA:76,0
DA:82,0
FN:82,ChainlinkV3OracleFactory.verifyHeartbeat
FNDA:0,ChainlinkV3OracleFactory.verifyHeartbeat
DA:83,0
BRDA:83,10,0,-
DA:84,0
DA:87,0
BRDA:87,11,0,-
BRDA:87,11,1,-
DA:88,0
BRDA:88,12,0,-
DA:90,0
BRDA:90,13,0,-
DA:91,0
FNF:4
FNH:0
LF:33
LH:0
BRF:15
BRH:0
end_of_record
TN:
SF:silo-oracles/contracts/dia/DIAOracle.sol
DA:25,0
FN:25,DIAOracle.constructor
FNDA:0,DIAOracle.constructor
DA:26,0
DA:31,0
FN:31,DIAOracle.initialize
FNDA:0,DIAOracle.initialize
DA:40,0
DA:42,0
DA:43,0
DA:45,0
DA:49,0
FN:49,DIAOracle.quote
FNDA:0,DIAOracle.quote
DA:50,0
DA:51,0
DA:53,0
BRDA:53,0,0,-
DA:54,0
BRDA:54,1,0,-
DA:56,0
DA:59,0
DA:61,0
BRDA:61,2,0,-
DA:63,0
BRDA:63,3,0,-
DA:64,0
DA:69,0
DA:71,0
DA:73,0
BRDA:73,4,0,-
DA:75,0
DA:86,0
FN:86,DIAOracle.quoteToken
FNDA:0,DIAOracle.quoteToken
DA:87,0
DA:88,0
DA:91,0
FN:91,DIAOracle.beforeQuote
FNDA:0,DIAOracle.beforeQuote
DA:100,0
FN:100,DIAOracle.getPriceForKey
FNDA:0,DIAOracle.getPriceForKey
DA:106,0
DA:107,0
DA:108,0
BRDA:108,5,0,-
DA:111,0
DA:113,0
DA:116,0
FNF:6
FNH:0
LF:32
LH:0
BRF:6
BRH:0
end_of_record
TN:
SF:silo-oracles/contracts/dia/DIAOracleConfig.sol
DA:24,0
FN:24,DIAOracleConfig.constructor
FNDA:0,DIAOracleConfig.constructor
DA:33,0
DA:34,0
DA:35,0
DA:38,0
FN:38,DIAOracleConfig.getConfig
FNDA:0,DIAOracleConfig.getConfig
DA:39,0
DA:40,0
DA:41,0
DA:42,0
DA:43,0
DA:44,0
DA:45,0
DA:46,0
FNF:2
FNH:0
LF:13
LH:0
BRF:0
BRH:0
end_of_record
TN:
SF:silo-oracles/contracts/dia/DIAOracleFactory.sol
DA:20,0
FN:20,DIAOracleFactory.create
FNDA:0,DIAOracleFactory.create
DA:25,0
DA:26,0
DA:28,0
BRDA:28,0,0,-
DA:30,0
DA:33,0
DA:35,0
DA:37,0
DA:39,0
DA:41,0
DA:44,0
FN:44,DIAOracleFactory.hashConfig
FNDA:0,DIAOracleFactory.hashConfig
DA:50,0
DA:53,0
FN:53,DIAOracleFactory.verifyConfig
FNDA:0,DIAOracleFactory.verifyConfig
DA:54,0
BRDA:54,1,0,-
DA:55,0
BRDA:55,2,0,-
DA:56,0
BRDA:56,3,0,-
DA:57,0
BRDA:57,4,0,-
DA:58,0
BRDA:58,5,0,-
DA:61,0
BRDA:61,6,0,-
DA:63,0
BRDA:63,7,0,-
DA:64,0
BRDA:64,8,0,-
DA:65,0
BRDA:65,9,0,-
DA:66,0
FNF:3
FNH:0
LF:23
LH:0
BRF:10
BRH:0
end_of_record
TN:
SF:silo-oracles/contracts/lib/OracleNormalization.sol
DA:44,0
FN:44,OracleNormalization.normalizePrice
FNDA:0,OracleNormalization.normalizePrice
DA:54,0
BRDA:54,0,0,-
DA:59,0
DA:62,0
DA:64,0
DA:66,0
DA:78,0
FN:78,OracleNormalization.normalizePrices
FNDA:0,OracleNormalization.normalizePrices
DA:94,0
DA:96,0
BRDA:96,1,0,-
DA:97,0
DA:99,0
DA:100,0
DA:103,0
DA:104,0
FNF:2
FNH:0
LF:14
LH:0
BRF:2
BRH:0
end_of_record
TN:
SF:silo-oracles/contracts/uniswapV3/UniswapV3OracleConfig.sol
DA:32,0
FN:32,UniswapV3OracleConfig.constructor
FNDA:0,UniswapV3OracleConfig.constructor
DA:36,0
DA:37,0
DA:38,0
DA:39,0
DA:40,0
DA:41,0
DA:44,0
FN:44,UniswapV3OracleConfig.getConfig
FNDA:0,UniswapV3OracleConfig.getConfig
DA:45,0
DA:46,0
DA:47,0
DA:48,0
DA:49,0
FNF:2
FNH:0
LF:13
LH:0
BRF:0
BRH:0
end_of_record
TN:
SF:silo-oracles/deploy/OraclesDeployments.sol
DA:16,12
FN:16,OraclesDeployments.save
FNDA:12,OraclesDeployments.save
DA:21,12
DA:29,12
FN:29,OraclesDeployments.get
FNDA:12,OraclesDeployments.get
DA:30,12
DA:32,12
BRDA:32,0,0,-
DA:33,0
DA:36,12
FNF:2
FNH:2
LF:7
LH:6
BRF:1
BRH:0
end_of_record
TN:
SF:silo-oracles/deploy/SiloOraclesFactoriesContracts.sol
DA:19,2
FN:19,SiloOraclesFactoriesDeployments.get
FNDA:2,SiloOraclesFactoriesDeployments.get
DA:20,2
FNF:1
FNH:1
LF:2
LH:2
BRF:0
BRH:0
end_of_record
TN:
SF:silo-oracles/deploy/chainlink-v3-oracle/ChainlinkV3OraclesConfigsParser.sol
DA:17,0
FN:17,ChainlinkV3OraclesConfigsParser.getConfig
FNDA:0,ChainlinkV3OraclesConfigsParser.getConfig
DA:24,0
DA:26,0
DA:27,0
DA:28,0
DA:29,0
DA:32,0
DA:33,0
BRDA:33,0,0,-
BRDA:33,0,1,-
DA:34,0
DA:36,0
DA:37,0
BRDA:37,1,0,-
BRDA:37,1,1,-
DA:38,0
DA:41,0
DA:42,0
DA:43,0
DA:45,0
BRDA:45,2,0,-
BRDA:45,2,1,-
DA:46,0
BRDA:46,3,0,-
BRDA:46,3,1,-
DA:47,0
BRDA:47,4,0,-
BRDA:47,4,1,-
DA:49,0
DA:51,0
BRDA:51,5,0,-
DA:52,0
DA:55,0
DA:56,0
DA:57,0
DA:58,0
DA:61,0
FN:61,ChainlinkV3OraclesConfigsParser.configFile
FNDA:0,ChainlinkV3OraclesConfigsParser.configFile
DA:62,0
FNF:2
FNH:0
LF:27
LH:0
BRF:11
BRH:0
end_of_record
TN:
SF:silo-oracles/deploy/dia-oracle/DIAOraclesConfigsParser.sol
DA:15,0
FN:15,DIAOraclesConfigsParser.getConfig
FNDA:0,DIAOraclesConfigsParser.getConfig
DA:22,0
DA:24,0
DA:25,0
DA:26,0
DA:27,0
DA:28,0
DA:29,0
DA:30,0
DA:31,0
DA:32,0
DA:34,0
BRDA:34,0,0,-
BRDA:34,0,1,-
DA:35,0
BRDA:35,1,0,-
BRDA:35,1,1,-
DA:36,0
BRDA:36,2,0,-
BRDA:36,2,1,-
DA:37,0
BRDA:37,3,0,-
BRDA:37,3,1,-
DA:39,0
DA:52,0
FN:52,DIAOraclesConfigsParser.configFile
FNDA:0,DIAOraclesConfigsParser.configFile
DA:53,0
FNF:2
FNH:0
LF:18
LH:0
BRF:8
BRH:0
end_of_record
TN:
SF:silo-oracles/deploy/uniswap-v3-oracle/UniswapV3OraclesConfigsParser.sol
DA:15,2
FN:15,UniswapV3OraclesConfigsParser.getConfig
FNDA:2,UniswapV3OraclesConfigsParser.getConfig
DA:22,2
DA:24,2
DA:25,2
DA:26,2
DA:27,2
DA:28,2
DA:30,2
BRDA:30,0,0,-
BRDA:30,0,1,2
DA:31,2
BRDA:31,1,0,-
BRDA:31,1,1,2
DA:33,2
DA:42,4
FN:42,UniswapV3OraclesConfigsParser.configFile
FNDA:4,UniswapV3OraclesConfigsParser.configFile
DA:43,4
FNF:2
FNH:2
LF:12
LH:12
BRF:4
BRH:2
end_of_record
TN:
SF:ve-silo/common/VeSiloContracts.sol
DA:43,1584
FN:43,VeSiloDeployments.get
FNDA:1584,VeSiloDeployments.get
DA:44,1584
FNF:1
FNH:1
LF:2
LH:2
BRF:0
BRH:0
end_of_record
