TN:
SF:common/access/Ownable1and2Steps.sol
DA:12,280
FN:12,Ownable1and2Steps.transferOwnership1Step
FNDA:280,Ownable1and2Steps.transferOwnership1Step
DA:13,261
BRDA:13,0,0,1
DA:14,1
DA:17,260
FNF:1
FNH:1
LF:4
LH:4
BRF:1
BRH:1
end_of_record
TN:
SF:common/utils/Create2Factory.sol
DA:7,2237
FN:7,Create2Factory._salt.0
FNDA:2237,Create2Factory._salt.0
DA:8,2237
DA:14,913
FN:14,Create2Factory._salt.1
FNDA:913,Create2Factory._salt.1
DA:15,913
DA:22,13
FN:22,Create2Factory._createSalt
FNDA:13,Create2Factory._createSalt
DA:23,13
FNF:3
FNH:3
LF:6
LH:6
BRF:0
BRH:0
end_of_record
TN:
SF:common/utils/PausableWithAccessControl.sol
DA:13,42
FN:13,PausableWithAccessControl.constructor
FNDA:42,PausableWithAccessControl.constructor
DA:14,42
DA:17,60
FN:17,PausableWithAccessControl.pause
FNDA:60,PausableWithAccessControl.pause
DA:18,6
DA:21,55
FN:21,PausableWithAccessControl.unpause
FNDA:55,PausableWithAccessControl.unpause
DA:22,1
FNF:3
FNH:3
LF:6
LH:6
BRF:0
BRH:0
end_of_record
TN:
SF:silo-core/common/SiloCoreContracts.sol
DA:40,7559
FN:40,SiloCoreDeployments.get
FNDA:7559,SiloCoreDeployments.get
DA:41,7559
DA:44,10
FN:44,SiloCoreDeployments.parseAddress
FNDA:10,SiloCoreDeployments.parseAddress
DA:45,10
BRDA:45,0,0,9
DA:47,1
DA:48,1
DA:50,1
BRDA:50,1,0,-
DA:52,1
DA:53,1
BRDA:53,2,0,-
DA:55,1
DA:62,1
FN:62,SiloCoreDeployments._tryParseHexUintUncheckedBounds
FNDA:1,SiloCoreDeployments._tryParseHexUintUncheckedBounds
DA:67,1
DA:70,1
DA:71,1
DA:73,1
DA:74,1
DA:75,40
DA:76,40
BRDA:76,3,0,-
DA:77,40
DA:81,40
DA:84,1
DA:87,40
FN:87,SiloCoreDeployments._tryParseChr
FNDA:40,SiloCoreDeployments._tryParseChr
DA:88,40
DA:96,40
BRDA:96,4,0,32
BRDA:96,4,1,-
DA:97,8
BRDA:97,5,0,4
BRDA:97,5,1,-
DA:98,4
BRDA:98,6,0,4
BRDA:98,6,1,-
DA:99,0
DA:102,40
DA:111,41
FN:111,SiloCoreDeployments._unsafeReadBytesOffset
FNDA:41,SiloCoreDeployments._unsafeReadBytesOffset
DA:114,41
FNF:5
FNH:5
LF:30
LH:29
BRF:10
BRH:4
end_of_record
TN:
SF:silo-core/contracts/Silo.sol
DA:40,802
FN:40,Silo.constructor
FNDA:802,Silo.constructor
DA:41,802
DA:50,88
FN:50,Silo.silo
FNDA:88,Silo.silo
DA:51,88
DA:55,159
FN:55,Silo.callOnBehalfOfSilo
FNDA:159,Silo.callOnBehalfOfSilo
DA:61,159
DA:65,1548
FN:65,Silo.initialize
FNDA:1548,Silo.initialize
DA:67,1548
DA:69,1510
DA:73,1643
FN:73,Silo.updateHooks
FNDA:1643,Silo.updateHooks
DA:74,1643
DA:75,1609
DA:79,100901
FN:79,Silo.config
FNDA:100901,Silo.config
DA:80,100901
DA:84,544647
FN:84,Silo.utilizationData
FNDA:544647,Silo.utilizationData
DA:85,544647
DA:89,32378
FN:89,Silo.getLiquidity
FNDA:32378,Silo.getLiquidity
DA:90,32378
DA:94,62480
FN:94,Silo.isSolvent
FNDA:62480,Silo.isSolvent
DA:95,62480
DA:99,356814
FN:99,Silo.getTotalAssetsStorage
FNDA:356814,Silo.getTotalAssetsStorage
DA:105,356814
DA:109,1181
FN:109,Silo.getSiloStorage
FNDA:1181,Silo.getSiloStorage
DA:121,1181
DA:125,947
FN:125,Silo.getFractionsStorage
FNDA:947,Silo.getFractionsStorage
DA:126,947
DA:130,5763
FN:130,Silo.getCollateralAssets
FNDA:5763,Silo.getCollateralAssets
DA:131,5763
DA:135,133
FN:135,Silo.getDebtAssets
FNDA:133,Silo.getDebtAssets
DA:136,133
DA:140,227502
FN:140,Silo.getCollateralAndProtectedTotalsStorage
FNDA:227502,Silo.getCollateralAndProtectedTotalsStorage
DA:146,227502
DA:150,255187
FN:150,Silo.getCollateralAndDebtTotalsStorage
FNDA:255187,Silo.getCollateralAndDebtTotalsStorage
DA:156,255187
DA:162,11411
FN:162,Silo.asset
FNDA:11411,Silo.asset
DA:163,11411
DA:170,150
FN:170,Silo.totalAssets
FNDA:150,Silo.totalAssets
DA:171,150
DA:177,983
FN:177,Silo.convertToShares.0
FNDA:983,Silo.convertToShares.0
DA:178,983
DA:184,1010
FN:184,Silo.convertToAssets.0
FNDA:1010,Silo.convertToAssets.0
DA:185,1010
DA:189,216
FN:189,Silo.maxDeposit
FNDA:216,Silo.maxDeposit
DA:190,216
DA:194,158
FN:194,Silo.previewDeposit.0
FNDA:158,Silo.previewDeposit.0
DA:195,158
DA:199,10402
FN:199,Silo.deposit.0
FNDA:10402,Silo.deposit.0
DA:204,10402
DA:208,216
FN:208,Silo.maxMint
FNDA:216,Silo.maxMint
DA:209,216
DA:213,286
FN:213,Silo.previewMint.0
FNDA:286,Silo.previewMint.0
DA:214,286
DA:218,775
FN:218,Silo.mint.0
FNDA:775,Silo.mint.0
DA:219,775
DA:228,2927
FN:228,Silo.maxWithdraw.0
FNDA:2927,Silo.maxWithdraw.0
DA:229,2927
DA:233,77
FN:233,Silo.previewWithdraw.0
FNDA:77,Silo.previewWithdraw.0
DA:234,77
DA:238,3243
FN:238,Silo.withdraw.0
FNDA:3243,Silo.withdraw.0
DA:243,3243
DA:254,1095
FN:254,Silo.maxRedeem.0
FNDA:1095,Silo.maxRedeem.0
DA:255,1095
DA:259,129
FN:259,Silo.previewRedeem.0
FNDA:129,Silo.previewRedeem.0
DA:260,129
DA:264,2765
FN:264,Silo.redeem.0
FNDA:2765,Silo.redeem.0
DA:269,2765
DA:280,3281
FN:280,Silo.convertToShares.1
FNDA:3281,Silo.convertToShares.1
DA:281,3281
DA:285,3059
FN:285,Silo.convertToAssets.1
FNDA:3059,Silo.convertToAssets.1
DA:286,3059
DA:290,1036
FN:290,Silo.previewDeposit.1
FNDA:1036,Silo.previewDeposit.1
DA:296,1036
DA:300,65309
FN:300,Silo.deposit.1
FNDA:65309,Silo.deposit.1
DA:305,65308
DA:314,186
FN:314,Silo.previewMint.1
FNDA:186,Silo.previewMint.1
DA:320,186
DA:324,277
FN:324,Silo.mint.1
FNDA:277,Silo.mint.1
DA:329,277
DA:338,587
FN:338,Silo.maxWithdraw.1
FNDA:587,Silo.maxWithdraw.1
DA:344,587
DA:348,2517
FN:348,Silo.previewWithdraw.1
FNDA:2517,Silo.previewWithdraw.1
DA:354,2517
DA:358,3326
FN:358,Silo.withdraw.1
FNDA:3326,Silo.withdraw.1
DA:363,3326
DA:374,811
FN:374,Silo.maxRedeem.1
FNDA:811,Silo.maxRedeem.1
DA:380,811
DA:384,12101
FN:384,Silo.previewRedeem.1
FNDA:12101,Silo.previewRedeem.1
DA:390,12101
DA:394,7845
FN:394,Silo.redeem.1
FNDA:7845,Silo.redeem.1
DA:399,7845
DA:410,9243
FN:410,Silo.maxBorrow
FNDA:9243,Silo.maxBorrow
DA:411,9243
DA:415,1972
FN:415,Silo.previewBorrow
FNDA:1972,Silo.previewBorrow
DA:416,1972
DA:418,1972
DA:420,1972
DA:426,21082
FN:426,Silo.borrow
FNDA:21082,Silo.borrow
DA:431,21082
DA:432,21082
DA:434,21082
DA:443,18039
DA:445,16177
BRDA:445,0,0,16177
DA:449,4463
FN:449,Silo.maxBorrowShares
FNDA:4463,Silo.maxBorrowShares
DA:450,4463
DA:454,1458
FN:454,Silo.previewBorrowShares
FNDA:1458,Silo.previewBorrowShares
DA:455,1458
DA:457,1458
DA:459,1458
DA:465,5536
FN:465,Silo.borrowShares
FNDA:5536,Silo.borrowShares
DA:470,5536
DA:471,5536
DA:473,5536
DA:482,3885
DA:484,2736
BRDA:484,1,0,2736
DA:488,7667
FN:488,Silo.maxBorrowSameAsset
FNDA:7667,Silo.maxBorrowSameAsset
DA:489,7667
DA:493,13791
FN:493,Silo.borrowSameAsset
FNDA:13791,Silo.borrowSameAsset
DA:498,13791
DA:499,13791
DA:501,13791
DA:510,10953
DA:512,9074
BRDA:512,2,0,9074
DA:516,52
FN:516,Silo.transitionCollateral
FNDA:52,Silo.transitionCollateral
DA:525,52
DA:527,52
DA:535,12
BRDA:535,3,0,7
BRDA:535,3,1,5
DA:536,7
DA:537,7
DA:539,5
DA:540,5
DA:545,55
FN:545,Silo.switchCollateralToThisSilo
FNDA:55,Silo.switchCollateralToThisSilo
DA:546,55
DA:547,18
DA:551,13103
FN:551,Silo.maxRepay
FNDA:13103,Silo.maxRepay
DA:552,13103
DA:556,1303
FN:556,Silo.previewRepay
FNDA:1303,Silo.previewRepay
DA:557,1303
DA:559,1303
DA:561,1303
DA:567,11071
FN:567,Silo.repay
FNDA:11071,Silo.repay
DA:572,11071
DA:574,11071
DA:581,11033
DA:585,3670
FN:585,Silo.maxRepayShares
FNDA:3670,Silo.maxRepayShares
DA:586,3670
DA:587,3670
DA:591,8097
FN:591,Silo.previewRepayShares
FNDA:8097,Silo.previewRepayShares
DA:592,8097
DA:594,8097
DA:596,8097
DA:602,4092
FN:602,Silo.repayShares
FNDA:4092,Silo.repayShares
DA:607,4092
DA:609,4092
DA:616,4057
DA:620,78
FN:620,Silo.maxFlashLoan
FNDA:78,Silo.maxFlashLoan
DA:621,78
DA:625,3229
FN:625,Silo.flashFee
FNDA:3229,Silo.flashFee
DA:626,3229
DA:630,1089
FN:630,Silo.flashLoan
FNDA:1089,Silo.flashLoan
DA:635,1089
DA:636,1081
BRDA:636,4,0,1081
DA:640,134484
FN:640,Silo.accrueInterest
FNDA:134484,Silo.accrueInterest
DA:641,134484
DA:645,192930
FN:645,Silo.accrueInterestForConfig
FNDA:192930,Silo.accrueInterestForConfig
DA:649,192930
BRDA:649,5,0,-
BRDA:649,5,1,192930
DA:651,192930
DA:655,1031
FN:655,Silo.withdrawFees
FNDA:1031,Silo.withdrawFees
DA:656,1031
DA:657,1031
DA:659,134
DA:662,5913
FN:662,Silo._totalAssets
FNDA:5913,Silo._totalAssets
DA:663,5913
DA:669,4069
FN:669,Silo._convertToAssets
FNDA:4069,Silo._convertToAssets
DA:670,4069
DA:672,4069
DA:674,4069
DA:683,4264
FN:683,Silo._convertToShares
FNDA:4264,Silo._convertToShares
DA:684,4264
DA:686,4264
DA:688,4264
DA:697,76762
FN:697,Silo._deposit
FNDA:76762,Silo._deposit
DA:707,76762
DA:711,76622
BRDA:711,6,0,64907
BRDA:711,6,1,11715
DA:712,64907
DA:714,11715
DA:718,17179
FN:718,Silo._withdraw
FNDA:17179,Silo._withdraw
DA:730,17179
DA:741,15401
BRDA:741,7,0,11528
BRDA:741,7,1,3873
DA:742,11528
DA:744,3873
DA:748,472
FN:748,Silo._previewMint
FNDA:472,Silo._previewMint
DA:754,472
DA:756,472
DA:758,472
DA:760,472
DA:765,1194
FN:765,Silo._previewDeposit
FNDA:1194,Silo._previewDeposit
DA:771,1194
DA:773,1194
DA:778,1194
DA:783,12230
FN:783,Silo._previewRedeem
FNDA:12230,Silo._previewRedeem
DA:787,12230
DA:789,12230
DA:794,12230
DA:799,2594
FN:799,Silo._previewWithdraw
FNDA:2594,Silo._previewWithdraw
DA:803,2594
DA:805,2594
DA:810,2594
DA:815,5420
FN:815,Silo._maxWithdraw
FNDA:5420,Silo._maxWithdraw
DA:821,5420
DA:824,135515
FN:824,Silo._accrueInterest
FNDA:135515,Silo._accrueInterest
DA:825,135515
DA:826,135515
DA:829,328445
FN:829,Silo._accrueInterestForAsset
FNDA:328445,Silo._accrueInterestForAsset
DA:834,328445
DA:835,328445
BRDA:835,8,0,42249
FNF:78
FNH:78
LF:215
LH:215
BRF:13
BRH:12
end_of_record
TN:
SF:silo-core/contracts/SiloConfig.sol
DA:83,1019
FN:83,SiloConfig.constructor
FNDA:1019,SiloConfig.constructor
DA:88,1019
DA:91,1019
BRDA:91,0,0,1
BRDA:91,0,1,1018
DA:93,1018
DA:94,1018
DA:95,1018
DA:99,1018
DA:100,1018
DA:102,1018
DA:103,1018
DA:104,1018
DA:106,1018
DA:107,1018
DA:109,1018
DA:111,1018
DA:112,1018
DA:113,1018
DA:114,1018
DA:115,1018
DA:117,1018
DA:121,1018
DA:122,1018
DA:124,1018
DA:125,1018
DA:126,1018
DA:128,1018
DA:129,1018
DA:131,1018
DA:133,1018
DA:134,1018
DA:135,1018
DA:136,1018
DA:137,1018
DA:139,1018
DA:143,154
FN:143,SiloConfig.setThisSiloAsCollateralSilo
FNDA:154,SiloConfig.setThisSiloAsCollateralSilo
DA:144,154
DA:148,145
FN:148,SiloConfig.setOtherSiloAsCollateralSilo
FNDA:145,SiloConfig.setOtherSiloAsCollateralSilo
DA:149,145
DA:153,265
FN:153,SiloConfig.onDebtTransfer
FNDA:265,SiloConfig.onDebtTransfer
DA:154,265
BRDA:154,1,0,5
BRDA:154,1,1,260
DA:156,260
DA:158,260
BRDA:158,2,0,1
BRDA:158,2,1,259
DA:160,259
BRDA:160,3,0,258
DA:161,258
DA:166,3
FN:166,SiloConfig.accrueInterestForSilo
FNDA:3,SiloConfig.accrueInterestForSilo
DA:167,3
DA:169,3
BRDA:169,4,0,1
BRDA:169,4,1,1
DA:170,1
DA:171,2
BRDA:171,5,0,1
BRDA:171,5,1,1
DA:172,1
DA:174,1
DA:177,2
DA:185,1
FN:185,SiloConfig.accrueInterestForBothSilos
FNDA:1,SiloConfig.accrueInterestForBothSilos
DA:186,1
DA:192,1
DA:200,522
FN:200,SiloConfig.getConfigsForSolvency
FNDA:522,SiloConfig.getConfigsForSolvency
DA:204,532
DA:206,532
BRDA:206,6,0,5
DA:208,527
DA:210,527
DA:211,527
DA:216,11
FN:216,SiloConfig.getConfigsForWithdraw
FNDA:11,SiloConfig.getConfigsForWithdraw
DA:221,11
DA:222,10
DA:226,3
FN:226,SiloConfig.getConfigsForBorrow
FNDA:3,SiloConfig.getConfigsForBorrow
DA:232,3
DA:234,3
BRDA:234,7,0,1
BRDA:234,7,1,1
DA:235,1
DA:236,2
BRDA:236,8,0,1
BRDA:236,8,1,1
DA:237,1
DA:239,1
DA:242,2
DA:243,2
DA:247,40
FN:247,SiloConfig.getSilos
FNDA:40,SiloConfig.getSilos
DA:248,40
DA:252,60
FN:252,SiloConfig.getShareTokens
FNDA:60,SiloConfig.getShareTokens
DA:258,60
BRDA:258,9,0,20
BRDA:258,9,1,20
DA:259,20
DA:260,40
BRDA:260,10,0,20
BRDA:260,10,1,20
DA:261,20
DA:263,20
DA:268,60
FN:268,SiloConfig.getAssetForSilo
FNDA:60,SiloConfig.getAssetForSilo
DA:269,60
BRDA:269,11,0,20
BRDA:269,11,1,20
DA:270,20
DA:271,40
BRDA:271,12,0,20
BRDA:271,12,1,20
DA:272,20
DA:274,20
DA:279,60
FN:279,SiloConfig.getFeesWithAsset
FNDA:60,SiloConfig.getFeesWithAsset
DA:285,60
DA:286,60
DA:288,60
BRDA:288,13,0,20
BRDA:288,13,1,20
DA:289,20
DA:290,20
DA:291,40
BRDA:291,14,0,20
BRDA:291,14,1,20
DA:292,20
DA:293,20
DA:295,20
DA:300,82
FN:300,SiloConfig.getCollateralShareTokenAndAsset
FNDA:82,SiloConfig.getCollateralShareTokenAndAsset
DA:306,82
BRDA:306,15,0,40
BRDA:306,15,1,20
DA:307,40
DA:310,42
BRDA:310,16,0,40
BRDA:310,16,1,20
DA:311,40
DA:315,2
DA:320,41
FN:320,SiloConfig.getDebtShareTokenAndAsset
FNDA:41,SiloConfig.getDebtShareTokenAndAsset
DA:326,41
BRDA:326,17,0,20
BRDA:326,17,1,1
DA:327,20
DA:328,21
BRDA:328,18,0,20
BRDA:328,18,1,1
DA:329,20
DA:331,1
DA:336,100
FN:336,SiloConfig.getConfig
FNDA:100,SiloConfig.getConfig
DA:337,1158
BRDA:337,19,0,604
BRDA:337,19,1,20
DA:338,604
DA:339,554
BRDA:339,20,0,534
BRDA:339,20,1,20
DA:340,534
DA:342,20
DA:347,7
FN:347,SiloConfig.hasDebtInOtherSilo
FNDA:7,SiloConfig.hasDebtInOtherSilo
DA:348,267
BRDA:348,21,0,143
BRDA:348,21,1,1
DA:349,143
DA:350,124
BRDA:350,22,0,123
BRDA:350,22,1,1
DA:351,123
DA:353,1
DA:358,4
FN:358,SiloConfig.getDebtSilo
FNDA:4,SiloConfig.getDebtSilo
DA:359,536
DA:360,536
DA:362,536
BRDA:362,23,0,1
BRDA:362,23,1,535
DA:363,535
BRDA:363,24,0,6
DA:365,529
DA:368,604
FN:368,SiloConfig._silo0ConfigData
FNDA:604,SiloConfig._silo0ConfigData
DA:369,604
DA:390,534
FN:390,SiloConfig._silo1ConfigData
FNDA:534,SiloConfig._silo1ConfigData
DA:391,534
DA:412,11
FN:412,SiloConfig._getDepositConfig
FNDA:11,SiloConfig._getDepositConfig
DA:413,11
BRDA:413,25,0,5
BRDA:413,25,1,1
DA:414,5
DA:423,6
BRDA:423,26,0,5
BRDA:423,26,1,1
DA:424,5
DA:434,1
DA:438,554
FN:438,SiloConfig._onlySiloOrTokenOrHookReceiver
FNDA:554,SiloConfig._onlySiloOrTokenOrHookReceiver
DA:439,554
DA:440,534
DA:441,528
DA:442,525
DA:443,525
DA:444,525
DA:445,522
DA:446,519
DA:447,516
DA:448,513
BRDA:448,27,0,513
DA:449,513
DA:453,299
FN:453,SiloConfig._onlySilo
FNDA:299,SiloConfig._onlySilo
DA:454,299
BRDA:454,28,0,2
BRDA:454,28,1,297
DA:457,1338
FN:457,SiloConfig._balanceOf
FNDA:1338,SiloConfig._balanceOf
DA:458,1338
DA:461,299
FN:461,SiloConfig._setSiloAsCollateralSilo
FNDA:299,SiloConfig._setSiloAsCollateralSilo
DA:466,299
DA:468,297
BRDA:468,29,0,287
DA:469,287
DA:470,287
FNF:25
FNH:25
LF:158
LH:158
BRF:55
BRH:55
end_of_record
TN:
SF:silo-core/contracts/SiloDeployer.sol
DA:27,750
FN:27,SiloDeployer.constructor
FNDA:750,SiloDeployer.constructor
DA:34,750
DA:35,750
DA:36,750
DA:37,750
DA:38,750
DA:42,753
FN:42,SiloDeployer.deploy
FNDA:753,SiloDeployer.deploy
DA:53,753
DA:55,753
DA:57,753
DA:59,752
DA:61,752
DA:70,752
DA:72,752
DA:78,752
FN:78,SiloDeployer._deploySiloConfig
FNDA:752,SiloDeployer._deploySiloConfig
DA:79,752
DA:81,752
DA:82,752
DA:84,752
DA:92,752
DA:99,752
DA:106,752
DA:107,752
DA:109,752
DA:116,752
DA:123,752
DA:130,752
DA:137,752
DA:139,752
DA:146,753
FN:146,SiloDeployer._setUpIRMs
FNDA:753,SiloDeployer._setUpIRMs
DA:151,753
DA:153,753
DA:154,753
DA:156,753
DA:157,753
DA:163,753
FN:163,SiloDeployer._createOracles
FNDA:753,SiloDeployer._createOracles
DA:164,753
BRDA:164,0,0,739
DA:165,739
DA:168,753
BRDA:168,1,0,739
DA:169,739
DA:172,753
BRDA:172,2,0,751
DA:173,751
DA:176,753
BRDA:176,3,0,753
DA:177,753
DA:183,2982
FN:183,SiloDeployer._createOracle
FNDA:2982,SiloDeployer._createOracle
DA:184,2982
BRDA:184,4,0,-
DA:186,2982
DA:188,2982
BRDA:188,5,0,2978
DA:190,4
DA:193,4
DA:195,4
BRDA:195,6,0,-
BRDA:195,6,1,4
DA:197,4
DA:203,753
FN:203,SiloDeployer._cloneHookReceiver
FNDA:753,SiloDeployer._cloneHookReceiver
DA:207,753
BRDA:207,7,0,1
BRDA:207,7,1,752
DA:212,752
BRDA:212,8,0,728
DA:213,728
DA:222,752
FN:222,SiloDeployer._initializeHookReceiver
FNDA:752,SiloDeployer._initializeHookReceiver
DA:227,752
BRDA:227,9,0,728
DA:228,728
DA:237,4
FN:237,SiloDeployer._updateSalt
FNDA:4,SiloDeployer._updateSalt
DA:238,4
DA:241,4
DA:242,4
FNF:9
FNH:9
LF:63
LH:63
BRF:12
BRH:10
end_of_record
TN:
SF:silo-core/contracts/SiloFactory.sol
DA:49,766
FN:49,SiloFactory.constructor
FNDA:766,SiloFactory.constructor
DA:54,766
DA:56,766
DA:57,766
DA:59,766
DA:60,766
DA:62,766
DA:63,766
DA:64,766
DA:68,765
FN:68,SiloFactory.createSilo
FNDA:765,SiloFactory.createSilo
DA:79,765
BRDA:79,0,0,4
BRDA:79,0,1,761
DA:87,761
DA:89,761
DA:91,761
DA:99,755
DA:101,755
DA:102,755
DA:104,755
DA:106,755
DA:107,755
DA:109,755
DA:111,755
DA:112,755
DA:114,755
BRDA:114,1,0,755
DA:115,755
DA:118,754
DA:129,2
FN:129,SiloFactory.burn
FNDA:2,SiloFactory.burn
DA:130,2
BRDA:130,2,0,1
BRDA:130,2,1,1
DA:132,1
DA:136,68
FN:136,SiloFactory.setDaoFee
FNDA:68,SiloFactory.setDaoFee
DA:137,67
DA:141,432
FN:141,SiloFactory.setMaxDeployerFee
FNDA:432,SiloFactory.setMaxDeployerFee
DA:142,288
DA:146,432
FN:146,SiloFactory.setMaxFlashloanFee
FNDA:432,SiloFactory.setMaxFlashloanFee
DA:147,288
DA:151,432
FN:151,SiloFactory.setMaxLiquidationFee
FNDA:432,SiloFactory.setMaxLiquidationFee
DA:152,288
DA:156,768
FN:156,SiloFactory.setDaoFeeReceiver
FNDA:768,SiloFactory.setDaoFeeReceiver
DA:157,512
DA:161,7
FN:161,SiloFactory.setDaoFeeReceiverForAsset
FNDA:7,SiloFactory.setDaoFeeReceiverForAsset
DA:162,6
DA:163,4
DA:167,7
FN:167,SiloFactory.setDaoFeeReceiverForSilo
FNDA:7,SiloFactory.setDaoFeeReceiverForSilo
DA:168,6
DA:169,4
DA:173,768
FN:173,SiloFactory.setBaseURI
FNDA:768,SiloFactory.setBaseURI
DA:174,512
DA:175,512
DA:179,1006
FN:179,SiloFactory.getNextSiloId
FNDA:1006,SiloFactory.getNextSiloId
DA:180,1006
DA:183,1326
FN:183,SiloFactory.daoFeeRange
FNDA:1326,SiloFactory.daoFeeRange
DA:184,1326
DA:188,1420
FN:188,SiloFactory.getFeeReceivers
FNDA:1420,SiloFactory.getFeeReceivers
DA:194,1420
DA:196,1420
DA:197,1420
BRDA:197,3,0,1417
DA:198,1420
BRDA:198,4,0,1415
DA:200,1420
DA:204,35
FN:204,SiloFactory.validateSiloInitData
FNDA:35,SiloFactory.validateSiloInitData
DA:205,35
DA:209,259
FN:209,SiloFactory.tokenURI
FNDA:259,SiloFactory.tokenURI
DA:210,259
DA:212,258
DA:220,761
FN:220,SiloFactory._createValidateSilosAndShareTokens
FNDA:761,SiloFactory._createValidateSilosAndShareTokens
DA:227,761
DA:229,761
DA:230,761
DA:232,761
DA:234,761
BRDA:234,5,0,2
BRDA:234,5,1,759
DA:236,759
DA:247,833
FN:247,SiloFactory._setDaoFee
FNDA:833,SiloFactory._setDaoFee
DA:248,833
BRDA:248,6,0,1
BRDA:248,6,1,832
DA:249,832
BRDA:249,7,0,1
BRDA:249,7,1,831
DA:250,831
BRDA:250,8,0,1
BRDA:250,8,1,830
DA:252,830
DA:253,830
DA:255,830
DA:258,1054
FN:258,SiloFactory._setMaxDeployerFee
FNDA:1054,SiloFactory._setMaxDeployerFee
DA:259,1054
BRDA:259,9,0,144
BRDA:259,9,1,910
DA:261,910
DA:263,910
DA:266,1054
FN:266,SiloFactory._setMaxFlashloanFee
FNDA:1054,SiloFactory._setMaxFlashloanFee
DA:267,1054
BRDA:267,10,0,144
BRDA:267,10,1,910
DA:269,910
DA:271,910
DA:274,1054
FN:274,SiloFactory._setMaxLiquidationFee
FNDA:1054,SiloFactory._setMaxLiquidationFee
DA:275,1054
BRDA:275,11,0,144
BRDA:275,11,1,910
DA:277,910
DA:279,910
DA:282,1278
FN:282,SiloFactory._setDaoFeeReceiver.0
FNDA:1278,SiloFactory._setDaoFeeReceiver.0
DA:283,1278
BRDA:283,12,0,256
BRDA:283,12,1,1022
DA:285,1022
DA:287,1022
DA:290,12
FN:290,SiloFactory._setDaoFeeReceiver.1
FNDA:12,SiloFactory._setDaoFeeReceiver.1
DA:295,12
DA:296,12
BRDA:296,13,0,2
BRDA:296,13,1,10
DA:297,10
BRDA:297,14,0,2
BRDA:297,14,1,8
DA:299,8
DA:302,759
FN:302,SiloFactory._cloneShareTokensAndValidate
FNDA:759,SiloFactory._cloneShareTokensAndValidate
DA:311,759
DA:315,759
DA:319,759
DA:323,759
DA:327,759
DA:328,757
DA:331,1516
FN:331,SiloFactory._validateShareTokens
FNDA:1516,SiloFactory._validateShareTokens
DA:337,1516
DA:341,1516
DA:343,1516
BRDA:343,15,0,2
BRDA:343,15,1,1514
DA:344,1514
BRDA:344,16,0,-
BRDA:344,16,1,1514
DA:345,1514
BRDA:345,17,0,2
BRDA:345,17,1,1512
DA:348,755
FN:348,SiloFactory._initializeShareTokens
FNDA:755,SiloFactory._initializeShareTokens
DA:349,755
DA:350,755
DA:353,755
DA:354,755
DA:356,755
DA:357,755
DA:360,755
DA:361,755
DA:363,755
DA:364,755
FNF:26
FNH:26
LF:122
LH:122
BRF:33
BRH:32
end_of_record
TN:
SF:silo-core/contracts/SiloLens.sol
DA:25,5
FN:25,SiloLens.isSolvent
FNDA:5,SiloLens.isSolvent
DA:26,5
DA:30,6
FN:30,SiloLens.liquidity
FNDA:6,SiloLens.liquidity
DA:31,6
DA:35,8
FN:35,SiloLens.getRawLiquidity
FNDA:8,SiloLens.getRawLiquidity
DA:36,8
DA:40,2
FN:40,SiloLens.getMaxLtv
FNDA:2,SiloLens.getMaxLtv
DA:41,2
DA:45,2
FN:45,SiloLens.getLt
FNDA:2,SiloLens.getLt
DA:46,2
DA:50,3
FN:50,SiloLens.getUserLT
FNDA:3,SiloLens.getUserLT
DA:51,3
DA:54,0
FN:54,SiloLens.getUsersLT
FNDA:0,SiloLens.getUsersLT
DA:55,0
DA:57,0
DA:58,0
DA:59,0
DA:63,1
FN:63,SiloLens.getUsersHealth
FNDA:1,SiloLens.getUsersHealth
DA:64,1
DA:66,1
DA:67,1
DA:68,1
DA:70,1
DA:75,14
FN:75,SiloLens.getUserLTV
FNDA:14,SiloLens.getUserLTV
DA:76,14
DA:80,7084
FN:80,SiloLens.getLtv
FNDA:7084,SiloLens.getLtv
DA:81,7084
DA:85,5
FN:85,SiloLens.hasPosition
FNDA:5,SiloLens.hasPosition
DA:86,5
DA:90,2
FN:90,SiloLens.inDebt
FNDA:2,SiloLens.inDebt
DA:91,2
DA:95,5
FN:95,SiloLens.getFeesAndFeeReceivers
FNDA:5,SiloLens.getFeesAndFeeReceivers
DA:101,5
DA:105,4360
FN:105,SiloLens.collateralBalanceOfUnderlying
FNDA:4360,SiloLens.collateralBalanceOfUnderlying
DA:111,4360
DA:115,4354
FN:115,SiloLens.debtBalanceOfUnderlying
FNDA:4354,SiloLens.debtBalanceOfUnderlying
DA:116,4354
DA:120,2838
FN:120,SiloLens.maxLiquidation
FNDA:2838,SiloLens.maxLiquidation
DA:126,2838
DA:128,2838
DA:129,2838
DA:131,2838
BRDA:131,0,0,2780
DA:133,58
DA:135,58
DA:137,58
DA:139,58
BRDA:139,1,0,57
DA:141,1
DA:146,1
BRDA:146,2,0,-
DA:148,1
DA:150,1
DA:154,4
FN:154,SiloLens.totalDeposits
FNDA:4,SiloLens.totalDeposits
DA:155,4
DA:159,1
FN:159,SiloLens.totalDepositsWithInterest
FNDA:1,SiloLens.totalDepositsWithInterest
DA:160,1
DA:163,1
FN:163,SiloLens.totalBorrowAmountWithInterest
FNDA:1,SiloLens.totalBorrowAmountWithInterest
DA:164,1
DA:168,0
FN:168,SiloLens.collateralOnlyDeposits
FNDA:0,SiloLens.collateralOnlyDeposits
DA:169,0
DA:173,0
FN:173,SiloLens.getDepositAmount
FNDA:0,SiloLens.getDepositAmount
DA:178,0
DA:182,1
FN:182,SiloLens.totalBorrowAmount
FNDA:1,SiloLens.totalBorrowAmount
DA:183,1
DA:187,1
FN:187,SiloLens.totalBorrowShare
FNDA:1,SiloLens.totalBorrowShare
DA:188,1
DA:192,0
FN:192,SiloLens.getBorrowAmount
FNDA:0,SiloLens.getBorrowAmount
DA:197,0
DA:201,1
FN:201,SiloLens.borrowShare
FNDA:1,SiloLens.borrowShare
DA:202,1
DA:206,0
FN:206,SiloLens.protocolFees
FNDA:0,SiloLens.protocolFees
DA:207,0
DA:211,1
FN:211,SiloLens.calculateCollateralValue
FNDA:1,SiloLens.calculateCollateralValue
DA:216,1
DA:220,1
FN:220,SiloLens.calculateBorrowValue
FNDA:1,SiloLens.calculateBorrowValue
DA:225,1
DA:229,2
FN:229,SiloLens.getUtilization
FNDA:2,SiloLens.getUtilization
DA:230,2
DA:232,2
BRDA:232,3,0,2
DA:233,2
DA:238,3
FN:238,SiloLens.getInterestRateModel
FNDA:3,SiloLens.getInterestRateModel
DA:239,3
DA:243,11
FN:243,SiloLens.getBorrowAPR
FNDA:11,SiloLens.getBorrowAPR
DA:244,11
DA:248,10
FN:248,SiloLens.getDepositAPR
FNDA:10,SiloLens.getDepositAPR
DA:249,10
DA:253,1
FN:253,SiloLens.getAPRs
FNDA:1,SiloLens.getAPRs
DA:254,1
DA:256,1
DA:257,1
DA:259,1
DA:266,0
FN:266,SiloLens.getModel
FNDA:0,SiloLens.getModel
DA:267,0
DA:270,3
FN:270,SiloLens.getSiloIncentivesControllerProgramsNames
FNDA:3,SiloLens.getSiloIncentivesControllerProgramsNames
DA:273,3
DA:274,3
DA:276,3
DA:278,3
DA:279,4
DA:281,4
BRDA:281,4,0,1
BRDA:281,4,1,3
DA:282,1
DA:283,1
DA:285,3
DA:290,2
FN:290,SiloLens.getOracleAddresses
FNDA:2,SiloLens.getOracleAddresses
DA:291,2
DA:293,2
DA:294,2
DA:297,4
FN:297,SiloLens._isTokenAddress
FNDA:4,SiloLens._isTokenAddress
DA:298,4
BRDA:298,5,0,1
DA:300,3
DA:302,3
BRDA:302,6,0,1
DA:305,2
BRDA:305,7,0,2
DA:306,1
FNF:37
FNH:31
LF:111
LH:96
BRF:9
BRH:8
end_of_record
TN:
SF:silo-core/contracts/hooks/PendleRewardsClaimer.sol
DA:36,16
FN:36,PendleRewardsClaimer.initialize
FNDA:16,PendleRewardsClaimer.initialize
DA:41,14
DA:43,14
DA:44,14
DA:45,14
DA:55,117
FN:55,PendleRewardsClaimer.redeemRewardsFromPendle
FNDA:117,PendleRewardsClaimer.redeemRewardsFromPendle
DA:66,117
DA:67,117
DA:68,113
DA:70,113
DA:71,224
DA:75,224
BRDA:75,0,0,1
DA:77,223
DA:78,223
BRDA:78,1,0,120
DA:80,103
DA:81,103
DA:86,15
FN:86,PendleRewardsClaimer.beforeAction
FNDA:15,PendleRewardsClaimer.beforeAction
DA:92,14
DA:93,14
DA:95,14
BRDA:95,2,0,1
BRDA:95,2,1,13
DA:96,13
BRDA:96,3,0,1
BRDA:96,3,1,12
DA:98,12
DA:102,14
FN:102,PendleRewardsClaimer.afterAction
FNDA:14,PendleRewardsClaimer.afterAction
DA:112,13
DA:113,13
BRDA:113,4,0,13
DA:115,13
DA:122,103
FN:122,PendleRewardsClaimer.redeemRewards
FNDA:103,PendleRewardsClaimer.redeemRewards
DA:123,128
BRDA:123,5,0,128
DA:125,118
DA:126,118
DA:127,117
DA:132,117
DA:139,117
BRDA:139,6,0,4
DA:140,4
DA:141,4
DA:144,113
DA:146,113
DA:147,224
DA:148,224
BRDA:148,7,0,121
DA:155,103
DA:156,103
DA:159,113
DA:165,14
FN:165,PendleRewardsClaimer.__PendleRewardsClaimer_init
FNDA:14,PendleRewardsClaimer.__PendleRewardsClaimer_init
DA:166,14
DA:168,14
DA:170,14
DA:172,14
DA:173,14
DA:174,14
DA:179,14
FN:179,PendleRewardsClaimer._getPendleMarketSilo
FNDA:14,PendleRewardsClaimer._getPendleMarketSilo
DA:180,14
DA:182,14
DA:184,14
DA:185,14
DA:190,14
FN:190,PendleRewardsClaimer._configureHooks
FNDA:14,PendleRewardsClaimer._configureHooks
DA:192,14
DA:194,14
DA:195,14
DA:196,14
DA:198,14
DA:204,118
FN:204,PendleRewardsClaimer._getIncentivesControllerSafe
FNDA:118,PendleRewardsClaimer._getIncentivesControllerSafe
DA:205,118
DA:206,118
BRDA:206,8,0,1
BRDA:206,8,1,117
FNF:9
FNH:9
LF:63
LH:63
BRF:12
BRH:12
end_of_record
TN:
SF:silo-core/contracts/hooks/SiloHookV1.sol
DA:13,715
FN:13,SiloHookV1.initialize
FNDA:715,SiloHookV1.initialize
DA:18,694
DA:20,694
DA:21,694
DA:25,18
FN:25,SiloHookV1.beforeAction
FNDA:18,SiloHookV1.beforeAction
DA:32,0
DA:36,20
FN:36,SiloHookV1.afterAction
FNDA:20,SiloHookV1.afterAction
DA:42,2
FNF:3
FNH:3
LF:8
LH:7
BRF:0
BRH:0
end_of_record
TN:
SF:silo-core/contracts/hooks/_common/BaseHookReceiver.sol
DA:15,33
FN:15,BaseHookReceiver.onlySilo
FNDA:33,BaseHookReceiver.onlySilo
DA:16,33
BRDA:16,0,0,19
BRDA:16,0,1,14
DA:20,34
FN:20,BaseHookReceiver.onlySiloOrShareToken
FNDA:34,BaseHookReceiver.onlySiloOrShareToken
DA:21,34
BRDA:21,1,0,19
BRDA:21,1,1,15
DA:25,821
FN:25,BaseHookReceiver.constructor
FNDA:821,BaseHookReceiver.constructor
DA:26,821
DA:30,1563
FN:30,BaseHookReceiver.hookReceiverConfig
FNDA:1563,BaseHookReceiver.hookReceiverConfig
DA:36,1563
DA:41,708
FN:41,BaseHookReceiver.__BaseHookReceiver_init
FNDA:708,BaseHookReceiver.__BaseHookReceiver_init
DA:46,708
BRDA:46,2,0,-
BRDA:46,2,1,708
DA:47,708
BRDA:47,3,0,-
BRDA:47,3,1,708
DA:49,708
DA:56,73
FN:56,BaseHookReceiver._setHookConfig
FNDA:73,BaseHookReceiver._setHookConfig
DA:57,73
DA:58,73
DA:60,73
DA:67,1564
FN:67,BaseHookReceiver._hookReceiverConfig
FNDA:1564,BaseHookReceiver._hookReceiverConfig
DA:68,1564
DA:70,1564
DA:71,1564
DA:77,18
FN:77,BaseHookReceiver._getHooksBefore
FNDA:18,BaseHookReceiver._getHooksBefore
DA:78,18
DA:84,47
FN:84,BaseHookReceiver._getHooksAfter
FNDA:47,BaseHookReceiver._getHooksAfter
DA:85,47
DA:91,33
FN:91,BaseHookReceiver._isSilo
FNDA:33,BaseHookReceiver._isSilo
DA:92,33
DA:93,33
DA:99,34
FN:99,BaseHookReceiver._isSiloOrShareToken
FNDA:34,BaseHookReceiver._isSiloOrShareToken
DA:100,34
DA:102,34
BRDA:102,4,0,-
DA:104,34
DA:105,34
DA:107,34
DA:108,34
BRDA:108,5,0,15
DA:110,19
DA:111,19
BRDA:111,6,0,-
DA:113,19
FNF:11
FNH:11
LF:37
LH:37
BRF:11
BRH:7
end_of_record
TN:
SF:silo-core/contracts/hooks/_common/TransientReentrancy.sol
DA:9,9626
FN:9,TransientReentrancy.nonReentrant
FNDA:9626,TransientReentrancy.nonReentrant
DA:10,9626
BRDA:10,0,0,54
BRDA:10,0,1,9572
DA:12,9572
DA:14,8887
DA:21,0
FN:21,TransientReentrancy.reentrancyGuardEntered
FNDA:0,TransientReentrancy.reentrancyGuardEntered
DA:22,0
FNF:2
FNH:1
LF:6
LH:4
BRF:2
BRH:2
end_of_record
TN:
SF:silo-core/contracts/hooks/gauge/GaugeHookReceiver.sol
DA:21,779
FN:21,GaugeHookReceiver.constructor
FNDA:779,GaugeHookReceiver.constructor
DA:23,779
DA:27,41
FN:27,GaugeHookReceiver.setGauge
FNDA:41,GaugeHookReceiver.setGauge
DA:28,22
BRDA:28,0,0,-
BRDA:28,0,1,22
DA:29,22
BRDA:29,1,0,1
BRDA:29,1,1,20
DA:31,20
DA:33,20
BRDA:33,2,0,1
BRDA:33,2,1,19
DA:35,19
DA:37,18
DA:38,17
DA:40,17
DA:41,17
DA:43,17
DA:45,17
DA:47,17
DA:51,22
FN:51,GaugeHookReceiver.removeGauge
FNDA:22,GaugeHookReceiver.removeGauge
DA:52,3
DA:54,3
BRDA:54,3,0,1
BRDA:54,3,1,2
DA:58,2
DA:62,15
FN:62,GaugeHookReceiver.afterAction
FNDA:15,GaugeHookReceiver.afterAction
DA:67,15
DA:69,15
BRDA:69,4,0,-
DA:70,15
BRDA:70,5,0,1
DA:72,14
DA:74,14
DA:89,18
FN:89,GaugeHookReceiver._getTokenType
FNDA:18,GaugeHookReceiver._getTokenType
DA:90,18
DA:94,18
DA:96,18
BRDA:96,6,0,2
DA:97,16
BRDA:97,7,0,14
DA:98,2
BRDA:98,8,0,1
DA:100,1
DA:105,708
FN:105,GaugeHookReceiver.__GaugeHookReceiver_init
FNDA:708,GaugeHookReceiver.__GaugeHookReceiver_init
DA:110,708
BRDA:110,9,0,-
BRDA:110,9,1,708
DA:112,708
FNF:6
FNH:6
LF:35
LH:35
BRF:15
BRH:12
end_of_record
TN:
SF:silo-core/contracts/hooks/liquidation/PartialLiquidation.sol
DA:39,9060
FN:39,PartialLiquidation.liquidationCall
FNDA:9060,PartialLiquidation.liquidationCall
DA:51,9058
DA:53,9058
BRDA:53,0,0,-
BRDA:53,0,1,9058
DA:54,9058
BRDA:54,1,0,1
BRDA:54,1,1,9057
DA:56,9057
DA:58,9041
DA:61,9041
DA:63,9035
DA:65,9035
DA:75,9035
DA:78,9031
BRDA:78,2,0,132
BRDA:78,2,1,8899
DA:80,8899
DA:81,8899
DA:83,8899
DA:85,8899
DA:94,8899
DA:103,8899
DA:105,8899
DA:107,4454
BRDA:107,3,0,4454
BRDA:107,3,1,2
DA:108,4454
BRDA:108,4,0,4452
DA:109,4452
DA:115,4454
BRDA:115,5,0,1
DA:119,1
DA:132,4445
BRDA:132,6,0,4443
DA:133,4443
DA:141,4433
BRDA:141,7,0,2
DA:145,2
DA:155,8887
DA:166,21869
FN:166,PartialLiquidation.maxLiquidation
FNDA:21869,PartialLiquidation.maxLiquidation
DA:172,21869
DA:175,9041
FN:175,PartialLiquidation._fetchConfigs
FNDA:9041,PartialLiquidation._fetchConfigs
DA:188,9041
DA:190,9041
BRDA:190,8,0,2
BRDA:190,8,1,9039
DA:191,9039
BRDA:191,9,0,2
BRDA:191,9,1,9037
DA:192,9037
BRDA:192,10,0,2
BRDA:192,10,1,9035
DA:194,9035
DA:196,9035
BRDA:196,11,0,4747
DA:197,4747
DA:198,4747
DA:199,4747
DA:203,17798
FN:203,PartialLiquidation._callShareTokenForwardTransferNoChecks
FNDA:17798,PartialLiquidation._callShareTokenForwardTransferNoChecks
DA:211,17798
BRDA:211,12,0,8900
DA:213,8898
DA:221,8898
BRDA:221,13,0,-
DA:223,8898
FNF:4
FNH:4
LF:45
LH:45
BRF:21
BRH:19
end_of_record
TN:
SF:silo-core/contracts/hooks/liquidation/lib/PartialLiquidationExecLib.sol
DA:12,9048
FN:12,PartialLiquidationExecLib.getExactLiquidationAmounts
FNDA:9048,PartialLiquidationExecLib.getExactLiquidationAmounts
DA:28,9048
DA:37,9048
DA:39,9048
DA:53,9048
DA:63,21869
FN:63,PartialLiquidationExecLib.maxLiquidation
FNDA:21869,PartialLiquidationExecLib.maxLiquidation
DA:68,21869
DA:71,21869
DA:73,21869
BRDA:73,0,0,1939
DA:74,1939
DA:77,19930
DA:86,19930
BRDA:86,1,0,-
DA:88,19930
DA:90,19930
DA:92,19930
DA:94,19930
BRDA:94,2,0,822
DA:96,19108
DA:97,19108
BRDA:97,3,0,4382
DA:99,14726
DA:114,14726
DA:115,14726
DA:122,9056
FN:122,PartialLiquidationExecLib.liquidationPreview
FNDA:9056,PartialLiquidationExecLib.liquidationPreview
DA:130,9056
DA:132,9056
BRDA:132,4,0,8
DA:133,8
DA:136,9048
BRDA:136,5,0,3
DA:137,3
DA:146,9045
DA:148,9045
DA:150,9045
BRDA:150,6,0,9
DA:152,9036
DA:154,9036
DA:163,9036
BRDA:163,7,0,-
DA:164,0
FNF:3
FNH:3
LF:34
LH:33
BRF:8
BRH:6
end_of_record
TN:
SF:silo-core/contracts/hooks/liquidation/lib/PartialLiquidationLib.sol
DA:40,14847
FN:40,PartialLiquidationLib.maxLiquidation
FNDA:14847,PartialLiquidationLib.maxLiquidation
DA:52,14847
DA:54,14847
DA:61,14847
DA:67,14847
BRDA:67,0,0,13300
BRDA:67,0,1,1547
DA:73,13300
DA:75,1547
DA:78,14847
DA:84,9420
FN:84,PartialLiquidationLib.liquidationPreview
FNDA:9420,PartialLiquidationLib.liquidationPreview
DA:96,9420
DA:97,9420
DA:99,9420
BRDA:99,1,0,5149
BRDA:99,1,1,873
DA:101,5149
DA:102,5149
DA:104,4271
DA:111,4271
BRDA:111,2,0,432
BRDA:111,2,1,873
DA:113,432
DA:114,432
DA:117,3839
DA:118,3839
DA:119,3839
DA:123,9420
DA:127,9420
DA:133,9420
DA:141,51953
FN:141,PartialLiquidationLib.valueToAssetsByRatio
FNDA:51953,PartialLiquidationLib.valueToAssetsByRatio
DA:146,51953
BRDA:146,3,0,-
BRDA:146,3,1,51953
DA:148,51953
DA:154,8
FN:154,PartialLiquidationLib.calculateCollateralsToLiquidate
FNDA:8,PartialLiquidationLib.calculateCollateralsToLiquidate
DA:160,8
DA:165,8
BRDA:165,4,0,4
DA:166,4
DA:170,4
DA:182,15109
FN:182,PartialLiquidationLib.maxLiquidationPreview
FNDA:15109,PartialLiquidationLib.maxLiquidationPreview
DA:188,15109
DA:192,15109
DA:200,24544
FN:200,PartialLiquidationLib.calculateCollateralToLiquidate
FNDA:24544,PartialLiquidationLib.calculateCollateralToLiquidate
DA:205,24544
DA:207,24544
DA:209,24544
BRDA:209,5,0,8084
DA:210,8084
DA:229,19391
FN:229,PartialLiquidationLib.estimateMaxRepayValue
FNDA:19391,PartialLiquidationLib.estimateMaxRepayValue
DA:235,19391
BRDA:235,6,0,6
DA:236,19385
BRDA:236,7,0,-
DA:239,19385
BRDA:239,8,0,8679
DA:240,10706
BRDA:240,9,0,14
DA:243,10692
DA:245,10692
DA:248,10692
BRDA:248,10,0,28
DA:250,10664
DA:254,10664
DA:257,10664
DA:261,10664
DA:264,10664
BRDA:264,11,0,3
DA:265,3
DA:268,10661
DA:271,10661
BRDA:271,12,0,23
DA:276,10638
DA:283,9053
FN:283,PartialLiquidationLib.splitReceiveCollateralToLiquidate
FNDA:9053,PartialLiquidationLib.splitReceiveCollateralToLiquidate
DA:288,9053
BRDA:288,13,0,17
DA:291,9036
DA:301,9420
FN:301,PartialLiquidationLib._calculateLtvAfter
FNDA:9420,PartialLiquidationLib._calculateLtvAfter
DA:311,9420
BRDA:311,14,0,2637
DA:312,2637
DA:316,6783
DA:324,6783
FN:324,PartialLiquidationLib._ltvAfter
FNDA:6783,PartialLiquidationLib._ltvAfter
DA:326,6783
DA:327,6783
FNF:10
FNH:10
LF:67
LH:67
BRF:19
BRH:17
end_of_record
TN:
SF:silo-core/contracts/incentives/SiloIncentivesController.sol
DA:31,67
FN:31,SiloIncentivesController.constructor
FNDA:67,SiloIncentivesController.constructor
DA:32,66
BRDA:32,0,0,-
BRDA:32,0,1,66
DA:33,66
DA:37,39
FN:37,SiloIncentivesController.afterTokenTransfer
FNDA:39,SiloIncentivesController.afterTokenTransfer
DA:45,38
DA:47,38
BRDA:47,1,0,12
DA:48,12
DA:53,26
BRDA:53,2,0,22
BRDA:53,2,1,4
DA:56,22
DA:57,4
BRDA:57,3,0,2
DA:60,2
DA:66,26
BRDA:66,4,0,4
DA:68,4
DA:72,26
BRDA:72,5,0,24
DA:74,24
DA:78,26
DA:79,27
DA:81,27
BRDA:81,6,0,4
DA:82,4
DA:85,27
BRDA:85,7,0,25
DA:86,25
DA:92,250
FN:92,SiloIncentivesController.immediateDistribution
FNDA:250,SiloIncentivesController.immediateDistribution
DA:93,248
BRDA:93,8,0,248
DA:95,247
DA:97,247
DA:99,247
DA:102,247
DA:104,247
DA:105,247
DA:109,247
DA:110,247
DA:111,247
DA:113,247
DA:116,247
DA:117,247
DA:118,247
DA:122,2
FN:122,SiloIncentivesController.rescueRewards
FNDA:2,SiloIncentivesController.rescueRewards
DA:123,1
DA:129,247
FN:129,SiloIncentivesController._getOrCreateImmediateDistributionProgram
FNDA:247,SiloIncentivesController._getOrCreateImmediateDistributionProgram
DA:134,247
DA:136,247
BRDA:136,9,0,143
DA:137,143
DA:139,143
DA:141,143
DA:142,143
DA:143,143
DA:144,143
DA:146,143
DA:150,659
FN:150,SiloIncentivesController._shareToken
FNDA:659,SiloIncentivesController._shareToken
DA:151,659
FNF:6
FNH:6
LF:50
LH:50
BRF:12
BRH:11
end_of_record
TN:
SF:silo-core/contracts/incentives/SiloIncentivesControllerFactory.sol
DA:15,60
FN:15,SiloIncentivesControllerFactory.create
FNDA:60,SiloIncentivesControllerFactory.create
DA:21,60
DA:23,59
DA:25,59
FNF:1
FNH:1
LF:4
LH:4
BRF:0
BRH:0
end_of_record
TN:
SF:silo-core/contracts/incentives/base/BaseIncentivesController.sol
DA:30,4
FN:30,BaseIncentivesController.onlyAuthorizedClaimers
FNDA:4,BaseIncentivesController.onlyAuthorizedClaimers
DA:31,4
BRDA:31,0,0,1
DA:36,3
FN:36,BaseIncentivesController.inputsValidation
FNDA:3,BaseIncentivesController.inputsValidation
DA:37,3
BRDA:37,1,0,-
DA:38,3
BRDA:38,2,0,1
DA:46,154
FN:46,BaseIncentivesController.createIncentivesProgram
FNDA:154,BaseIncentivesController.createIncentivesProgram
DA:51,153
DA:53,153
BRDA:53,3,0,1
BRDA:53,3,1,152
DA:54,152
BRDA:54,4,0,1
BRDA:54,4,1,151
DA:55,151
BRDA:55,5,0,1
BRDA:55,5,1,150
DA:57,150
DA:59,149
DA:63,5
FN:63,BaseIncentivesController.updateIncentivesProgram
FNDA:5,BaseIncentivesController.updateIncentivesProgram
DA:68,5
BRDA:68,6,0,1
BRDA:68,6,1,4
DA:69,4
BRDA:69,7,0,1
BRDA:69,7,1,3
DA:71,3
DA:73,3
BRDA:73,8,0,1
BRDA:73,8,1,2
DA:75,2
DA:77,2
DA:79,2
DA:80,2
DA:82,2
DA:86,52
FN:86,BaseIncentivesController.getRewardsBalance.0
FNDA:52,BaseIncentivesController.getRewardsBalance.0
DA:92,52
DA:94,52
DA:96,52
DA:100,7
FN:100,BaseIncentivesController.getRewardsBalance.1
FNDA:7,BaseIncentivesController.getRewardsBalance.1
DA:106,7
DA:108,7
DA:110,7
DA:111,13
DA:113,13
DA:115,13
BRDA:115,9,0,7
BRDA:115,9,1,5
DA:116,7
DA:117,6
BRDA:117,10,0,1
DA:118,1
DA:121,12
DA:126,64
FN:126,BaseIncentivesController._getRewardsBalance
FNDA:64,BaseIncentivesController._getRewardsBalance
DA:132,64
DA:133,64
DA:137,136
FN:137,BaseIncentivesController.claimRewards.0
FNDA:136,BaseIncentivesController.claimRewards.0
DA:138,136
BRDA:138,11,0,-
DA:140,136
DA:141,136
DA:145,8
FN:145,BaseIncentivesController.claimRewards.1
FNDA:8,BaseIncentivesController.claimRewards.1
DA:150,8
BRDA:150,12,0,-
DA:152,8
DA:154,8
DA:156,7
DA:157,7
DA:161,4
FN:161,BaseIncentivesController.claimRewardsOnBehalf
FNDA:4,BaseIncentivesController.claimRewardsOnBehalf
DA:168,2
DA:170,2
DA:172,1
DA:173,1
DA:177,8
FN:177,BaseIncentivesController.setClaimer
FNDA:8,BaseIncentivesController.setClaimer
DA:178,7
BRDA:178,13,0,2
BRDA:178,13,1,5
DA:179,5
BRDA:179,14,0,1
BRDA:179,14,1,4
DA:181,4
DA:182,4
DA:186,1
FN:186,BaseIncentivesController.getClaimer
FNDA:1,BaseIncentivesController.getClaimer
DA:187,1
DA:191,1
FN:191,BaseIncentivesController.getUserUnclaimedRewards
FNDA:1,BaseIncentivesController.getUserUnclaimedRewards
DA:197,1
DA:198,1
DA:208,29
FN:208,BaseIncentivesController._handleAction
FNDA:29,BaseIncentivesController._handleAction
DA:214,29
DA:216,29
BRDA:216,15,0,4
DA:217,4
DA:218,4
DA:220,4
DA:235,144
FN:235,BaseIncentivesController._claimRewards
FNDA:144,BaseIncentivesController._claimRewards
DA:241,144
DA:242,157
DA:244,157
DA:246,157
BRDA:246,16,0,142
DA:247,142
BRDA:247,17,0,137
DA:248,137
DA:256,142
DA:258,142
DA:260,142
DA:270,142
DA:279,292
FN:279,BaseIncentivesController._createIncentiveProgram
FNDA:292,BaseIncentivesController._createIncentiveProgram
DA:283,292
BRDA:283,18,0,1
BRDA:283,18,1,291
DA:284,291
BRDA:284,19,0,1
BRDA:284,19,1,290
DA:286,290
DA:287,290
DA:288,290
DA:289,290
DA:291,290
DA:299,10
FN:299,BaseIncentivesController._requireExistingPrograms
FNDA:10,BaseIncentivesController._requireExistingPrograms
DA:300,10
DA:301,10
BRDA:301,20,0,2
BRDA:301,20,1,8
DA:310,10
FN:310,BaseIncentivesController._getProgramsIds
FNDA:10,BaseIncentivesController._getProgramsIds
DA:316,10
DA:318,10
DA:319,10
DA:329,142
FN:329,BaseIncentivesController._transferRewards
FNDA:142,BaseIncentivesController._transferRewards
DA:330,142
FNF:19
FNH:19
LF:99
LH:99
BRF:33
BRH:30
end_of_record
TN:
SF:silo-core/contracts/incentives/base/DistributionManager.sol
DA:36,250
FN:36,DistributionManager.onlyNotifier
FNDA:250,DistributionManager.onlyNotifier
DA:37,250
BRDA:37,0,0,2
DA:41,0
FN:41,DistributionManager.onlyNotifierOrOwner
FNDA:0,DistributionManager.onlyNotifierOrOwner
DA:42,0
BRDA:42,1,0,-
DA:48,67
FN:48,DistributionManager.constructor
FNDA:67,DistributionManager.constructor
DA:49,67
BRDA:49,2,0,1
BRDA:49,2,1,66
DA:51,66
DA:55,5
FN:55,DistributionManager.setDistributionEnd
FNDA:5,DistributionManager.setDistributionEnd
DA:59,5
BRDA:59,3,0,1
BRDA:59,3,1,4
DA:61,4
DA:63,4
BRDA:63,4,0,-
BRDA:63,4,1,4
DA:65,4
DA:67,4
DA:69,4
DA:71,4
DA:75,1
FN:75,DistributionManager.getDistributionEnd
FNDA:1,DistributionManager.getDistributionEnd
DA:76,1
DA:77,1
DA:81,2
FN:81,DistributionManager.getUserData
FNDA:2,DistributionManager.getUserData
DA:88,2
DA:89,2
DA:93,9
FN:93,DistributionManager.incentivesProgram
FNDA:9,DistributionManager.incentivesProgram
DA:99,9
DA:101,9
DA:111,130
FN:111,DistributionManager.getAllProgramsNames
FNDA:130,DistributionManager.getAllProgramsNames
DA:112,130
DA:113,130
DA:115,130
DA:116,257
DA:121,5
FN:121,DistributionManager.getProgramId
FNDA:5,DistributionManager.getProgramId
DA:122,250
DA:124,250
BRDA:124,5,0,26
DA:125,26
DA:129,224
BRDA:129,6,0,3
BRDA:129,6,1,221
DA:131,221
DA:139,0
FN:139,DistributionManager.getProgramName
FNDA:0,DistributionManager.getProgramName
DA:140,499
BRDA:140,7,0,499
DA:141,499
DA:144,192
DA:153,686
FN:153,DistributionManager._updateAssetStateInternal
FNDA:686,DistributionManager._updateAssetStateInternal
DA:157,686
DA:158,686
DA:159,686
DA:160,686
DA:162,686
BRDA:162,8,0,303
DA:163,303
DA:166,383
DA:170,383
BRDA:170,9,0,135
BRDA:170,9,1,248
DA:171,135
DA:172,135
DA:174,135
DA:176,248
DA:179,383
DA:190,186
FN:190,DistributionManager._updateUserAssetInternal
FNDA:186,DistributionManager._updateUserAssetInternal
DA:196,186
DA:197,186
DA:199,186
DA:201,186
BRDA:201,10,0,158
DA:202,158
BRDA:202,11,0,141
DA:203,141
DA:206,158
DA:208,158
DA:211,186
DA:219,136
FN:219,DistributionManager._accrueRewards.0
FNDA:136,DistributionManager._accrueRewards.0
DA:224,136
DA:233,144
FN:233,DistributionManager._accrueRewardsForPrograms
FNDA:144,DistributionManager._accrueRewardsForPrograms
DA:238,144
DA:239,144
DA:241,144
DA:243,144
DA:244,157
DA:248,157
FN:248,DistributionManager._accrueRewards.1
FNDA:157,DistributionManager._accrueRewards.1
DA:253,157
DA:260,157
DA:275,64
FN:275,DistributionManager._getUnclaimedRewards
FNDA:64,DistributionManager._getUnclaimedRewards
DA:281,64
DA:283,64
DA:291,64
DA:301,205
FN:301,DistributionManager._getRewards
FNDA:205,DistributionManager._getRewards
DA:306,205
DA:319,447
FN:319,DistributionManager._getIncentivesProgramIndex
FNDA:447,DistributionManager._getIncentivesProgramIndex
DA:327,447
DA:328,314
DA:329,166
DA:330,154
DA:331,294
BRDA:331,12,0,294
DA:332,294
DA:335,153
DA:336,153
DA:338,153
DA:339,153
DA:342,0
FN:342,DistributionManager._shareToken
FNDA:0,DistributionManager._shareToken
DA:343,0
DA:346,203
FN:346,DistributionManager._getScaledUserBalanceAndSupply
FNDA:203,DistributionManager._getScaledUserBalanceAndSupply
DA:352,203
DA:353,203
DA:361,272
FN:361,DistributionManager._getProgramIdForAddress
FNDA:272,DistributionManager._getProgramIdForAddress
DA:362,272
FNF:21
FNH:18
LF:98
LH:93
BRF:18
BRH:16
end_of_record
TN:
SF:silo-core/contracts/interestRateModel/InterestRateModelV2.sol
DA:81,3207
FN:81,InterestRateModelV2.initialize
FNDA:3207,InterestRateModelV2.initialize
DA:82,3207
BRDA:82,0,0,1
BRDA:82,0,1,3206
DA:83,3206
BRDA:83,1,0,1
BRDA:83,1,1,3205
DA:85,3205
DA:87,3205
DA:91,140124
FN:91,InterestRateModelV2.getCompoundInterestRateAndUpdate
FNDA:140124,InterestRateModelV2.getCompoundInterestRateAndUpdate
DA:102,140124
DA:104,140124
DA:106,140124
DA:107,140124
DA:109,140124
DA:117,140124
DA:119,140124
DA:123,140124
DA:129,1
FN:129,InterestRateModelV2.decimals
FNDA:1,InterestRateModelV2.decimals
DA:130,1
DA:134,543173
FN:134,InterestRateModelV2.getCompoundInterestRate
FNDA:543173,InterestRateModelV2.getCompoundInterestRate
DA:141,543173
DA:143,543173
DA:153,800
FN:153,InterestRateModelV2.overflowDetected
FNDA:800,InterestRateModelV2.overflowDetected
DA:160,800
DA:162,800
DA:172,822
FN:172,InterestRateModelV2.getCurrentInterestRate
FNDA:822,InterestRateModelV2.getCurrentInterestRate
DA:179,822
DA:181,822
DA:190,3
FN:190,InterestRateModelV2.getConfig
FNDA:3,InterestRateModelV2.getConfig
DA:191,684922
DA:192,684922
DA:195,310570
BRDA:195,2,0,310570
DA:196,310570
DA:197,310570
DA:202,803
FN:202,InterestRateModelV2.calculateCurrentInterestRate
FNDA:803,InterestRateModelV2.calculateCurrentInterestRate
DA:209,1625
BRDA:209,3,0,2
BRDA:209,3,1,1623
DA:211,1623
DA:213,1623
DA:221,1056
BRDA:221,4,0,1056
DA:222,1056
DA:228,567
DA:231,567
DA:232,567
DA:234,567
BRDA:234,5,0,385
BRDA:234,5,1,182
DA:236,385
DA:239,182
DA:243,567
DA:245,567
DA:247,567
DA:249,567
DA:250,567
DA:252,567
DA:256,1
FN:256,InterestRateModelV2.calculateCompoundInterestRate
FNDA:1,InterestRateModelV2.calculateCompoundInterestRate
DA:267,683298
DA:277,1718
FN:277,InterestRateModelV2.calculateCompoundInterestRateWithOverflowDetection
FNDA:1718,InterestRateModelV2.calculateCompoundInterestRateWithOverflowDetection
DA:289,687439
DA:290,687439
DA:293,687439
DA:295,687439
BRDA:295,6,0,1
BRDA:295,6,1,687438
DA:300,687438
DA:303,687438
DA:305,687438
DA:308,687438
DA:310,687438
BRDA:310,7,0,26611
BRDA:310,7,1,660827
DA:312,26611
DA:314,26611
DA:316,26611
DA:319,660827
DA:321,660827
DA:323,660827
DA:327,687438
DA:329,687438
DA:331,687438
DA:333,687438
DA:337,687438
BRDA:337,8,0,230585
BRDA:337,8,1,1
DA:340,230585
DA:341,456853
BRDA:341,9,0,357858
BRDA:341,9,1,1
DA:344,357858
DA:345,98995
BRDA:345,10,0,98994
BRDA:345,10,1,1
DA:348,98994
DA:352,1
DA:356,687438
DA:360,687438
DA:366,687438
DA:368,687438
DA:370,687438
BRDA:370,11,0,6550
DA:371,6550
DA:372,6550
DA:377,825
FN:377,InterestRateModelV2.configOverflowCheck
FNDA:825,InterestRateModelV2.configOverflowCheck
DA:378,825
DA:379,825
DA:380,825
DA:382,825
DA:385,825
DA:386,825
DA:387,802
DA:388,802
DA:389,802
DA:390,802
DA:391,802
DA:392,802
DA:393,802
DA:397,802
DA:398,802
DA:399,802
DA:400,802
DA:402,802
DA:408,687694
FN:408,InterestRateModelV2._calculateRComp
FNDA:687694,InterestRateModelV2._calculateRComp
DA:413,687694
DA:415,687694
BRDA:415,12,0,1085
BRDA:415,12,1,271053
DA:416,1085
DA:419,1085
DA:421,686609
DA:422,686609
DA:428,687694
DA:430,687694
BRDA:430,13,0,3909
DA:431,3909
DA:434,683785
DA:436,683785
BRDA:436,14,0,415184
DA:437,415184
DA:441,268601
DA:442,268601
DA:443,498
BRDA:443,15,0,498
DA:444,498
DA:446,498
DA:452,2039008
FN:452,InterestRateModelV2._max
FNDA:2039008,InterestRateModelV2._max
DA:453,2039008
DA:457,661009
FN:457,InterestRateModelV2._min
FNDA:661009,InterestRateModelV2._min
DA:458,661009
DA:470,687438
FN:470,InterestRateModelV2._compoundInterestRateCAP
FNDA:687438,InterestRateModelV2._compoundInterestRateCAP
DA:477,687438
DA:478,687438
DA:489,567
FN:489,InterestRateModelV2._currentInterestRateCAP
FNDA:567,InterestRateModelV2._currentInterestRateCAP
DA:490,567
DA:491,567
FNF:16
FNH:16
LF:132
LH:132
BRF:26
BRH:26
end_of_record
TN:
SF:silo-core/contracts/interestRateModel/InterestRateModelV2Config.sol
DA:32,3203
FN:32,InterestRateModelV2Config.constructor
FNDA:3203,InterestRateModelV2Config.constructor
DA:33,3203
DA:34,3203
DA:35,3203
DA:36,3203
DA:37,3203
DA:38,3203
DA:39,3203
DA:40,3203
DA:42,3203
DA:43,3203
DA:47,684922
FN:47,InterestRateModelV2Config.getConfig
FNDA:684922,InterestRateModelV2Config.getConfig
DA:48,684922
DA:49,684922
DA:50,684922
DA:51,684922
DA:52,684922
DA:53,684922
DA:54,684922
DA:55,684922
DA:57,684922
DA:58,684922
FNF:2
FNH:2
LF:22
LH:22
BRF:0
BRH:0
end_of_record
TN:
SF:silo-core/contracts/interestRateModel/InterestRateModelV2Factory.sol
DA:27,755
FN:27,InterestRateModelV2Factory.constructor
FNDA:755,InterestRateModelV2Factory.constructor
DA:28,755
DA:32,1511
FN:32,InterestRateModelV2Factory.create
FNDA:1511,InterestRateModelV2Factory.create
DA:37,1511
DA:39,1511
DA:41,1511
BRDA:41,0,0,1511
DA:42,1511
DA:45,754
DA:47,754
DA:49,754
DA:51,754
DA:52,754
DA:54,754
DA:56,754
DA:61,16
FN:61,InterestRateModelV2Factory.verifyConfig
FNDA:16,InterestRateModelV2Factory.verifyConfig
DA:62,770
DA:64,770
BRDA:64,1,0,3
BRDA:64,1,1,767
DA:65,767
BRDA:65,2,0,2
BRDA:65,2,1,765
DA:66,765
BRDA:66,3,0,2
BRDA:66,3,1,763
DA:67,763
BRDA:67,4,0,1
BRDA:67,4,1,762
DA:68,762
BRDA:68,5,0,1
BRDA:68,5,1,761
DA:69,761
BRDA:69,6,0,1
BRDA:69,6,1,760
DA:70,760
BRDA:70,7,0,1
BRDA:70,7,1,759
DA:71,759
BRDA:71,8,0,1
BRDA:71,8,1,758
DA:73,758
BRDA:73,9,0,1
BRDA:73,9,1,757
DA:74,757
BRDA:74,10,0,1
BRDA:74,10,1,756
DA:77,756
DA:81,2
FN:81,InterestRateModelV2Factory.hashConfig
FNDA:2,InterestRateModelV2Factory.hashConfig
DA:87,1513
FNF:4
FNH:4
LF:29
LH:29
BRF:21
BRH:21
end_of_record
TN:
SF:silo-core/contracts/interestRateModel/kink/DynamicKinkModel.sol
DA:60,834
FN:60,DynamicKinkModel.constructor
FNDA:834,DynamicKinkModel.constructor
DA:62,834
DA:63,834
DA:66,106
FN:66,DynamicKinkModel.initialize
FNDA:106,DynamicKinkModel.initialize
DA:76,99
BRDA:76,0,0,-
BRDA:76,0,1,99
DA:77,99
BRDA:77,1,0,1
BRDA:77,1,1,98
DA:78,98
BRDA:78,2,0,1
BRDA:78,2,1,97
DA:79,97
BRDA:79,3,0,1
BRDA:79,3,1,96
DA:81,96
DA:86,96
DA:88,96
DA:90,96
DA:92,96
DA:96,3808
FN:96,DynamicKinkModel.updateConfig
FNDA:3808,DynamicKinkModel.updateConfig
DA:97,3807
DA:101,4
FN:101,DynamicKinkModel.cancelPendingUpdateConfig
FNDA:4,DynamicKinkModel.cancelPendingUpdateConfig
DA:102,3
BRDA:102,4,0,2
BRDA:102,4,1,1
DA:104,1
DA:106,1
DA:107,1
DA:109,1
DA:111,1
DA:115,257
FN:115,DynamicKinkModel.getCompoundInterestRateAndUpdate
FNDA:257,DynamicKinkModel.getCompoundInterestRateAndUpdate
DA:124,257
DA:135,517
FN:135,DynamicKinkModel.getCompoundInterestRate
FNDA:517,DynamicKinkModel.getCompoundInterestRate
DA:141,517
DA:144,1
FN:144,DynamicKinkModel.getPendingCompoundInterestRate
FNDA:1,DynamicKinkModel.getPendingCompoundInterestRate
DA:150,1
DA:154,1017
FN:154,DynamicKinkModel.getCurrentInterestRate
FNDA:1017,DynamicKinkModel.getCurrentInterestRate
DA:160,1017
DA:163,1
FN:163,DynamicKinkModel.getPendingCurrentInterestRate
FNDA:1,DynamicKinkModel.getPendingCurrentInterestRate
DA:169,1
DA:173,12975
FN:173,DynamicKinkModel.irmConfig
FNDA:12975,DynamicKinkModel.irmConfig
DA:174,14781
DA:178,5
FN:178,DynamicKinkModel.pendingIrmConfig
FNDA:5,DynamicKinkModel.pendingIrmConfig
DA:179,8
DA:183,16
FN:183,DynamicKinkModel.getModelStateAndConfig
FNDA:16,DynamicKinkModel.getModelStateAndConfig
DA:189,1809
DA:193,1809
BRDA:193,5,0,-
BRDA:193,5,1,1809
DA:195,1809
DA:196,1809
DA:201,3083
FN:201,DynamicKinkModel.verifyConfig
FNDA:3083,DynamicKinkModel.verifyConfig
DA:202,6986
BRDA:202,6,0,596
BRDA:202,6,1,6390
DA:203,6390
BRDA:203,7,0,110
BRDA:203,7,1,6280
DA:204,6280
BRDA:204,8,0,177
BRDA:204,8,1,6103
DA:206,6103
BRDA:206,9,0,89
BRDA:206,9,1,6014
DA:208,6014
BRDA:208,10,0,4
BRDA:208,10,1,6010
DA:210,6010
BRDA:210,11,0,60
BRDA:210,11,1,5950
DA:211,5950
BRDA:211,12,0,5
BRDA:211,12,1,5945
DA:214,5945
BRDA:214,13,0,-
BRDA:214,13,1,5945
DA:215,5945
BRDA:215,14,0,-
BRDA:215,14,1,5945
DA:217,5945
BRDA:217,15,0,2
BRDA:217,15,1,5943
DA:219,5943
BRDA:219,16,0,2
BRDA:219,16,1,5941
DA:220,5941
BRDA:220,17,0,2
BRDA:220,17,1,5939
DA:222,5939
BRDA:222,18,0,2
BRDA:222,18,1,5937
DA:223,5937
BRDA:223,19,0,2
BRDA:223,19,1,5935
DA:225,5935
BRDA:225,20,0,3
BRDA:225,20,1,5932
DA:229,1502
FN:229,DynamicKinkModel.currentInterestRate
FNDA:1502,DynamicKinkModel.currentInterestRate
DA:242,1502
BRDA:242,21,0,19
DA:244,1483
DA:247,1483
DA:249,1483
BRDA:249,22,0,442
BRDA:249,22,1,1030
DA:250,442
DA:251,1041
BRDA:251,23,0,766
DA:252,766
DA:257,1462
DA:258,1462
BRDA:258,24,0,1075
BRDA:258,24,1,1075
DA:259,1075
DA:261,1075
BRDA:261,25,0,864
DA:262,864
DA:265,1075
DA:267,387
DA:270,1462
BRDA:270,26,0,-
BRDA:270,26,1,1462
DA:271,1462
DA:275,723
FN:275,DynamicKinkModel.compoundInterestRate
FNDA:723,DynamicKinkModel.compoundInterestRate
DA:290,723
BRDA:290,27,0,14
DA:292,709
DA:294,709
BRDA:294,28,0,220
BRDA:294,28,1,489
DA:296,489
DA:298,489
BRDA:298,29,0,12
DA:301,477
BRDA:301,30,0,127
BRDA:301,30,1,350
DA:302,127
DA:303,350
BRDA:303,31,0,286
DA:304,286
DA:307,477
DA:310,477
DA:313,458
BRDA:313,32,0,90
BRDA:313,32,1,332
DA:314,90
DA:315,88
DA:316,368
BRDA:316,33,0,36
BRDA:316,33,1,332
DA:317,36
DA:318,35
DA:320,332
DA:321,328
DA:324,451
BRDA:324,34,0,339
DA:325,339
DA:327,339
BRDA:327,35,0,323
DA:328,323
DA:332,451
DA:337,438
BRDA:337,36,0,70
BRDA:337,36,1,368
DA:339,368
DA:340,368
BRDA:340,37,0,-
BRDA:340,37,1,368
DA:343,368
BRDA:343,38,0,9
DA:344,9
DA:346,9
DA:352,3807
FN:352,DynamicKinkModel._updateConfiguration.0
FNDA:3807,DynamicKinkModel._updateConfiguration.0
DA:354,3807
DA:355,3807
DA:358,3903
FN:358,DynamicKinkModel._updateConfiguration.1
FNDA:3903,DynamicKinkModel._updateConfiguration.1
DA:363,3903
BRDA:363,39,0,-
BRDA:363,39,1,3903
DA:365,3903
DA:367,3903
DA:369,3647
DA:371,3647
DA:372,3647
DA:373,3647
DA:375,3647
DA:378,518
FN:378,DynamicKinkModel._getCompoundInterestRate.0
FNDA:518,DynamicKinkModel._getCompoundInterestRate.0
DA:388,518
DA:390,518
DA:400,775
FN:400,DynamicKinkModel._getCompoundInterestRate.1
FNDA:775,DynamicKinkModel._getCompoundInterestRate.1
DA:406,775
DA:407,775
DA:409,775
BRDA:409,40,0,1
BRDA:409,40,1,774
DA:411,774
BRDA:411,41,0,-
DA:412,774
BRDA:412,42,0,7
DA:413,767
BRDA:413,43,0,27
DA:414,740
BRDA:414,44,0,17
DA:416,723
BRDA:416,45,0,723
DA:425,394
DA:426,394
DA:427,329
BRDA:427,45,1,329
DA:428,329
DA:429,329
DA:433,1018
FN:433,DynamicKinkModel._getCurrentInterestRate
FNDA:1018,DynamicKinkModel._getCurrentInterestRate
DA:439,1018
DA:440,1018
BRDA:440,46,0,1
BRDA:440,46,1,1017
DA:442,1017
DA:444,1017
BRDA:444,47,0,9
DA:445,1008
BRDA:445,48,0,6
DA:447,1002
BRDA:447,49,0,1002
DA:455,981
DA:456,21
BRDA:456,49,1,21
DA:457,21
DA:462,1989
FN:462,DynamicKinkModel._calculateUtiliation
FNDA:1989,DynamicKinkModel._calculateUtiliation
DA:468,1989
BRDA:468,50,0,35
DA:469,1954
BRDA:469,51,0,629
DA:472,1325
DA:476,519
FN:476,DynamicKinkModel._capK
FNDA:519,DynamicKinkModel._capK
DA:477,519
BRDA:477,52,0,1
BRDA:477,52,1,518
DA:480,518
FNF:22
FNH:22
LF:151
LH:151
BRF:89
BRH:81
end_of_record
TN:
SF:silo-core/contracts/interestRateModel/kink/DynamicKinkModelConfig.sol
DA:27,4403
FN:27,DynamicKinkModelConfig.constructor
FNDA:4403,DynamicKinkModelConfig.constructor
DA:28,4403
DA:29,4403
DA:30,4403
DA:31,4403
DA:32,4403
DA:33,4403
DA:34,4403
DA:35,4403
DA:36,4403
DA:37,4403
DA:38,4403
DA:39,4403
DA:40,4403
DA:42,4403
DA:43,4403
DA:47,13510
FN:47,DynamicKinkModelConfig.getConfig
FNDA:13510,DynamicKinkModelConfig.getConfig
DA:53,13510
DA:54,13510
DA:55,13510
DA:56,13510
DA:57,13510
DA:58,13510
DA:59,13510
DA:60,13510
DA:61,13510
DA:62,13510
DA:63,13510
DA:64,13510
DA:65,13510
DA:67,13510
DA:68,13510
FNF:2
FNH:2
LF:32
LH:32
BRF:0
BRH:0
end_of_record
TN:
SF:silo-core/contracts/interestRateModel/kink/DynamicKinkModelFactory.sol
DA:30,306
FN:30,DynamicKinkModelFactory.constructor
FNDA:306,DynamicKinkModelFactory.constructor
DA:31,306
DA:35,355
FN:35,DynamicKinkModelFactory.create
FNDA:355,DynamicKinkModelFactory.create
DA:46,355
DA:51,1039
FN:51,DynamicKinkModelFactory.generateConfig
FNDA:1039,DynamicKinkModelFactory.generateConfig
DA:57,1039
DA:60,1039
BRDA:60,0,0,-
BRDA:60,0,1,1039
DA:61,1039
BRDA:61,1,0,-
BRDA:61,1,1,1039
DA:62,1039
BRDA:62,2,0,-
BRDA:62,2,1,1039
DA:64,1039
DA:65,1039
DA:66,1039
DA:67,1039
DA:71,1039
BRDA:71,3,0,-
BRDA:71,3,1,1039
DA:76,1039
BRDA:76,4,0,-
BRDA:76,4,1,1039
DA:81,1039
DA:82,1039
DA:83,1039
BRDA:83,5,0,448
BRDA:83,5,1,591
DA:85,591
DA:88,591
BRDA:88,6,0,-
BRDA:88,6,1,591
DA:89,591
BRDA:89,7,0,-
BRDA:89,7,1,591
DA:92,591
BRDA:92,8,0,-
BRDA:92,8,1,591
DA:93,591
BRDA:93,9,0,-
BRDA:93,9,1,591
DA:95,591
DA:97,591
DA:100,591
DA:104,591
DA:107,591
DA:108,591
DA:110,591
DA:113,591
DA:116,591
DA:118,591
DA:122,5
FN:122,DynamicKinkModelFactory.verifyConfig
FNDA:5,DynamicKinkModelFactory.verifyConfig
DA:123,5
DA:126,13
FN:126,DynamicKinkModelFactory.predictAddress
FNDA:13,DynamicKinkModelFactory.predictAddress
DA:131,13
BRDA:131,10,0,-
BRDA:131,10,1,13
DA:133,13
DA:136,355
FN:136,DynamicKinkModelFactory._create
FNDA:355,DynamicKinkModelFactory._create
DA:147,355
DA:149,99
DA:151,99
DA:152,99
DA:154,96
DA:155,96
DA:158,1295
FN:158,DynamicKinkModelFactory._castConfig
FNDA:1295,DynamicKinkModelFactory._castConfig
DA:163,1295
DA:164,1295
DA:165,1295
DA:166,1295
DA:167,1295
DA:168,1295
DA:169,1295
DA:170,1295
DA:171,1295
DA:172,1295
DA:173,1295
DA:174,1295
DA:175,1295
FNF:7
FNH:7
LF:59
LH:59
BRF:22
BRH:12
end_of_record
TN:
SF:silo-core/contracts/leverage/LeverageRouter.sol
DA:31,42
FN:31,LeverageRouter.constructor
FNDA:42,LeverageRouter.constructor
DA:32,42
DA:33,42
DA:34,42
DA:36,42
DA:43,1102
FN:43,LeverageRouter.openLeveragePosition
FNDA:1102,LeverageRouter.openLeveragePosition
DA:48,1101
DA:50,1101
DA:59,56
FN:59,LeverageRouter.openLeveragePositionPermit
FNDA:56,LeverageRouter.openLeveragePositionPermit
DA:65,55
DA:67,55
DA:77,61
FN:77,LeverageRouter.closeLeveragePosition
FNDA:61,LeverageRouter.closeLeveragePosition
DA:81,60
DA:83,60
DA:91,57
FN:91,LeverageRouter.closeLeveragePositionPermit
FNDA:57,LeverageRouter.closeLeveragePositionPermit
DA:96,56
DA:98,56
DA:107,4405
FN:107,LeverageRouter.predictUserLeverageContract
FNDA:4405,LeverageRouter.predictUserLeverageContract
DA:108,4405
DA:116,1102
FN:116,LeverageRouter.calculateDebtReceiveApproval
FNDA:1102,LeverageRouter.calculateDebtReceiveApproval
DA:121,1102
DA:122,1102
DA:123,1102
DA:127,2139
FN:127,LeverageRouter.calculateLeverageFee
FNDA:2139,LeverageRouter.calculateLeverageFee
DA:128,2139
DA:129,2139
BRDA:129,0,0,57
DA:131,2082
DA:132,2082
BRDA:132,1,0,-
DA:138,1272
FN:138,LeverageRouter._resolveLeverageContract
FNDA:1272,LeverageRouter._resolveLeverageContract
DA:139,1272
DA:141,1272
BRDA:141,2,0,1272
DA:142,1272
DA:145,1052
DA:150,1052
DA:152,1052
DA:156,5457
FN:156,LeverageRouter._getSalt
FNDA:5457,LeverageRouter._getSalt
DA:157,5457
FNF:10
FNH:10
LF:37
LH:37
BRF:3
BRH:2
end_of_record
TN:
SF:silo-core/contracts/leverage/LeverageUsingSiloFlashloan.sol
DA:57,43
FN:57,LeverageUsingSiloFlashloan.constructor
FNDA:43,LeverageUsingSiloFlashloan.constructor
DA:58,43
BRDA:58,0,0,-
BRDA:58,0,1,43
DA:60,43
DA:64,108
FN:64,LeverageUsingSiloFlashloan.openLeveragePositionPermit
FNDA:108,LeverageUsingSiloFlashloan.openLeveragePositionPermit
DA:74,108
DA:76,108
DA:80,1154
FN:80,LeverageUsingSiloFlashloan.openLeveragePosition
FNDA:1154,LeverageUsingSiloFlashloan.openLeveragePosition
DA:93,1052
DA:95,1052
BRDA:95,1,0,-
BRDA:95,1,1,1047
DA:104,109
FN:104,LeverageUsingSiloFlashloan.closeLeveragePositionPermit
FNDA:109,LeverageUsingSiloFlashloan.closeLeveragePositionPermit
DA:113,109
DA:115,109
BRDA:115,2,0,1
DA:116,1
DA:121,109
DA:123,109
DA:127,113
FN:127,LeverageUsingSiloFlashloan.closeLeveragePosition
FNDA:113,LeverageUsingSiloFlashloan.closeLeveragePosition
DA:138,12
BRDA:138,3,0,-
BRDA:138,3,1,12
DA:147,1371
FN:147,LeverageUsingSiloFlashloan.onFlashLoan
FNDA:1371,LeverageUsingSiloFlashloan.onFlashLoan
DA:158,1371
BRDA:158,4,0,306
BRDA:158,4,1,1065
DA:160,1065
BRDA:160,5,0,1052
BRDA:160,5,1,1
DA:161,1052
DA:162,13
BRDA:162,6,1,1
BRDA:162,6,0,12
DA:163,12
DA:164,1
DA:167,1059
DA:170,1059
DA:171,1059
DA:174,1052
FN:174,LeverageUsingSiloFlashloan._openLeverage
FNDA:1052,LeverageUsingSiloFlashloan._openLeverage
DA:181,1052
DA:182,1052
DA:185,1052
DA:187,1052
DA:190,1052
DA:193,1050
DA:196,1050
DA:198,1050
DA:200,1050
DA:202,1050
DA:205,1048
DA:208,1048
DA:215,1047
DA:226,1047
DA:229,1050
FN:229,LeverageUsingSiloFlashloan._deposit
FNDA:1050,LeverageUsingSiloFlashloan._deposit
DA:230,1050
DA:232,1048
DA:234,1048
DA:241,12
FN:241,LeverageUsingSiloFlashloan._closeLeverage
FNDA:12,LeverageUsingSiloFlashloan._closeLeverage
DA:249,12
DA:252,12
DA:254,12
DA:256,12
DA:258,12
DA:260,12
DA:263,12
DA:271,12
DA:273,12
DA:274,12
BRDA:274,7,0,-
BRDA:274,7,1,12
DA:276,12
DA:278,12
DA:286,12
BRDA:286,8,0,12
DA:288,12
DA:289,12
DA:290,12
BRDA:290,9,0,12
DA:293,0
FN:293,LeverageUsingSiloFlashloan._fillQuote
FNDA:0,LeverageUsingSiloFlashloan._fillQuote
DA:298,12
FN:298,LeverageUsingSiloFlashloan._getBorrowerTotalShareDebtBalance
FNDA:12,LeverageUsingSiloFlashloan._getBorrowerTotalShareDebtBalance
DA:304,12
DA:305,12
DA:308,12
FN:308,LeverageUsingSiloFlashloan._getBorrowerTotalShareCollateralBalance
FNDA:12,LeverageUsingSiloFlashloan._getBorrowerTotalShareCollateralBalance
DA:314,12
BRDA:314,10,0,9
DA:315,9
DA:318,3
DA:320,3
DA:323,1072
FN:323,LeverageUsingSiloFlashloan._resolveOtherSilo
FNDA:1072,LeverageUsingSiloFlashloan._resolveOtherSilo
DA:324,1072
DA:325,1072
BRDA:325,11,0,-
BRDA:325,11,1,1072
DA:327,1072
DA:330,217
FN:330,LeverageUsingSiloFlashloan._executePermit
FNDA:217,LeverageUsingSiloFlashloan._executePermit
DA:331,217
BRDA:331,12,0,217
DA:333,217
BRDA:333,13,0,217
DA:348,1050
FN:348,LeverageUsingSiloFlashloan._transferTokensFromUser
FNDA:1050,LeverageUsingSiloFlashloan._transferTokensFromUser
DA:349,1050
BRDA:349,14,0,1045
BRDA:349,14,1,3
DA:351,1045
DA:353,5
BRDA:353,15,0,2
BRDA:353,15,1,3
DA:355,3
DA:356,3
DA:360,1047
FN:360,LeverageUsingSiloFlashloan._payLeverageFee
FNDA:1047,LeverageUsingSiloFlashloan._payLeverageFee
DA:361,1047
BRDA:361,16,0,1043
FNF:16
FNH:15
LF:87
LH:86
BRF:27
BRH:22
end_of_record
TN:
SF:silo-core/contracts/leverage/LeverageUsingSiloFlashloanWithGeneralSwap.sol
DA:26,43
FN:26,LeverageUsingSiloFlashloanWithGeneralSwap.constructor
FNDA:43,LeverageUsingSiloFlashloanWithGeneralSwap.constructor
DA:30,43
DA:33,1064
FN:33,LeverageUsingSiloFlashloanWithGeneralSwap._fillQuote
FNDA:1064,LeverageUsingSiloFlashloanWithGeneralSwap._fillQuote
DA:39,1064
DA:41,1064
DA:42,1064
DA:44,1064
FNF:2
FNH:2
LF:7
LH:7
BRF:0
BRH:0
end_of_record
TN:
SF:silo-core/contracts/leverage/modules/GeneralSwapModule.sol
DA:24,1064
FN:24,GeneralSwapModule.fillQuote
FNDA:1064,GeneralSwapModule.fillQuote
DA:29,1064
BRDA:29,0,0,-
DA:32,1064
DA:36,1064
DA:37,1064
BRDA:37,1,0,2
DA:39,1062
DA:40,1062
BRDA:40,2,0,-
DA:42,1062
DA:45,2124
FN:45,GeneralSwapModule._transferBalanceToSender
FNDA:2124,GeneralSwapModule._transferBalanceToSender
DA:46,2124
DA:48,2124
BRDA:48,3,0,1074
DA:49,1074
FNF:2
FNH:2
LF:12
LH:12
BRF:4
BRH:2
end_of_record
TN:
SF:silo-core/contracts/leverage/modules/LeverageTxState.sol
DA:27,1052
FN:27,LeverageTxState.setupTxState
FNDA:1052,LeverageTxState.setupTxState
DA:33,1052
DA:34,1052
DA:35,1052
DA:36,1052
DA:40,1047
DA:41,1047
DA:42,1047
DA:43,1047
FNF:1
FNH:1
LF:9
LH:9
BRF:0
BRH:0
end_of_record
TN:
SF:silo-core/contracts/leverage/modules/RescueModule.sol
DA:35,43
FN:35,RescueModule.constructor
FNDA:43,RescueModule.constructor
DA:36,43
DA:39,1262
FN:39,RescueModule.onlyRouter
FNDA:1262,RescueModule.onlyRouter
DA:40,1262
BRDA:40,0,0,106
BRDA:40,0,1,116
DA:44,514
FN:44,RescueModule.onlyLeverageUser
FNDA:514,RescueModule.onlyLeverageUser
DA:45,514
BRDA:45,1,0,513
BRDA:45,1,1,1
DA:51,566
FN:51,RescueModule.rescueNativeTokens
FNDA:566,RescueModule.rescueNativeTokens
DA:52,1
DA:53,1
BRDA:53,2,0,-
BRDA:53,2,1,1
DA:55,1
DA:56,1
BRDA:56,3,0,1
BRDA:56,3,1,-
DA:58,0
DA:64,566
FN:64,RescueModule.rescueTokens
FNDA:566,RescueModule.rescueTokens
DA:65,0
DA:66,0
BRDA:66,4,0,-
BRDA:66,4,1,-
DA:68,0
DA:70,0
DA:71,0
FNF:5
FNH:5
LF:18
LH:12
BRF:10
BRH:6
end_of_record
TN:
SF:silo-core/contracts/leverage/modules/RevenueModule.sol
DA:22,351
FN:22,RevenueModule.setLeverageFee
FNDA:351,RevenueModule.setLeverageFee
DA:23,298
BRDA:23,0,0,1
BRDA:23,0,1,297
DA:24,297
BRDA:24,1,0,1
BRDA:24,1,1,296
DA:25,296
BRDA:25,2,0,119
BRDA:25,2,1,177
DA:27,177
DA:28,177
DA:32,93
FN:32,RevenueModule.setRevenueReceiver
FNDA:93,RevenueModule.setRevenueReceiver
DA:33,40
BRDA:33,3,0,-
BRDA:33,3,1,40
DA:34,40
BRDA:34,4,0,-
BRDA:34,4,1,40
DA:36,40
DA:37,40
FNF:2
FNH:2
LF:11
LH:11
BRF:10
BRH:8
end_of_record
TN:
SF:silo-core/contracts/lib/Actions.sol
DA:43,1552
FN:43,Actions.initialize
FNDA:1552,Actions.initialize
DA:44,1552
DA:46,1552
BRDA:46,0,0,39
BRDA:46,0,1,1513
DA:48,1513
DA:50,1512
DA:52,1512
DA:63,76762
FN:63,Actions.deposit
FNDA:76762,Actions.deposit
DA:72,76762
DA:74,76761
DA:76,76761
DA:77,76625
DA:79,76625
DA:81,76625
DA:83,76625
DA:93,76622
DA:95,76622
DA:109,17179
FN:109,Actions.withdraw
FNDA:17179,Actions.withdraw
DA:113,17179
DA:115,17179
DA:117,17179
DA:118,17043
DA:120,17043
DA:121,17043
DA:122,17043
DA:124,17043
DA:126,17043
DA:134,15898
BRDA:134,1,0,1536
DA:136,1536
DA:139,15401
DA:141,15401
DA:153,26618
FN:153,Actions.borrow
FNDA:26618,Actions.borrow
DA:157,26618
DA:159,26618
DA:161,26618
BRDA:161,2,0,2
BRDA:161,2,1,26616
DA:163,26616
DA:164,26548
DA:165,26548
DA:167,26548
DA:168,26548
DA:170,26548
DA:172,26548
DA:179,25606
DA:181,21924
DA:183,21924
DA:191,13791
FN:191,Actions.borrowSameAsset
FNDA:13791,Actions.borrowSameAsset
DA:195,13791
DA:197,13791
DA:199,13791
BRDA:199,3,0,3
BRDA:199,3,1,13788
DA:201,13788
DA:202,13754
DA:203,13754
DA:205,13754
DA:206,13754
DA:208,13754
DA:215,13745
DA:217,10953
DA:219,10953
DA:229,15163
FN:229,Actions.repay
FNDA:15163,Actions.repay
DA:238,15163
DA:240,15163
BRDA:240,4,0,4
DA:241,4
DA:242,4
DA:245,15163
DA:247,15163
DA:248,15095
DA:250,15095
DA:252,15095
DA:256,15090
DA:258,15090
BRDA:258,5,0,3
DA:259,3
DA:260,3
DA:271,52
FN:271,Actions.transitionCollateral
FNDA:52,Actions.transitionCollateral
DA:275,52
DA:277,51
DA:279,51
DA:280,17
DA:282,17
DA:286,17
DA:288,17
DA:291,17
DA:295,17
DA:309,13
DA:310,13
DA:314,13
DA:325,13
BRDA:325,6,0,5
DA:326,5
DA:329,12
DA:331,12
DA:336,55
FN:336,Actions.switchCollateralToThisSilo
FNDA:55,Actions.switchCollateralToThisSilo
DA:337,55
DA:339,55
DA:341,55
BRDA:341,7,0,6
DA:342,6
DA:347,55
DA:349,55
DA:350,21
BRDA:350,8,0,1
BRDA:350,8,1,20
DA:352,20
DA:353,20
DA:355,20
DA:357,20
BRDA:357,9,0,19
DA:358,19
DA:359,19
DA:362,18
DA:364,18
BRDA:364,10,0,5
DA:365,5
DA:377,1089
FN:377,Actions.flashLoan
FNDA:1089,Actions.flashLoan
DA:386,1089
BRDA:386,11,0,1
BRDA:386,11,1,1088
DA:388,1088
DA:390,1088
BRDA:390,12,0,2
DA:391,2
DA:392,2
DA:396,1088
DA:398,1088
BRDA:398,13,0,-
BRDA:398,13,1,1088
DA:400,1088
BRDA:400,14,0,-
BRDA:400,14,1,1088
DA:403,1088
DA:405,1088
DA:407,1088
BRDA:407,15,0,1
BRDA:407,15,1,1081
DA:412,1081
DA:414,1081
BRDA:414,16,0,2
DA:415,2
DA:416,2
DA:419,1081
DA:426,1040
FN:426,Actions.withdrawFees
FNDA:1040,Actions.withdrawFees
DA:430,1040
DA:431,1040
DA:433,1006
DA:435,1006
DA:436,1006
BRDA:436,17,0,865
BRDA:436,17,1,141
DA:438,141
DA:444,141
DA:446,141
DA:447,141
DA:449,141
DA:452,141
DA:454,141
BRDA:454,18,0,1
BRDA:454,18,1,140
DA:456,140
BRDA:456,19,0,3
DA:459,140
DA:461,140
DA:463,140
BRDA:463,20,0,138
DA:468,138
DA:470,138
DA:475,138
DA:478,140
DA:480,140
DA:485,1643
FN:485,Actions.updateHooks
FNDA:1643,Actions.updateHooks
DA:486,1643
DA:488,1643
DA:490,1609
DA:492,1609
BRDA:492,21,0,-
DA:494,1609
DA:496,1609
DA:497,1609
DA:498,1609
DA:506,159
FN:506,Actions.callOnBehalfOfSilo
FNDA:159,Actions.callOnBehalfOfSilo
DA:510,159
BRDA:510,22,0,1
BRDA:510,22,1,158
DA:517,158
BRDA:517,23,0,118
BRDA:517,23,1,4
DA:518,118
DA:520,40
DA:525,1560
FN:525,Actions._checkSolvencyWithoutAccruingInterest
FNDA:1560,Actions._checkSolvencyWithoutAccruingInterest
DA:530,1560
BRDA:530,24,0,1426
DA:531,1426
DA:532,1426
DA:535,1560
DA:539,1560
BRDA:539,25,0,500
BRDA:539,25,1,1060
DA:543,39351
FN:543,Actions._checkLTVWithoutAccruingInterest
FNDA:39351,Actions._checkLTVWithoutAccruingInterest
DA:548,39351
BRDA:548,26,0,25606
DA:549,25606
DA:550,25606
DA:553,39351
DA:557,39350
BRDA:557,27,0,6473
BRDA:557,27,1,32877
DA:560,17179
FN:560,Actions._hookCallBeforeWithdraw
FNDA:17179,Actions._hookCallBeforeWithdraw
DA:563,17179
DA:565,17179
DA:567,17179
BRDA:567,28,0,17167
DA:569,12
DA:570,12
DA:572,12
DA:575,15401
FN:575,Actions._hookCallAfterWithdraw
FNDA:15401,Actions._hookCallAfterWithdraw
DA:580,15401
DA:582,15401
DA:584,15401
BRDA:584,29,0,15392
DA:586,9
DA:587,9
DA:589,9
DA:592,40409
FN:592,Actions._hookCallBeforeBorrow
FNDA:40409,Actions._hookCallBeforeBorrow
DA:593,40409
DA:595,40409
BRDA:595,30,0,40404
DA:597,5
DA:605,5
DA:608,32877
FN:608,Actions._hookCallAfterBorrow
FNDA:32877,Actions._hookCallAfterBorrow
DA:614,32877
DA:616,32877
BRDA:616,31,0,32874
DA:618,3
DA:628,3
DA:631,52
FN:631,Actions._hookCallBeforeTransitionCollateral
FNDA:52,Actions._hookCallBeforeTransitionCollateral
DA:632,52
DA:634,52
DA:636,52
BRDA:636,32,0,48
DA:638,4
DA:640,4
DA:643,12
FN:643,Actions._hookCallAfterTransitionCollateral
FNDA:12,Actions._hookCallAfterTransitionCollateral
DA:648,12
DA:649,12
DA:651,12
BRDA:651,33,0,9
DA:653,3
DA:655,3
DA:658,76762
FN:658,Actions._hookCallBeforeDeposit
FNDA:76762,Actions._hookCallBeforeDeposit
DA:664,76762
DA:665,76762
DA:667,76762
BRDA:667,34,0,76742
DA:669,20
DA:671,20
DA:674,76622
FN:674,Actions._hookCallAfterDeposit
FNDA:76622,Actions._hookCallAfterDeposit
DA:682,76622
DA:683,76622
DA:685,76622
BRDA:685,35,0,76612
DA:687,10
DA:689,10
DA:696,145
FN:696,Actions._safeTransferInternal
FNDA:145,Actions._safeTransferInternal
DA:697,145
DA:698,145
DA:699,145
BRDA:699,36,0,2
DA:701,143
FNF:23
FNH:23
LF:223
LH:223
BRF:51
BRH:48
end_of_record
TN:
SF:silo-core/contracts/lib/AddressUtilsLib.sol
DA:12,155
FN:12,AddressUtilsLib.fromHexString
FNDA:155,AddressUtilsLib.fromHexString
DA:13,155
BRDA:13,0,0,-
BRDA:13,0,1,155
DA:15,155
DA:16,6122
DA:18,6122
BRDA:18,1,0,2
DA:20,6120
DA:30,6122
FN:30,AddressUtilsLib.tryHexToUint
FNDA:6122,AddressUtilsLib.tryHexToUint
DA:31,6122
DA:34,6122
BRDA:34,2,0,4587
BRDA:34,2,1,2
DA:35,4587
DA:38,1535
BRDA:38,3,0,-
BRDA:38,3,1,2
DA:39,0
DA:42,1535
BRDA:42,4,0,1533
BRDA:42,4,1,2
DA:43,1533
DA:47,2
FNF:2
FNH:2
LF:15
LH:14
BRF:9
BRH:7
end_of_record
TN:
SF:silo-core/contracts/lib/CallBeforeQuoteLib.sol
DA:10,12440
FN:10,CallBeforeQuoteLib.callSolvencyOracleBeforeQuote
FNDA:12440,CallBeforeQuoteLib.callSolvencyOracleBeforeQuote
DA:11,12440
BRDA:11,0,0,5
DA:12,5
DA:18,51212
FN:18,CallBeforeQuoteLib.callMaxLtvOracleBeforeQuote
FNDA:51212,CallBeforeQuoteLib.callMaxLtvOracleBeforeQuote
DA:19,51212
BRDA:19,1,0,9
DA:20,9
FNF:2
FNH:2
LF:6
LH:6
BRF:2
BRH:2
end_of_record
TN:
SF:silo-core/contracts/lib/CloneDeterministic.sol
DA:33,761
FN:33,CloneDeterministic.silo0
FNDA:761,CloneDeterministic.silo0
DA:37,761
DA:44,761
FN:44,CloneDeterministic.silo1
FNDA:761,CloneDeterministic.silo1
DA:48,761
DA:55,759
FN:55,CloneDeterministic.shareProtectedCollateralToken0
FNDA:759,CloneDeterministic.shareProtectedCollateralToken0
DA:63,759
DA:72,759
FN:72,CloneDeterministic.shareDebtToken0
FNDA:759,CloneDeterministic.shareDebtToken0
DA:80,759
DA:87,759
FN:87,CloneDeterministic.shareProtectedCollateralToken1
FNDA:759,CloneDeterministic.shareProtectedCollateralToken1
DA:95,759
DA:105,759
FN:105,CloneDeterministic.shareDebtToken1
FNDA:759,CloneDeterministic.shareDebtToken1
DA:113,759
DA:121,758
FN:121,CloneDeterministic.predictSilo0Addr
FNDA:758,CloneDeterministic.predictSilo0Addr
DA:131,758
DA:139,758
FN:139,CloneDeterministic.predictSilo1Addr
FNDA:758,CloneDeterministic.predictSilo1Addr
DA:149,758
DA:157,758
FN:157,CloneDeterministic.predictShareProtectedCollateralToken0Addr
FNDA:758,CloneDeterministic.predictShareProtectedCollateralToken0Addr
DA:167,758
DA:179,758
FN:179,CloneDeterministic.predictShareDebtToken0Addr
FNDA:758,CloneDeterministic.predictShareDebtToken0Addr
DA:189,758
DA:199,758
FN:199,CloneDeterministic.predictShareProtectedCollateralToken1Addr
FNDA:758,CloneDeterministic.predictShareProtectedCollateralToken1Addr
DA:209,758
DA:221,758
FN:221,CloneDeterministic.predictShareDebtToken1Addr
FNDA:758,CloneDeterministic.predictShareDebtToken1Addr
DA:231,758
DA:239,1519
FN:239,CloneDeterministic._silo0Salt
FNDA:1519,CloneDeterministic._silo0Salt
DA:240,1519
DA:246,1519
FN:246,CloneDeterministic._silo1Salt
FNDA:1519,CloneDeterministic._silo1Salt
DA:247,1519
DA:253,1517
FN:253,CloneDeterministic._shareProtectedCollateralToken0Salt
FNDA:1517,CloneDeterministic._shareProtectedCollateralToken0Salt
DA:261,1517
DA:267,1517
FN:267,CloneDeterministic._shareDebtToken0Salt
FNDA:1517,CloneDeterministic._shareDebtToken0Salt
DA:275,1517
DA:281,1517
FN:281,CloneDeterministic._shareProtectedCollateralToken1Salt
FNDA:1517,CloneDeterministic._shareProtectedCollateralToken1Salt
DA:289,1517
DA:295,1517
FN:295,CloneDeterministic._shareDebtToken1Salt
FNDA:1517,CloneDeterministic._shareDebtToken1Salt
DA:296,1517
FNF:18
FNH:18
LF:36
LH:36
BRF:0
BRH:0
end_of_record
TN:
SF:silo-core/contracts/lib/ERC20RStorageLib.sol
DA:10,8579
FN:10,ERC20RStorageLib.getIERC20RStorage
FNDA:8579,ERC20RStorageLib.getIERC20RStorage
DA:13,8579
FNF:1
FNH:1
LF:2
LH:2
BRF:0
BRH:0
end_of_record
TN:
SF:silo-core/contracts/lib/Hook.sol
DA:219,448921
FN:219,Hook.matchAction
FNDA:448921,Hook.matchAction
DA:220,448921
DA:226,56
FN:226,Hook.addAction
FNDA:56,Hook.addAction
DA:227,56
DA:236,2
FN:236,Hook.removeAction
FNDA:2,Hook.removeAction
DA:237,2
DA:242,153414
FN:242,Hook.depositAction
FNDA:153414,Hook.depositAction
DA:243,153414
DA:248,32596
FN:248,Hook.withdrawAction
FNDA:32596,Hook.withdrawAction
DA:249,32596
DA:254,82
FN:254,Hook.transitionCollateralAction
FNDA:82,Hook.transitionCollateralAction
DA:255,82
DA:260,156190
FN:260,Hook.shareTokenTransfer
FNDA:156190,Hook.shareTokenTransfer
DA:261,156190
BRDA:261,0,0,3
BRDA:261,0,1,156187
DA:266,156187
DA:272,72
FN:272,Hook.afterTokenTransferDecode
FNDA:72,Hook.afterTokenTransferDecode
DA:277,72
DA:278,72
DA:279,72
DA:280,72
DA:281,72
DA:282,72
DA:285,72
DA:286,72
DA:287,72
DA:288,72
DA:289,72
DA:290,72
DA:291,72
DA:292,72
DA:293,72
DA:294,72
DA:295,72
DA:296,72
DA:299,72
DA:305,5
FN:305,Hook.beforeDepositDecode
FNDA:5,Hook.beforeDepositDecode
DA:310,5
DA:311,5
DA:312,5
DA:315,5
DA:316,5
DA:317,5
DA:318,5
DA:319,5
DA:320,5
DA:323,5
DA:329,5
FN:329,Hook.afterDepositDecode
FNDA:5,Hook.afterDepositDecode
DA:334,5
DA:335,5
DA:336,5
DA:337,5
DA:338,5
DA:341,5
DA:342,5
DA:343,5
DA:344,5
DA:345,5
DA:346,5
DA:347,5
DA:348,5
DA:349,5
DA:350,5
DA:353,5
DA:359,5
FN:359,Hook.beforeWithdrawDecode
FNDA:5,Hook.beforeWithdrawDecode
DA:364,5
DA:365,5
DA:366,5
DA:367,5
DA:368,5
DA:371,5
DA:372,5
DA:373,5
DA:374,5
DA:375,5
DA:376,5
DA:377,5
DA:378,5
DA:379,5
DA:380,5
DA:383,5
DA:389,5
FN:389,Hook.afterWithdrawDecode
FNDA:5,Hook.afterWithdrawDecode
DA:394,5
DA:395,5
DA:396,5
DA:397,5
DA:398,5
DA:399,5
DA:400,5
DA:403,5
DA:404,5
DA:405,5
DA:406,5
DA:407,5
DA:408,5
DA:409,5
DA:410,5
DA:411,5
DA:412,5
DA:413,5
DA:414,5
DA:415,5
DA:416,5
DA:419,5
DA:425,3
FN:425,Hook.beforeBorrowDecode
FNDA:3,Hook.beforeBorrowDecode
DA:430,3
DA:431,3
DA:432,3
DA:433,3
DA:434,3
DA:436,3
DA:437,3
DA:438,3
DA:439,3
DA:440,3
DA:441,3
DA:442,3
DA:443,3
DA:444,3
DA:445,3
DA:448,3
DA:454,1
FN:454,Hook.afterBorrowDecode
FNDA:1,Hook.afterBorrowDecode
DA:459,1
DA:460,1
DA:461,1
DA:462,1
DA:463,1
DA:464,1
DA:465,1
DA:468,1
DA:469,1
DA:470,1
DA:471,1
DA:472,1
DA:473,1
DA:474,1
DA:475,1
DA:476,1
DA:477,1
DA:478,1
DA:479,1
DA:480,1
DA:481,1
DA:484,1
DA:490,2
FN:490,Hook.beforeRepayDecode
FNDA:2,Hook.beforeRepayDecode
DA:495,2
DA:496,2
DA:497,2
DA:498,2
DA:501,2
DA:502,2
DA:503,2
DA:504,2
DA:505,2
DA:506,2
DA:507,2
DA:508,2
DA:511,2
DA:517,1
FN:517,Hook.afterRepayDecode
FNDA:1,Hook.afterRepayDecode
DA:522,1
DA:523,1
DA:524,1
DA:525,1
DA:526,1
DA:527,1
DA:530,1
DA:531,1
DA:532,1
DA:533,1
DA:534,1
DA:535,1
DA:536,1
DA:537,1
DA:538,1
DA:539,1
DA:540,1
DA:541,1
DA:544,1
DA:550,1
FN:550,Hook.beforeFlashLoanDecode
FNDA:1,Hook.beforeFlashLoanDecode
DA:555,1
DA:556,1
DA:557,1
DA:560,1
DA:561,1
DA:562,1
DA:563,1
DA:564,1
DA:565,1
DA:568,1
DA:574,1
FN:574,Hook.afterFlashLoanDecode
FNDA:1,Hook.afterFlashLoanDecode
DA:579,1
DA:580,1
DA:581,1
DA:582,1
DA:585,1
DA:586,1
DA:587,1
DA:588,1
DA:589,1
DA:590,1
DA:591,1
DA:592,1
DA:595,1
DA:601,2
FN:601,Hook.beforeTransitionCollateralDecode
FNDA:2,Hook.beforeTransitionCollateralDecode
DA:606,2
DA:607,2
DA:610,2
DA:611,2
DA:612,2
DA:613,2
DA:616,2
DA:622,2
FN:622,Hook.afterTransitionCollateralDecode
FNDA:2,Hook.afterTransitionCollateralDecode
DA:627,2
DA:628,2
DA:629,2
DA:632,2
DA:633,2
DA:634,2
DA:635,2
DA:636,2
DA:637,2
DA:640,2
DA:646,9
FN:646,Hook.switchCollateralDecode
FNDA:9,Hook.switchCollateralDecode
DA:651,9
DA:654,9
DA:655,9
DA:658,9
DA:662,188
FN:662,Hook._toBoolean
FNDA:188,Hook._toBoolean
DA:663,188
BRDA:663,1,0,1
BRDA:663,1,1,186
DA:664,1
DA:665,187
BRDA:665,2,0,1
BRDA:665,2,1,186
DA:666,1
DA:668,186
FNF:22
FNH:22
LF:232
LH:232
BRF:6
BRH:6
end_of_record
TN:
SF:silo-core/contracts/lib/IsContract.sol
DA:35,888
FN:35,IsContract.isContract
FNDA:888,IsContract.isContract
DA:40,888
FNF:1
FNH:1
LF:2
LH:2
BRF:0
BRH:0
end_of_record
TN:
SF:silo-core/contracts/lib/KinkMath.sol
DA:11,93186
FN:11,KinkMath.inClosedInterval
FNDA:93186,KinkMath.inClosedInterval
DA:16,93186
DA:25,1309
FN:25,KinkMath.inOpenIntervalLowIncluded
FNDA:1309,KinkMath.inOpenIntervalLowIncluded
DA:30,1309
DA:39,1166
FN:39,KinkMath.inOpenIntervalTopIncluded
FNDA:1166,KinkMath.inOpenIntervalTopIncluded
DA:44,1166
DA:53,3244
FN:53,KinkMath.inOpenInterval
FNDA:3244,KinkMath.inOpenInterval
DA:58,3244
DA:65,5336
FN:65,KinkMath.wouldOverflowOnCastToInt256
FNDA:5336,KinkMath.wouldOverflowOnCastToInt256
DA:66,5336
FNF:5
FNH:5
LF:10
LH:10
BRF:0
BRH:0
end_of_record
TN:
SF:silo-core/contracts/lib/NonReentrantLib.sol
DA:8,4168
FN:8,NonReentrantLib.nonReentrant
FNDA:4168,NonReentrantLib.nonReentrant
DA:9,4168
BRDA:9,0,0,500
BRDA:9,0,1,3668
FNF:1
FNH:1
LF:2
LH:2
BRF:2
BRH:2
end_of_record
TN:
SF:silo-core/contracts/lib/PRBMathCommon.sol
DA:17,688418
FN:17,PRBMathCommon.exp2
FNDA:688418,PRBMathCommon.exp2
DA:21,688418
DA:25,688418
BRDA:25,0,0,14251
DA:26,688418
BRDA:26,1,0,77283
DA:27,688418
BRDA:27,2,0,32748
DA:28,688418
BRDA:28,3,0,75061
DA:29,688418
BRDA:29,4,0,74272
DA:30,688418
BRDA:30,5,0,93456
DA:31,688418
BRDA:31,6,0,74549
DA:32,688418
BRDA:32,7,0,69937
DA:33,688418
BRDA:33,8,0,60148
DA:34,688418
BRDA:34,9,0,60644
DA:35,688418
BRDA:35,10,0,97792
DA:36,688418
BRDA:36,11,0,77121
DA:37,688418
BRDA:37,12,0,75924
DA:38,688418
BRDA:38,13,0,89939
DA:39,688418
BRDA:39,14,0,78546
DA:40,688418
BRDA:40,15,0,67738
DA:41,688418
BRDA:41,16,0,74146
DA:42,688418
BRDA:42,17,0,110883
DA:43,688418
BRDA:43,18,0,108259
DA:44,688418
BRDA:44,19,0,79765
DA:45,688418
BRDA:45,20,0,77094
DA:46,688418
BRDA:46,21,0,99741
DA:47,688418
BRDA:47,22,0,83445
DA:48,688418
BRDA:48,23,0,85845
DA:49,688418
BRDA:49,24,0,94494
DA:50,688418
BRDA:50,25,0,99427
DA:51,688418
BRDA:51,26,0,89743
DA:52,688418
BRDA:52,27,0,96154
DA:53,688418
BRDA:53,28,0,182179
DA:54,688418
BRDA:54,29,0,178086
DA:55,688418
BRDA:55,30,0,173927
DA:56,688418
BRDA:56,31,0,100570
DA:57,688418
BRDA:57,32,0,139378
DA:58,688418
BRDA:58,33,0,131056
DA:59,688418
BRDA:59,34,0,150682
DA:60,688418
BRDA:60,35,0,126521
DA:61,688418
BRDA:61,36,0,122906
DA:62,688418
BRDA:62,37,0,145256
DA:63,688418
BRDA:63,38,0,147172
DA:64,688418
BRDA:64,39,0,140951
DA:65,688418
BRDA:65,40,0,136846
DA:66,688418
BRDA:66,41,0,130792
DA:67,688418
BRDA:67,42,0,122931
DA:68,688418
BRDA:68,43,0,137687
DA:69,688418
BRDA:69,44,0,129319
DA:70,688418
BRDA:70,45,0,138287
DA:71,688418
BRDA:71,46,0,147386
DA:72,688418
BRDA:72,47,0,152463
DA:73,688418
BRDA:73,48,0,146087
DA:74,688418
BRDA:74,49,0,143490
DA:75,688418
BRDA:75,50,0,123841
DA:76,688418
BRDA:76,51,0,126620
DA:77,688418
BRDA:77,52,0,130754
DA:78,688418
BRDA:78,53,0,133143
DA:79,688418
BRDA:79,54,0,132126
DA:80,688418
BRDA:80,55,0,147320
DA:81,688418
BRDA:81,56,0,133362
DA:82,688418
BRDA:82,57,0,142227
DA:83,688418
BRDA:83,58,0,126875
DA:84,688418
BRDA:84,59,0,138565
DA:85,688418
BRDA:85,60,0,134515
DA:86,688418
BRDA:86,61,0,142939
DA:87,688418
BRDA:87,62,0,138785
DA:88,688418
BRDA:88,63,0,144241
DA:92,688418
DA:95,688418
DA:114,688418
FN:114,PRBMathCommon.mulDiv
FNDA:688418,PRBMathCommon.mulDiv
DA:122,688418
DA:123,688418
DA:125,688418
DA:126,688418
DA:127,688418
DA:131,688418
BRDA:131,64,0,688268
DA:132,688268
BRDA:132,65,0,-
BRDA:132,65,1,688268
DA:134,688268
DA:136,688268
DA:140,150
BRDA:140,66,0,-
BRDA:140,66,1,150
DA:147,150
DA:150,150
DA:153,150
DA:154,150
DA:161,150
DA:164,150
DA:167,150
DA:170,150
DA:174,150
DA:179,150
DA:183,150
DA:184,150
DA:185,150
DA:186,150
DA:187,150
DA:188,150
DA:194,150
DA:195,150
FNF:2
FNH:2
LF:97
LH:97
BRF:69
BRH:67
end_of_record
TN:
SF:silo-core/contracts/lib/PRBMathSD59x18.sol
DA:39,688242
FN:39,PRBMathSD59x18.exp
FNDA:688242,PRBMathSD59x18.exp
DA:41,688242
BRDA:41,0,0,92
DA:42,92
DA:46,688150
BRDA:46,1,0,-
BRDA:46,1,1,688150
DA:50,688150
DA:51,688150
DA:68,688451
FN:68,PRBMathSD59x18.exp2
FNDA:688451,PRBMathSD59x18.exp2
DA:70,688451
BRDA:70,2,0,33
BRDA:70,2,1,688418
DA:72,33
BRDA:72,3,0,1
DA:73,1
DA:77,32
DA:78,32
DA:81,688418
BRDA:81,4,0,-
BRDA:81,4,1,688418
DA:85,688418
DA:88,688418
FNF:2
FNH:2
LF:15
LH:15
BRF:8
BRH:6
end_of_record
TN:
SF:silo-core/contracts/lib/RevertLib.sol
DA:5,2
FN:5,RevertLib.revertBytes.0
FNDA:2,RevertLib.revertBytes.0
DA:6,2
BRDA:6,0,0,1
DA:8,1
DA:12,1
DA:15,2
FN:15,RevertLib.revertBytes.1
FNDA:2,RevertLib.revertBytes.1
DA:16,2
BRDA:16,1,0,2
DA:18,2
DA:22,0
DA:25,9035
FN:25,RevertLib.revertIfError
FNDA:9035,RevertLib.revertIfError
DA:26,9035
BRDA:26,2,0,9035
DA:28,4
DA:31,4
FN:31,RevertLib.revertWithCustomError
FNDA:4,RevertLib.revertWithCustomError
DA:32,4
DA:35,4
FNF:4
FNH:4
LF:14
LH:13
BRF:3
BRH:3
end_of_record
TN:
SF:silo-core/contracts/lib/ShareCollateralTokenLib.sol
DA:15,141
FN:15,ShareCollateralTokenLib.isSolventAfterCollateralTransfer
FNDA:141,ShareCollateralTokenLib.isSolventAfterCollateralTransfer
DA:16,141
DA:17,141
DA:19,141
DA:23,141
DA:26,141
BRDA:26,0,0,121
DA:28,20
DA:30,20
DA:32,20
FNF:1
FNH:1
LF:9
LH:9
BRF:1
BRH:1
end_of_record
TN:
SF:silo-core/contracts/lib/ShareTokenLib.sol
DA:23,1594809
FN:23,ShareTokenLib.getShareTokenStorage
FNDA:1594809,ShareTokenLib.getShareTokenStorage
DA:26,1594809
DA:31,4532
FN:31,ShareTokenLib.__ShareToken_init
FNDA:4532,ShareTokenLib.__ShareToken_init
DA:32,4532
DA:34,4532
DA:35,4532
DA:37,4532
DA:38,4532
DA:39,4532
DA:43,230
FN:43,ShareTokenLib.decimals
FNDA:230,ShareTokenLib.decimals
DA:44,230
DA:46,230
DA:47,230
DA:57,186
FN:57,ShareTokenLib.name
FNDA:186,ShareTokenLib.name
DA:58,186
DA:60,186
DA:61,186
DA:63,186
DA:64,186
DA:66,186
BRDA:66,0,0,74
BRDA:66,0,1,74
DA:67,74
DA:68,112
BRDA:68,1,0,38
BRDA:68,1,1,74
DA:69,38
DA:70,74
BRDA:70,2,0,74
[...]
DA:111,3072
DA:112,3072
DA:113,3072
DA:114,3072
DA:115,3072
DA:116,3072
DA:117,3072
DA:118,3072
DA:119,3072
DA:120,3072
DA:121,3072
DA:124,3092
FN:124,KinkCommon._hashConfig
FNDA:3092,KinkCommon._hashConfig
DA:125,3092
DA:128,532
FN:128,KinkCommon._hashImmutableConfig
FNDA:532,KinkCommon._hashImmutableConfig
DA:133,532
DA:136,2598
FN:136,KinkCommon._getIRMConfig
FNDA:2598,KinkCommon._getIRMConfig
DA:137,2598
DA:140,2601
FN:140,KinkCommon._getIRMImmutableConfig
FNDA:2601,KinkCommon._getIRMImmutableConfig
DA:145,2601
DA:148,5
FN:148,KinkCommon._defaultConfig
FNDA:5,KinkCommon._defaultConfig
DA:149,5
DA:166,34
FN:166,KinkCommon._defaultImmutableArgs
FNDA:34,KinkCommon._defaultImmutableArgs
DA:167,34
FNF:14
FNH:14
LF:60
LH:58
BRF:4
BRH:3
end_of_record
TN:
SF:silo-core/test/foundry/interestRateModel/kink/KinkCompatibility.t.sol
DA:10,0
FN:10,KinkCompatibility.decimals
FNDA:0,KinkCompatibility.decimals
DA:11,0
DA:14,0
FN:14,KinkCompatibility.initialize
FNDA:0,KinkCompatibility.initialize
DA:21,0
FN:21,KinkCompatibility.getCompoundInterestRateAndUpdate
FNDA:0,KinkCompatibility.getCompoundInterestRateAndUpdate
DA:27,0
DA:30,0
FN:30,KinkCompatibility.getCompoundInterestRate
FNDA:0,KinkCompatibility.getCompoundInterestRate
DA:36,0
DA:39,0
FN:39,KinkCompatibility.getCurrentInterestRate
FNDA:0,KinkCompatibility.getCurrentInterestRate
DA:45,0
FNF:5
FNH:0
LF:9
LH:0
BRF:0
BRH:0
end_of_record
TN:
SF:silo-core/test/foundry/interestRateModel/kink/KinkModelInternal.t.sol
DA:9,264
FN:9,KinkInternalMock.calculateUtiliation
FNDA:264,KinkInternalMock.calculateUtiliation
DA:10,264
DA:13,125
FN:13,KinkInternalMock.capK
FNDA:125,KinkInternalMock.capK
DA:14,125
FNF:2
FNH:2
LF:4
LH:4
BRF:0
BRH:0
end_of_record
TN:
SF:silo-core/test/foundry/leverage/mocks/SwapRouterMock.sol
DA:19,1061
FN:19,SwapRouterMock.setSwap
FNDA:1061,SwapRouterMock.setSwap
DA:25,1061
DA:26,1061
DA:28,1061
DA:29,1061
DA:32,1061
FN:32,SwapRouterMock.fallback
FNDA:1061,SwapRouterMock.fallback
DA:33,1061
BRDA:33,0,0,1061
DA:34,1061
BRDA:34,1,0,1061
FNF:2
FNH:2
LF:8
LH:8
BRF:2
BRH:2
end_of_record
TN:
SF:silo-core/test/foundry/leverage/mocks/WETH.sol
DA:9,39
FN:9,WETH.constructor
FNDA:39,WETH.constructor
DA:10,39
DA:13,42
FN:13,WETH.deposit
FNDA:42,WETH.deposit
DA:14,42
FNF:2
FNH:2
LF:4
LH:4
BRF:0
BRH:0
end_of_record
TN:
SF:silo-core/test/foundry/lib/FuncAsParam.t.sol
DA:7,2
FN:7,TestLib.add
FNDA:2,TestLib.add
DA:8,2
DA:11,0
FN:11,TestLib.sub
FNDA:0,TestLib.sub
DA:12,0
FNF:2
FNH:1
LF:4
LH:2
BRF:0
BRH:0
end_of_record
TN:
SF:silo-core/test/foundry/lib/Hook.t.sol
DA:9,5
FN:9,HookImpl.shareTokenTransfer
FNDA:5,HookImpl.shareTokenTransfer
DA:10,5
FNF:1
FNH:1
LF:2
LH:2
BRF:0
BRH:0
end_of_record
TN:
SF:silo-core/test/foundry/lib/SiloMathLib/MulDivOverflow.t.sol
DA:8,252
FN:8,MulDivOverflow.mulDiv
FNDA:252,MulDivOverflow.mulDiv
DA:9,252
FNF:1
FNH:1
LF:2
LH:2
BRF:0
BRH:0
end_of_record
TN:
SF:silo-core/test/foundry/lib/SiloSolvencyLib/IsBelowMaxLtv.t.sol
DA:13,12
FN:13,IsBelowMaxLtv.isBelowMaxLtv
FNDA:12,IsBelowMaxLtv.isBelowMaxLtv
DA:19,12
FNF:1
FNH:1
LF:2
LH:2
BRF:0
BRH:0
end_of_record
TN:
SF:silo-core/test/foundry/lib/SiloStdLib/GetTotalAssetsAndTotalSharesWithInterest.t.sol
DA:14,1
FN:14,SiloStdLibImpl.getTotalAssetsAndTotalSharesWithInterest
FNDA:1,SiloStdLibImpl.getTotalAssetsAndTotalSharesWithInterest
DA:15,0
DA:16,0
FNF:1
FNH:1
LF:3
LH:1
BRF:0
BRH:0
end_of_record
TN:
SF:silo-core/test/foundry/lib/TokenHelper.t.sol
DA:15,1
FN:15,MockTokenWithMetadata.constructor
FNDA:1,MockTokenWithMetadata.constructor
DA:16,1
DA:17,1
FNF:1
FNH:1
LF:3
LH:3
BRF:0
BRH:0
end_of_record
TN:
SF:silo-core/test/foundry/storage/StorageUpdateTest.t.sol
DA:18,0
FN:18,ConfigContract.callContract
FNDA:0,ConfigContract.callContract
DA:19,0
FNF:1
FNH:0
LF:2
LH:0
BRF:0
BRH:0
end_of_record
TN:
SF:silo-core/test/foundry/utils/CrossReentrancyGuard.t.sol
DA:9,1
FN:9,CrossReentrancyGuardImpl.onlySiloOrTokenOrHookReceiver
FNDA:1,CrossReentrancyGuardImpl.onlySiloOrTokenOrHookReceiver
DA:10,1
FNF:1
FNH:1
LF:2
LH:2
BRF:0
BRH:0
end_of_record
TN:
SF:silo-core/test/foundry/utils/hook-receivers/liquidation/lib/PartialLiquidationExecLib/GetExactLiquidationAmounts.t.sol
DA:39,3
FN:39,GetExactLiquidationAmountsHelper.constructor
FNDA:3,GetExactLiquidationAmountsHelper.constructor
DA:40,3
DA:41,3
DA:43,3
DA:44,3
DA:45,3
DA:46,3
DA:48,3
DA:49,3
DA:50,3
DA:51,3
DA:53,3
DA:56,4
FN:56,GetExactLiquidationAmountsHelper.getExactLiquidationAmounts
FNDA:4,GetExactLiquidationAmountsHelper.getExactLiquidationAmounts
DA:62,4
DA:63,4
DA:65,4
DA:66,4
DA:68,4
DA:74,4
DA:80,4
DA:82,4
DA:91,6
FN:91,GetExactLiquidationAmountsHelper._configs
FNDA:6,GetExactLiquidationAmountsHelper._configs
DA:96,6
DA:97,6
DA:98,6
DA:99,6
DA:100,6
DA:101,6
DA:103,6
DA:105,6
DA:106,6
DA:107,6
DA:108,6
DA:109,6
DA:110,6
FNF:3
FNH:3
LF:35
LH:35
BRF:0
BRH:0
end_of_record
TN:
SF:silo-core/test/foundry/utils/hook-receivers/liquidation/lib/PartialLiquidationLib/MaxRepayRawMath.sol
DA:11,123
FN:11,MaxRepayRawMath._estimateMaxRepayValueRaw
FNDA:123,MaxRepayRawMath._estimateMaxRepayValueRaw
DA:19,123
DA:20,123
BRDA:20,0,0,-
DA:22,123
DA:23,123
DA:25,123
BRDA:25,1,0,-
DA:27,123
DA:31,123
FNF:1
FNH:1
LF:8
LH:8
BRF:2
BRH:0
end_of_record
TN:
SF:silo-core/test/foundry/utils/hook-receivers/liquidation/lib/PartialLiquidationLib/PartialLiquidationLibChecked.sol
DA:32,0
FN:32,PartialLiquidationLibChecked.maxLiquidation
FNDA:0,PartialLiquidationLibChecked.maxLiquidation
DA:44,0
DA:46,0
DA:53,0
DA:59,0
BRDA:59,0,0,-
BRDA:59,0,1,-
DA:65,0
DA:67,0
DA:70,0
DA:76,29
FN:76,PartialLiquidationLibChecked.liquidationPreview
FNDA:29,PartialLiquidationLibChecked.liquidationPreview
DA:88,29
DA:89,29
DA:91,29
BRDA:91,1,0,-
BRDA:91,1,1,1
DA:93,0
DA:94,0
DA:96,29
DA:103,29
BRDA:103,2,0,27
BRDA:103,2,1,1
DA:105,27
DA:106,27
DA:109,2
DA:110,2
DA:111,2
DA:115,29
DA:119,29
DA:125,29
DA:133,33
FN:133,PartialLiquidationLibChecked.valueToAssetsByRatio
FNDA:33,PartialLiquidationLibChecked.valueToAssetsByRatio
DA:138,33
BRDA:138,3,0,-
BRDA:138,3,1,33
DA:140,33
DA:146,0
FN:146,PartialLiquidationLibChecked.calculateCollateralsToLiquidate
FNDA:0,PartialLiquidationLibChecked.calculateCollateralsToLiquidate
DA:152,0
DA:157,0
BRDA:157,4,0,-
DA:158,0
DA:162,0
DA:174,256
FN:174,PartialLiquidationLibChecked.maxLiquidationPreview
FNDA:256,PartialLiquidationLibChecked.maxLiquidationPreview
DA:180,256
DA:184,256
DA:192,285
FN:192,PartialLiquidationLibChecked.calculateCollateralToLiquidate
FNDA:285,PartialLiquidationLibChecked.calculateCollateralToLiquidate
DA:197,285
DA:199,285
DA:201,285
BRDA:201,5,0,123
DA:202,123
DA:216,285
FN:216,PartialLiquidationLibChecked.estimateMaxRepayValue
FNDA:285,PartialLiquidationLibChecked.estimateMaxRepayValue
DA:222,285
BRDA:222,6,0,3
DA:223,282
BRDA:223,7,0,-
DA:226,282
BRDA:226,8,0,123
DA:227,159
BRDA:227,9,0,8
DA:230,151
DA:232,151
DA:235,151
BRDA:235,10,0,26
DA:237,125
DA:241,125
DA:244,125
DA:248,125
DA:251,125
BRDA:251,11,0,-
DA:252,0
DA:255,125
DA:258,125
BRDA:258,12,0,-
DA:263,125
DA:270,0
FN:270,PartialLiquidationLibChecked.splitReceiveCollateralToLiquidate
FNDA:0,PartialLiquidationLibChecked.splitReceiveCollateralToLiquidate
DA:275,0
BRDA:275,13,0,-
DA:278,0
DA:288,29
FN:288,PartialLiquidationLibChecked._calculateLtvAfter
FNDA:29,PartialLiquidationLibChecked._calculateLtvAfter
DA:298,29
BRDA:298,14,0,27
DA:299,27
DA:303,2
DA:311,2
FN:311,PartialLiquidationLibChecked._ltvAfter
FNDA:2,PartialLiquidationLibChecked._ltvAfter
DA:313,2
DA:314,2
FNF:10
FNH:7
LF:67
LH:48
BRF:19
BRH:10
end_of_record
TN:
SF:silo-core/test/foundry/utils/hook-receivers/pendle-rewards-claimer/PendleRewardsClaimerHarness.sol
DA:7,109
FN:7,PendleRewardsClaimerHarness.resetTransientRewardsClaimed
FNDA:109,PendleRewardsClaimerHarness.resetTransientRewardsClaimed
DA:8,109
FNF:1
FNH:1
LF:2
LH:2
BRF:0
BRH:0
end_of_record
TN:
SF:silo-core/test/foundry/utils/liquidationHelper/LiquidationHelperCommon.sol
DA:32,2
FN:32,LiquidationHelperCommon.constructor
FNDA:2,LiquidationHelperCommon.constructor
DA:33,2
DA:38,2
FN:38,LiquidationHelperCommon._executeLiquidation
FNDA:2,LiquidationHelperCommon._executeLiquidation
DA:41,2
DA:46,0
FN:46,LiquidationHelperCommon._assertAddressDoesNotHaveTokens
FNDA:0,LiquidationHelperCommon._assertAddressDoesNotHaveTokens
DA:47,0
DA:48,0
DA:50,0
DA:51,0
DA:54,0
FN:54,LiquidationHelperCommon._assertAddressHasSTokens
FNDA:0,LiquidationHelperCommon._assertAddressHasSTokens
DA:55,0
DA:57,0
DA:58,0
DA:60,0
DA:63,4
FN:63,LiquidationHelperCommon._assertAddressHasNoSTokens
FNDA:4,LiquidationHelperCommon._assertAddressHasNoSTokens
DA:64,4
DA:66,4
DA:68,4
DA:69,4
DA:70,4
DA:72,4
DA:73,4
DA:74,4
FNF:5
FNH:3
LF:23
LH:13
BRF:0
BRH:0
end_of_record
TN:
SF:silo-core/test/foundry/utils/liquidationHelper/ManualLiquidationHelperCommon.sol
DA:28,5
FN:28,ManualLiquidationHelperCommon.constructor
FNDA:5,ManualLiquidationHelperCommon.constructor
DA:29,5
DA:32,90
FN:32,ManualLiquidationHelperCommon._executeLiquidation
FNDA:90,ManualLiquidationHelperCommon._executeLiquidation
DA:33,90
DA:36,1210
FN:36,ManualLiquidationHelperCommon._tokenReceiver
FNDA:1210,ManualLiquidationHelperCommon._tokenReceiver
DA:37,1210
DA:40,6
FN:40,ManualLiquidationHelperCommon._assertAddressDoesNotHaveTokens
FNDA:6,ManualLiquidationHelperCommon._assertAddressDoesNotHaveTokens
DA:41,6
DA:42,6
DA:44,6
DA:45,6
DA:48,84
FN:48,ManualLiquidationHelperCommon._assertAddressHasSTokens
FNDA:84,ManualLiquidationHelperCommon._assertAddressHasSTokens
DA:49,84
DA:51,84
DA:52,84
DA:54,84
DA:57,528
FN:57,ManualLiquidationHelperCommon._assertAddressHasNoSTokens
FNDA:528,ManualLiquidationHelperCommon._assertAddressHasNoSTokens
DA:58,528
DA:60,528
DA:62,528
DA:63,528
DA:64,528
DA:66,528
DA:67,528
DA:68,528
FNF:6
FNH:6
LF:25
LH:25
BRF:0
BRH:0
end_of_record
TN:
SF:silo-core/test/foundry/utils/liquidationHelper/ManualLiquidationHelper_2tokens_receiver.i.sol
DA:14,84
FN:14,ManualLiquidationHelper2TokensReceiverTest._executeLiquidation
FNDA:84,ManualLiquidationHelper2TokensReceiverTest._executeLiquidation
DA:15,84
DA:18,589
FN:18,ManualLiquidationHelper2TokensReceiverTest._tokenReceiver
FNDA:589,ManualLiquidationHelper2TokensReceiverTest._tokenReceiver
DA:19,589
FNF:2
FNH:2
LF:4
LH:4
BRF:0
BRH:0
end_of_record
TN:
SF:silo-oracles/contracts/_common/Layer1OracleConfig.sol
DA:23,0
FN:23,Layer1OracleConfig.constructor
FNDA:0,Layer1OracleConfig.constructor
DA:30,0
DA:31,0
DA:33,0
DA:34,0
DA:36,0
FNF:1
FNH:0
LF:6
LH:0
BRF:0
BRH:0
end_of_record
TN:
SF:silo-oracles/contracts/chainlinkV3/ChainlinkV3Oracle.sol
DA:17,0
FN:17,ChainlinkV3Oracle.constructor
FNDA:0,ChainlinkV3Oracle.constructor
DA:18,0
DA:23,0
FN:23,ChainlinkV3Oracle.initialize
FNDA:0,ChainlinkV3Oracle.initialize
DA:24,0
DA:25,0
DA:29,0
FN:29,ChainlinkV3Oracle.quote
FNDA:0,ChainlinkV3Oracle.quote
DA:30,0
DA:32,0
BRDA:32,0,0,-
DA:33,0
BRDA:33,1,0,-
DA:35,0
DA:36,0
BRDA:36,2,0,-
DA:38,0
BRDA:38,3,0,-
DA:39,0
DA:43,0
BRDA:43,4,0,-
DA:44,0
DA:47,0
DA:50,0
DA:52,0
BRDA:52,5,0,-
DA:54,0
DA:63,0
BRDA:63,6,0,-
DA:64,0
DA:68,0
FN:68,ChainlinkV3Oracle.getAggregatorPrice
FNDA:0,ChainlinkV3Oracle.getAggregatorPrice
DA:69,0
DA:71,0
DA:77,0
FN:77,ChainlinkV3Oracle.quoteToken
FNDA:0,ChainlinkV3Oracle.quoteToken
DA:78,0
DA:79,0
DA:82,0
FN:82,ChainlinkV3Oracle.beforeQuote
FNDA:0,ChainlinkV3Oracle.beforeQuote
DA:86,0
FN:86,ChainlinkV3Oracle._getAggregatorPrice
FNDA:0,ChainlinkV3Oracle._getAggregatorPrice
DA:92,0
DA:98,0
DA:100,0
BRDA:100,7,0,-
DA:101,0
DA:104,0
FNF:7
FNH:0
LF:34
LH:0
BRF:8
BRH:0
end_of_record
TN:
SF:silo-oracles/contracts/chainlinkV3/ChainlinkV3OracleConfig.sol
DA:28,0
FN:28,ChainlinkV3OracleConfig.constructor
FNDA:0,ChainlinkV3OracleConfig.constructor
DA:37,0
DA:38,0
DA:39,0
DA:40,0
DA:41,0
DA:44,0
FN:44,ChainlinkV3OracleConfig.getConfig
FNDA:0,ChainlinkV3OracleConfig.getConfig
DA:45,0
DA:46,0
DA:47,0
DA:48,0
DA:49,0
DA:50,0
DA:51,0
DA:52,0
DA:53,0
DA:54,0
FNF:2
FNH:0
LF:17
LH:0
BRF:0
BRH:0
end_of_record
TN:
SF:silo-oracles/contracts/custom/wrappedMetaVaultOracle/WrappedMetaVaultOracleAdapter.sol
DA:21,0
FN:21,WrappedMetaVaultOracleAdapter.constructor
FNDA:0,WrappedMetaVaultOracleAdapter.constructor
DA:22,0
BRDA:22,0,0,-
DA:23,0
DA:26,0
DA:27,0
DA:31,0
FN:31,WrappedMetaVaultOracleAdapter.latestRoundData
FNDA:0,WrappedMetaVaultOracleAdapter.latestRoundData
DA:43,0
DA:44,0
DA:45,0
DA:46,0
DA:47,0
DA:51,0
FN:51,WrappedMetaVaultOracleAdapter.decimals
FNDA:0,WrappedMetaVaultOracleAdapter.decimals
DA:52,0
DA:56,0
FN:56,WrappedMetaVaultOracleAdapter.description
FNDA:0,WrappedMetaVaultOracleAdapter.description
DA:57,0
DA:64,0
FN:64,WrappedMetaVaultOracleAdapter.version
FNDA:0,WrappedMetaVaultOracleAdapter.version
DA:65,0
DA:69,0
FN:69,WrappedMetaVaultOracleAdapter.getRoundData
FNDA:0,WrappedMetaVaultOracleAdapter.getRoundData
DA:70,0
FNF:6
FNH:0
LF:19
LH:0
BRF:1
BRH:0
end_of_record
TN:
SF:silo-oracles/contracts/dia/DIAOracle.sol
DA:25,0
FN:25,DIAOracle.constructor
FNDA:0,DIAOracle.constructor
DA:26,0
DA:31,0
FN:31,DIAOracle.initialize
FNDA:0,DIAOracle.initialize
DA:40,0
DA:42,0
DA:43,0
DA:45,0
DA:49,0
FN:49,DIAOracle.quote
FNDA:0,DIAOracle.quote
DA:50,0
DA:51,0
DA:53,0
BRDA:53,0,0,-
DA:54,0
BRDA:54,1,0,-
DA:56,0
DA:59,0
DA:61,0
BRDA:61,2,0,-
DA:63,0
BRDA:63,3,0,-
DA:64,0
DA:68,0
BRDA:68,4,0,-
DA:69,0
DA:72,0
DA:74,0
DA:76,0
BRDA:76,5,0,-
DA:78,0
DA:87,0
BRDA:87,6,0,-
DA:91,0
FN:91,DIAOracle.quoteToken
FNDA:0,DIAOracle.quoteToken
DA:92,0
DA:93,0
DA:96,0
FN:96,DIAOracle.beforeQuote
FNDA:0,DIAOracle.beforeQuote
DA:104,0
FN:104,DIAOracle.getPriceForKey
FNDA:0,DIAOracle.getPriceForKey
DA:110,0
DA:111,0
DA:112,0
BRDA:112,7,0,-
DA:116,0
FNF:6
FNH:0
LF:33
LH:0
BRF:8
BRH:0
end_of_record
TN:
SF:silo-oracles/contracts/dia/DIAOracleConfig.sol
DA:24,0
FN:24,DIAOracleConfig.constructor
FNDA:0,DIAOracleConfig.constructor
DA:33,0
DA:34,0
DA:35,0
DA:38,0
FN:38,DIAOracleConfig.getConfig
FNDA:0,DIAOracleConfig.getConfig
DA:39,0
DA:40,0
DA:41,0
DA:42,0
DA:43,0
DA:44,0
DA:45,0
DA:46,0
FNF:2
FNH:0
LF:13
LH:0
BRF:0
BRH:0
end_of_record
TN:
SF:silo-oracles/contracts/lib/OracleNormalization.sol
DA:44,0
FN:44,OracleNormalization.normalizePrice
FNDA:0,OracleNormalization.normalizePrice
DA:54,0
BRDA:54,0,0,-
DA:59,0
DA:62,0
DA:64,0
DA:66,0
DA:78,0
FN:78,OracleNormalization.normalizePrices
FNDA:0,OracleNormalization.normalizePrices
DA:94,0
DA:96,0
BRDA:96,1,0,-
DA:97,0
DA:99,0
DA:100,0
DA:103,0
DA:104,0
FNF:2
FNH:0
LF:14
LH:0
BRF:2
BRH:0
end_of_record
TN:
SF:silo-oracles/contracts/pendle/PendlePTOracle.sol
DA:49,0
FN:49,PendlePTOracle.constructor
FNDA:0,PendlePTOracle.constructor
DA:54,0
DA:55,0
DA:56,0
DA:58,0
DA:59,0
DA:61,0
BRDA:61,0,0,-
BRDA:61,0,1,-
DA:62,0
BRDA:62,1,0,-
BRDA:62,1,1,-
DA:64,0
DA:65,0
BRDA:65,2,0,-
BRDA:65,2,1,-
DA:67,0
DA:68,0
DA:69,0
DA:70,0
DA:71,0
DA:73,0
DA:77,0
FN:77,PendlePTOracle.beforeQuote
FNDA:0,PendlePTOracle.beforeQuote
DA:80,0
FN:80,PendlePTOracle.quote
FNDA:0,PendlePTOracle.quote
DA:81,0
BRDA:81,3,0,-
BRDA:81,3,1,-
DA:82,0
DA:87,0
BRDA:87,4,0,-
BRDA:87,4,1,-
DA:88,0
DA:89,0
DA:91,0
DA:92,0
DA:95,0
BRDA:95,5,0,-
BRDA:95,5,1,-
DA:99,0
FN:99,PendlePTOracle.quoteToken
FNDA:0,PendlePTOracle.quoteToken
DA:100,0
DA:103,0
FN:103,PendlePTOracle.getPtToken
FNDA:0,PendlePTOracle.getPtToken
DA:104,0
DA:107,0
FN:107,PendlePTOracle.getPtUnderlyingToken
FNDA:0,PendlePTOracle.getPtUnderlyingToken
DA:108,0
DA:109,0
FNF:6
FNH:0
LF:33
LH:0
BRF:12
BRH:0
end_of_record
TN:
SF:silo-oracles/contracts/pendle/PendlePTToAssetOracle.sol
DA:56,0
FN:56,PendlePTToAssetOracle.constructor
FNDA:0,PendlePTToAssetOracle.constructor
DA:61,0
DA:62,0
DA:63,0
DA:65,0
DA:66,0
DA:68,0
BRDA:68,0,0,-
BRDA:68,0,1,-
DA:69,0
BRDA:69,1,0,-
BRDA:69,1,1,-
DA:71,0
DA:72,0
BRDA:72,2,0,-
BRDA:72,2,1,-
DA:74,0
DA:75,0
DA:76,0
DA:77,0
DA:78,0
DA:80,0
DA:84,0
FN:84,PendlePTToAssetOracle.beforeQuote
FNDA:0,PendlePTToAssetOracle.beforeQuote
DA:87,0
FN:87,PendlePTToAssetOracle.quote
FNDA:0,PendlePTToAssetOracle.quote
DA:88,0
BRDA:88,3,0,-
BRDA:88,3,1,-
DA:89,0
DA:94,0
BRDA:94,4,0,-
BRDA:94,4,1,-
DA:95,0
DA:96,0
DA:98,0
DA:99,0
DA:102,0
BRDA:102,5,0,-
BRDA:102,5,1,-
DA:106,0
FN:106,PendlePTToAssetOracle.quoteToken
FNDA:0,PendlePTToAssetOracle.quoteToken
DA:107,0
DA:111,0
FN:111,PendlePTToAssetOracle.baseToken
FNDA:0,PendlePTToAssetOracle.baseToken
DA:112,0
DA:115,0
FN:115,PendlePTToAssetOracle.getPtToken
FNDA:0,PendlePTToAssetOracle.getPtToken
DA:116,0
DA:119,0
FN:119,PendlePTToAssetOracle.getSyUnderlyingToken
FNDA:0,PendlePTToAssetOracle.getSyUnderlyingToken
DA:120,0
DA:121,0
FNF:7
FNH:0
LF:35
LH:0
BRF:12
BRH:0
end_of_record
TN:
SF:silo-oracles/contracts/pendle/lp-tokens/PendleLPTOracle.sol
DA:43,0
FN:43,PendleLPTOracle.constructor
FNDA:0,PendleLPTOracle.constructor
DA:44,0
DA:46,0
DA:48,0
DA:49,0
DA:51,0
BRDA:51,0,0,-
BRDA:51,0,1,-
DA:52,0
BRDA:52,1,0,-
BRDA:52,1,1,-
DA:53,0
BRDA:53,2,0,-
BRDA:53,2,1,-
DA:55,0
DA:56,0
BRDA:56,3,0,-
BRDA:56,3,1,-
DA:58,0
DA:59,0
DA:61,0
DA:68,0
FN:68,PendleLPTOracle.beforeQuote
FNDA:0,PendleLPTOracle.beforeQuote
DA:71,0
FN:71,PendleLPTOracle.quote
FNDA:0,PendleLPTOracle.quote
DA:72,0
BRDA:72,4,0,-
BRDA:72,4,1,-
DA:74,0
DA:75,0
DA:77,0
BRDA:77,5,0,-
BRDA:77,5,1,-
DA:81,0
FN:81,PendleLPTOracle.quoteToken
FNDA:0,PendleLPTOracle.quoteToken
DA:82,0
DA:85,0
FN:85,PendleLPTOracle._getBaseToken
FNDA:0,PendleLPTOracle._getBaseToken
DA:86,0
DA:89,0
FN:89,PendleLPTOracle._getRateLpToUnderlying
FNDA:0,PendleLPTOracle._getRateLpToUnderlying
DA:90,0
FN:90,PendleLPTOracle._getUnderlyingToken
FNDA:0,PendleLPTOracle._getUnderlyingToken
FNF:7
FNH:0
LF:25
LH:0
BRF:12
BRH:0
end_of_record
TN:
SF:silo-oracles/contracts/uniswapV3/UniswapV3OracleConfig.sol
DA:32,0
FN:32,UniswapV3OracleConfig.constructor
FNDA:0,UniswapV3OracleConfig.constructor
DA:36,0
DA:37,0
DA:38,0
DA:39,0
DA:40,0
DA:41,0
DA:44,0
FN:44,UniswapV3OracleConfig.getConfig
FNDA:0,UniswapV3OracleConfig.getConfig
DA:45,0
DA:46,0
DA:47,0
DA:48,0
DA:49,0
FNF:2
FNH:0
LF:13
LH:0
BRF:0
BRH:0
end_of_record
TN:
SF:silo-oracles/deploy/OraclesDeployments.sol
DA:16,17
FN:16,OraclesDeployments.save
FNDA:17,OraclesDeployments.save
DA:21,17
DA:29,23
FN:29,OraclesDeployments.get
FNDA:23,OraclesDeployments.get
DA:30,23
DA:32,23
BRDA:32,0,0,4
DA:33,4
DA:36,19
FNF:2
FNH:2
LF:7
LH:7
BRF:1
BRH:1
end_of_record
TN:
SF:silo-oracles/deploy/SiloOraclesFactoriesContracts.sol
DA:29,4
FN:29,SiloOraclesFactoriesDeployments.get
FNDA:4,SiloOraclesFactoriesDeployments.get
DA:30,4
FNF:1
FNH:1
LF:2
LH:2
BRF:0
BRH:0
end_of_record
TN:
SF:silo-oracles/deploy/chainlink-v3-oracle/ChainlinkV3OraclesConfigsParser.sol
DA:17,0
FN:17,ChainlinkV3OraclesConfigsParser.getConfig
FNDA:0,ChainlinkV3OraclesConfigsParser.getConfig
DA:24,0
DA:26,0
DA:27,0
DA:28,0
DA:29,0
DA:32,0
DA:33,0
BRDA:33,0,0,-
BRDA:33,0,1,-
DA:34,0
DA:36,0
DA:37,0
BRDA:37,1,0,-
BRDA:37,1,1,-
DA:38,0
DA:41,0
DA:42,0
DA:43,0
DA:45,0
BRDA:45,2,0,-
BRDA:45,2,1,-
DA:46,0
BRDA:46,3,0,-
BRDA:46,3,1,-
DA:47,0
BRDA:47,4,0,-
BRDA:47,4,1,-
DA:49,0
DA:51,0
BRDA:51,5,0,-
DA:52,0
DA:55,0
DA:56,0
DA:57,0
DA:58,0
DA:61,0
FN:61,ChainlinkV3OraclesConfigsParser.configFile
FNDA:0,ChainlinkV3OraclesConfigsParser.configFile
DA:62,0
FNF:2
FNH:0
LF:27
LH:0
BRF:11
BRH:0
end_of_record
TN:
SF:silo-oracles/deploy/dia-oracle/DIAOraclesConfigsParser.sol
DA:17,0
FN:17,DIAOraclesConfigsParser.getConfig
FNDA:0,DIAOraclesConfigsParser.getConfig
DA:24,0
DA:26,0
DA:27,0
DA:28,0
DA:29,0
DA:30,0
DA:31,0
DA:32,0
DA:33,0
DA:34,0
DA:36,0
BRDA:36,0,0,-
BRDA:36,0,1,-
DA:37,0
BRDA:37,1,0,-
BRDA:37,1,1,-
DA:38,0
BRDA:38,2,0,-
BRDA:38,2,1,-
DA:39,0
BRDA:39,3,0,-
BRDA:39,3,1,-
DA:41,0
BRDA:41,4,0,-
DA:42,0
DA:45,0
DA:58,0
FN:58,DIAOraclesConfigsParser.configFile
FNDA:0,DIAOraclesConfigsParser.configFile
DA:59,0
FNF:2
FNH:0
LF:20
LH:0
BRF:9
BRH:0
end_of_record
TN:
SF:silo-oracles/deploy/uniswap-v3-oracle/UniswapV3OraclesConfigsParser.sol
DA:15,4
FN:15,UniswapV3OraclesConfigsParser.getConfig
FNDA:4,UniswapV3OraclesConfigsParser.getConfig
DA:22,4
DA:24,4
DA:25,4
DA:26,4
DA:27,4
DA:28,4
DA:30,4
BRDA:30,0,0,-
BRDA:30,0,1,4
DA:31,4
BRDA:31,1,0,-
BRDA:31,1,1,4
DA:33,4
DA:42,8
FN:42,UniswapV3OraclesConfigsParser.configFile
FNDA:8,UniswapV3OraclesConfigsParser.configFile
DA:43,8
FNF:2
FNH:2
LF:12
LH:12
BRF:4
BRH:2
end_of_record
